CRITICAL - 2022-02-01 05:53:39 --> Undefined index: nama_lengkap
#0 C:\laragon\www\taxi-sharing-2020\app\Views\admin\orderan\views.php(82): CodeIgniter\Debug\Exceptions->errorHandler(8, 'Undefined index...', 'C:\\laragon\\www\\...', 82, Array)
#1 C:\laragon\www\taxi-sharing-2020\vendor\codeigniter4\framework\system\View\View.php(214): include('C:\\laragon\\www\\...')
#2 C:\laragon\www\taxi-sharing-2020\vendor\codeigniter4\framework\system\View\View.php(217): CodeIgniter\View\View->CodeIgniter\View\{closure}()
#3 C:\laragon\www\taxi-sharing-2020\vendor\codeigniter4\framework\system\Common.php(1092): CodeIgniter\View\View->render('admin/orderan/v...', Array, true)
#4 C:\laragon\www\taxi-sharing-2020\app\Controllers\Admin\Orderan.php(47): view('admin/orderan/v...', Array)
#5 C:\laragon\www\taxi-sharing-2020\vendor\codeigniter4\framework\system\CodeIgniter.php(802): App\Controllers\Admin\Orderan->index()
#6 C:\laragon\www\taxi-sharing-2020\vendor\codeigniter4\framework\system\CodeIgniter.php(399): CodeIgniter\CodeIgniter->runController(Object(App\Controllers\Admin\Orderan))
#7 C:\laragon\www\taxi-sharing-2020\vendor\codeigniter4\framework\system\CodeIgniter.php(317): CodeIgniter\CodeIgniter->handleRequest(NULL, Object(Config\Cache), false)
#8 C:\laragon\www\taxi-sharing-2020\public\index.php(37): CodeIgniter\CodeIgniter->run()
#9 C:\laragon\www\taxi-sharing-2020\vendor\codeigniter4\framework\system\Commands\Server\rewrite.php(43): require_once('C:\\laragon\\www\\...')
#10 {main}
CRITICAL - 2022-02-01 06:04:16 --> Too few arguments to function rupiah(), 1 passed in C:\laragon\www\taxi-sharing-2020\app\Views\admin\dashboard\views.php on line 71 and exactly 2 expected
#0 C:\laragon\www\taxi-sharing-2020\app\Views\admin\dashboard\views.php(71): rupiah('4000')
#1 C:\laragon\www\taxi-sharing-2020\vendor\codeigniter4\framework\system\View\View.php(214): include('C:\\laragon\\www\\...')
#2 C:\laragon\www\taxi-sharing-2020\vendor\codeigniter4\framework\system\View\View.php(217): CodeIgniter\View\View->CodeIgniter\View\{closure}()
#3 C:\laragon\www\taxi-sharing-2020\vendor\codeigniter4\framework\system\Common.php(1092): CodeIgniter\View\View->render('admin/dashboard...', Array, true)
#4 C:\laragon\www\taxi-sharing-2020\app\Controllers\Admin\Dashboard.php(57): view('admin/dashboard...', Array)
#5 C:\laragon\www\taxi-sharing-2020\vendor\codeigniter4\framework\system\CodeIgniter.php(802): App\Controllers\Admin\Dashboard->index()
#6 C:\laragon\www\taxi-sharing-2020\vendor\codeigniter4\framework\system\CodeIgniter.php(399): CodeIgniter\CodeIgniter->runController(Object(App\Controllers\Admin\Dashboard))
#7 C:\laragon\www\taxi-sharing-2020\vendor\codeigniter4\framework\system\CodeIgniter.php(317): CodeIgniter\CodeIgniter->handleRequest(NULL, Object(Config\Cache), false)
#8 C:\laragon\www\taxi-sharing-2020\public\index.php(37): CodeIgniter\CodeIgniter->run()
#9 C:\laragon\www\taxi-sharing-2020\vendor\codeigniter4\framework\system\Commands\Server\rewrite.php(43): require_once('C:\\laragon\\www\\...')
#10 {main}
CRITICAL - 2022-02-01 06:57:31 --> Undefined variable: pengantaran
#0 C:\laragon\www\taxi-sharing-2020\app\Views\admin\dashboard\views.php(380): CodeIgniter\Debug\Exceptions->errorHandler(8, 'Undefined varia...', 'C:\\laragon\\www\\...', 380, Array)
#1 C:\laragon\www\taxi-sharing-2020\vendor\codeigniter4\framework\system\View\View.php(214): include('C:\\laragon\\www\\...')
#2 C:\laragon\www\taxi-sharing-2020\vendor\codeigniter4\framework\system\View\View.php(217): CodeIgniter\View\View->CodeIgniter\View\{closure}()
#3 C:\laragon\www\taxi-sharing-2020\vendor\codeigniter4\framework\system\Common.php(1092): CodeIgniter\View\View->render('admin/dashboard...', Array, true)
#4 C:\laragon\www\taxi-sharing-2020\app\Controllers\Admin\Dashboard.php(57): view('admin/dashboard...', Array)
#5 C:\laragon\www\taxi-sharing-2020\vendor\codeigniter4\framework\system\CodeIgniter.php(802): App\Controllers\Admin\Dashboard->index()
#6 C:\laragon\www\taxi-sharing-2020\vendor\codeigniter4\framework\system\CodeIgniter.php(399): CodeIgniter\CodeIgniter->runController(Object(App\Controllers\Admin\Dashboard))
#7 C:\laragon\www\taxi-sharing-2020\vendor\codeigniter4\framework\system\CodeIgniter.php(317): CodeIgniter\CodeIgniter->handleRequest(NULL, Object(Config\Cache), false)
#8 C:\laragon\www\taxi-sharing-2020\public\index.php(37): CodeIgniter\CodeIgniter->run()
#9 C:\laragon\www\taxi-sharing-2020\vendor\codeigniter4\framework\system\Commands\Server\rewrite.php(43): require_once('C:\\laragon\\www\\...')
#10 {main}
ERROR - 2022-02-01 06:59:04 --> Unknown column 'status' in 'where clause'
CRITICAL - 2022-02-01 06:59:04 --> Unknown column 'status' in 'where clause'
#0 C:\laragon\www\taxi-sharing-2020\vendor\codeigniter4\framework\system\Database\MySQLi\Connection.php(280): mysqli->query('SELECT * FROM t...')
#1 C:\laragon\www\taxi-sharing-2020\vendor\codeigniter4\framework\system\Database\BaseConnection.php(663): CodeIgniter\Database\MySQLi\Connection->execute('SELECT * FROM t...')
#2 C:\laragon\www\taxi-sharing-2020\vendor\codeigniter4\framework\system\Database\BaseConnection.php(591): CodeIgniter\Database\BaseConnection->simpleQuery('SELECT * FROM t...')
#3 C:\laragon\www\taxi-sharing-2020\app\Views\admin\dashboard\views.php(380): CodeIgniter\Database\BaseConnection->query('SELECT * FROM t...')
#4 C:\laragon\www\taxi-sharing-2020\vendor\codeigniter4\framework\system\View\View.php(214): include('C:\\laragon\\www\\...')
#5 C:\laragon\www\taxi-sharing-2020\vendor\codeigniter4\framework\system\View\View.php(217): CodeIgniter\View\View->CodeIgniter\View\{closure}()
#6 C:\laragon\www\taxi-sharing-2020\vendor\codeigniter4\framework\system\Common.php(1092): CodeIgniter\View\View->render('admin/dashboard...', Array, true)
#7 C:\laragon\www\taxi-sharing-2020\app\Controllers\Admin\Dashboard.php(57): view('admin/dashboard...', Array)
#8 C:\laragon\www\taxi-sharing-2020\vendor\codeigniter4\framework\system\CodeIgniter.php(802): App\Controllers\Admin\Dashboard->index()
#9 C:\laragon\www\taxi-sharing-2020\vendor\codeigniter4\framework\system\CodeIgniter.php(399): CodeIgniter\CodeIgniter->runController(Object(App\Controllers\Admin\Dashboard))
#10 C:\laragon\www\taxi-sharing-2020\vendor\codeigniter4\framework\system\CodeIgniter.php(317): CodeIgniter\CodeIgniter->handleRequest(NULL, Object(Config\Cache), false)
#11 C:\laragon\www\taxi-sharing-2020\public\index.php(37): CodeIgniter\CodeIgniter->run()
#12 C:\laragon\www\taxi-sharing-2020\vendor\codeigniter4\framework\system\Commands\Server\rewrite.php(43): require_once('C:\\laragon\\www\\...')
#13 {main}
ERROR - 2022-02-01 06:59:19 --> Unknown column 'status' in 'where clause'
CRITICAL - 2022-02-01 06:59:19 --> Unknown column 'status' in 'where clause'
#0 C:\laragon\www\taxi-sharing-2020\vendor\codeigniter4\framework\system\Database\MySQLi\Connection.php(280): mysqli->query('SELECT * FROM t...')
#1 C:\laragon\www\taxi-sharing-2020\vendor\codeigniter4\framework\system\Database\BaseConnection.php(663): CodeIgniter\Database\MySQLi\Connection->execute('SELECT * FROM t...')
#2 C:\laragon\www\taxi-sharing-2020\vendor\codeigniter4\framework\system\Database\BaseConnection.php(591): CodeIgniter\Database\BaseConnection->simpleQuery('SELECT * FROM t...')
#3 C:\laragon\www\taxi-sharing-2020\app\Views\admin\dashboard\views.php(380): CodeIgniter\Database\BaseConnection->query('SELECT * FROM t...')
#4 C:\laragon\www\taxi-sharing-2020\vendor\codeigniter4\framework\system\View\View.php(214): include('C:\\laragon\\www\\...')
#5 C:\laragon\www\taxi-sharing-2020\vendor\codeigniter4\framework\system\View\View.php(217): CodeIgniter\View\View->CodeIgniter\View\{closure}()
#6 C:\laragon\www\taxi-sharing-2020\vendor\codeigniter4\framework\system\Common.php(1092): CodeIgniter\View\View->render('admin/dashboard...', Array, true)
#7 C:\laragon\www\taxi-sharing-2020\app\Controllers\Admin\Dashboard.php(57): view('admin/dashboard...', Array)
#8 C:\laragon\www\taxi-sharing-2020\vendor\codeigniter4\framework\system\CodeIgniter.php(802): App\Controllers\Admin\Dashboard->index()
#9 C:\laragon\www\taxi-sharing-2020\vendor\codeigniter4\framework\system\CodeIgniter.php(399): CodeIgniter\CodeIgniter->runController(Object(App\Controllers\Admin\Dashboard))
#10 C:\laragon\www\taxi-sharing-2020\vendor\codeigniter4\framework\system\CodeIgniter.php(317): CodeIgniter\CodeIgniter->handleRequest(NULL, Object(Config\Cache), false)
#11 C:\laragon\www\taxi-sharing-2020\public\index.php(37): CodeIgniter\CodeIgniter->run()
#12 C:\laragon\www\taxi-sharing-2020\vendor\codeigniter4\framework\system\Commands\Server\rewrite.php(43): require_once('C:\\laragon\\www\\...')
#13 {main}
ERROR - 2022-02-01 06:59:20 --> Unknown column 'status' in 'where clause'
CRITICAL - 2022-02-01 06:59:20 --> Unknown column 'status' in 'where clause'
#0 C:\laragon\www\taxi-sharing-2020\vendor\codeigniter4\framework\system\Database\MySQLi\Connection.php(280): mysqli->query('SELECT * FROM t...')
#1 C:\laragon\www\taxi-sharing-2020\vendor\codeigniter4\framework\system\Database\BaseConnection.php(663): CodeIgniter\Database\MySQLi\Connection->execute('SELECT * FROM t...')
#2 C:\laragon\www\taxi-sharing-2020\vendor\codeigniter4\framework\system\Database\BaseConnection.php(591): CodeIgniter\Database\BaseConnection->simpleQuery('SELECT * FROM t...')
#3 C:\laragon\www\taxi-sharing-2020\app\Views\admin\dashboard\views.php(380): CodeIgniter\Database\BaseConnection->query('SELECT * FROM t...')
#4 C:\laragon\www\taxi-sharing-2020\vendor\codeigniter4\framework\system\View\View.php(214): include('C:\\laragon\\www\\...')
#5 C:\laragon\www\taxi-sharing-2020\vendor\codeigniter4\framework\system\View\View.php(217): CodeIgniter\View\View->CodeIgniter\View\{closure}()
#6 C:\laragon\www\taxi-sharing-2020\vendor\codeigniter4\framework\system\Common.php(1092): CodeIgniter\View\View->render('admin/dashboard...', Array, true)
#7 C:\laragon\www\taxi-sharing-2020\app\Controllers\Admin\Dashboard.php(57): view('admin/dashboard...', Array)
#8 C:\laragon\www\taxi-sharing-2020\vendor\codeigniter4\framework\system\CodeIgniter.php(802): App\Controllers\Admin\Dashboard->index()
#9 C:\laragon\www\taxi-sharing-2020\vendor\codeigniter4\framework\system\CodeIgniter.php(399): CodeIgniter\CodeIgniter->runController(Object(App\Controllers\Admin\Dashboard))
#10 C:\laragon\www\taxi-sharing-2020\vendor\codeigniter4\framework\system\CodeIgniter.php(317): CodeIgniter\CodeIgniter->handleRequest(NULL, Object(Config\Cache), false)
#11 C:\laragon\www\taxi-sharing-2020\public\index.php(37): CodeIgniter\CodeIgniter->run()
#12 C:\laragon\www\taxi-sharing-2020\vendor\codeigniter4\framework\system\Commands\Server\rewrite.php(43): require_once('C:\\laragon\\www\\...')
#13 {main}
CRITICAL - 2022-02-01 06:59:38 --> Undefined variable: user_latitude
#0 C:\laragon\www\taxi-sharing-2020\app\Views\admin\dashboard\views.php(394): CodeIgniter\Debug\Exceptions->errorHandler(8, 'Undefined varia...', 'C:\\laragon\\www\\...', 394, Array)
#1 C:\laragon\www\taxi-sharing-2020\vendor\codeigniter4\framework\system\View\View.php(214): include('C:\\laragon\\www\\...')
#2 C:\laragon\www\taxi-sharing-2020\vendor\codeigniter4\framework\system\View\View.php(217): CodeIgniter\View\View->CodeIgniter\View\{closure}()
#3 C:\laragon\www\taxi-sharing-2020\vendor\codeigniter4\framework\system\Common.php(1092): CodeIgniter\View\View->render('admin/dashboard...', Array, true)
#4 C:\laragon\www\taxi-sharing-2020\app\Controllers\Admin\Dashboard.php(57): view('admin/dashboard...', Array)
#5 C:\laragon\www\taxi-sharing-2020\vendor\codeigniter4\framework\system\CodeIgniter.php(802): App\Controllers\Admin\Dashboard->index()
#6 C:\laragon\www\taxi-sharing-2020\vendor\codeigniter4\framework\system\CodeIgniter.php(399): CodeIgniter\CodeIgniter->runController(Object(App\Controllers\Admin\Dashboard))
#7 C:\laragon\www\taxi-sharing-2020\vendor\codeigniter4\framework\system\CodeIgniter.php(317): CodeIgniter\CodeIgniter->handleRequest(NULL, Object(Config\Cache), false)
#8 C:\laragon\www\taxi-sharing-2020\public\index.php(37): CodeIgniter\CodeIgniter->run()
#9 C:\laragon\www\taxi-sharing-2020\vendor\codeigniter4\framework\system\Commands\Server\rewrite.php(43): require_once('C:\\laragon\\www\\...')
#10 {main}
CRITICAL - 2022-02-01 06:59:39 --> Undefined variable: user_latitude
#0 C:\laragon\www\taxi-sharing-2020\app\Views\admin\dashboard\views.php(394): CodeIgniter\Debug\Exceptions->errorHandler(8, 'Undefined varia...', 'C:\\laragon\\www\\...', 394, Array)
#1 C:\laragon\www\taxi-sharing-2020\vendor\codeigniter4\framework\system\View\View.php(214): include('C:\\laragon\\www\\...')
#2 C:\laragon\www\taxi-sharing-2020\vendor\codeigniter4\framework\system\View\View.php(217): CodeIgniter\View\View->CodeIgniter\View\{closure}()
#3 C:\laragon\www\taxi-sharing-2020\vendor\codeigniter4\framework\system\Common.php(1092): CodeIgniter\View\View->render('admin/dashboard...', Array, true)
#4 C:\laragon\www\taxi-sharing-2020\app\Controllers\Admin\Dashboard.php(57): view('admin/dashboard...', Array)
#5 C:\laragon\www\taxi-sharing-2020\vendor\codeigniter4\framework\system\CodeIgniter.php(802): App\Controllers\Admin\Dashboard->index()
#6 C:\laragon\www\taxi-sharing-2020\vendor\codeigniter4\framework\system\CodeIgniter.php(399): CodeIgniter\CodeIgniter->runController(Object(App\Controllers\Admin\Dashboard))
#7 C:\laragon\www\taxi-sharing-2020\vendor\codeigniter4\framework\system\CodeIgniter.php(317): CodeIgniter\CodeIgniter->handleRequest(NULL, Object(Config\Cache), false)
#8 C:\laragon\www\taxi-sharing-2020\public\index.php(37): CodeIgniter\CodeIgniter->run()
#9 C:\laragon\www\taxi-sharing-2020\vendor\codeigniter4\framework\system\Commands\Server\rewrite.php(43): require_once('C:\\laragon\\www\\...')
#10 {main}
CRITICAL - 2022-02-01 06:59:40 --> Undefined variable: user_latitude
#0 C:\laragon\www\taxi-sharing-2020\app\Views\admin\dashboard\views.php(394): CodeIgniter\Debug\Exceptions->errorHandler(8, 'Undefined varia...', 'C:\\laragon\\www\\...', 394, Array)
#1 C:\laragon\www\taxi-sharing-2020\vendor\codeigniter4\framework\system\View\View.php(214): include('C:\\laragon\\www\\...')
#2 C:\laragon\www\taxi-sharing-2020\vendor\codeigniter4\framework\system\View\View.php(217): CodeIgniter\View\View->CodeIgniter\View\{closure}()
#3 C:\laragon\www\taxi-sharing-2020\vendor\codeigniter4\framework\system\Common.php(1092): CodeIgniter\View\View->render('admin/dashboard...', Array, true)
#4 C:\laragon\www\taxi-sharing-2020\app\Controllers\Admin\Dashboard.php(57): view('admin/dashboard...', Array)
#5 C:\laragon\www\taxi-sharing-2020\vendor\codeigniter4\framework\system\CodeIgniter.php(802): App\Controllers\Admin\Dashboard->index()
#6 C:\laragon\www\taxi-sharing-2020\vendor\codeigniter4\framework\system\CodeIgniter.php(399): CodeIgniter\CodeIgniter->runController(Object(App\Controllers\Admin\Dashboard))
#7 C:\laragon\www\taxi-sharing-2020\vendor\codeigniter4\framework\system\CodeIgniter.php(317): CodeIgniter\CodeIgniter->handleRequest(NULL, Object(Config\Cache), false)
#8 C:\laragon\www\taxi-sharing-2020\public\index.php(37): CodeIgniter\CodeIgniter->run()
#9 C:\laragon\www\taxi-sharing-2020\vendor\codeigniter4\framework\system\Commands\Server\rewrite.php(43): require_once('C:\\laragon\\www\\...')
#10 {main}
CRITICAL - 2022-02-01 06:59:40 --> Undefined variable: user_latitude
#0 C:\laragon\www\taxi-sharing-2020\app\Views\admin\dashboard\views.php(394): CodeIgniter\Debug\Exceptions->errorHandler(8, 'Undefined varia...', 'C:\\laragon\\www\\...', 394, Array)
#1 C:\laragon\www\taxi-sharing-2020\vendor\codeigniter4\framework\system\View\View.php(214): include('C:\\laragon\\www\\...')
#2 C:\laragon\www\taxi-sharing-2020\vendor\codeigniter4\framework\system\View\View.php(217): CodeIgniter\View\View->CodeIgniter\View\{closure}()
#3 C:\laragon\www\taxi-sharing-2020\vendor\codeigniter4\framework\system\Common.php(1092): CodeIgniter\View\View->render('admin/dashboard...', Array, true)
#4 C:\laragon\www\taxi-sharing-2020\app\Controllers\Admin\Dashboard.php(57): view('admin/dashboard...', Array)
#5 C:\laragon\www\taxi-sharing-2020\vendor\codeigniter4\framework\system\CodeIgniter.php(802): App\Controllers\Admin\Dashboard->index()
#6 C:\laragon\www\taxi-sharing-2020\vendor\codeigniter4\framework\system\CodeIgniter.php(399): CodeIgniter\CodeIgniter->runController(Object(App\Controllers\Admin\Dashboard))
#7 C:\laragon\www\taxi-sharing-2020\vendor\codeigniter4\framework\system\CodeIgniter.php(317): CodeIgniter\CodeIgniter->handleRequest(NULL, Object(Config\Cache), false)
#8 C:\laragon\www\taxi-sharing-2020\public\index.php(37): CodeIgniter\CodeIgniter->run()
#9 C:\laragon\www\taxi-sharing-2020\vendor\codeigniter4\framework\system\Commands\Server\rewrite.php(43): require_once('C:\\laragon\\www\\...')
#10 {main}
CRITICAL - 2022-02-01 06:59:41 --> Undefined variable: user_latitude
#0 C:\laragon\www\taxi-sharing-2020\app\Views\admin\dashboard\views.php(394): CodeIgniter\Debug\Exceptions->errorHandler(8, 'Undefined varia...', 'C:\\laragon\\www\\...', 394, Array)
#1 C:\laragon\www\taxi-sharing-2020\vendor\codeigniter4\framework\system\View\View.php(214): include('C:\\laragon\\www\\...')
#2 C:\laragon\www\taxi-sharing-2020\vendor\codeigniter4\framework\system\View\View.php(217): CodeIgniter\View\View->CodeIgniter\View\{closure}()
#3 C:\laragon\www\taxi-sharing-2020\vendor\codeigniter4\framework\system\Common.php(1092): CodeIgniter\View\View->render('admin/dashboard...', Array, true)
#4 C:\laragon\www\taxi-sharing-2020\app\Controllers\Admin\Dashboard.php(57): view('admin/dashboard...', Array)
#5 C:\laragon\www\taxi-sharing-2020\vendor\codeigniter4\framework\system\CodeIgniter.php(802): App\Controllers\Admin\Dashboard->index()
#6 C:\laragon\www\taxi-sharing-2020\vendor\codeigniter4\framework\system\CodeIgniter.php(399): CodeIgniter\CodeIgniter->runController(Object(App\Controllers\Admin\Dashboard))
#7 C:\laragon\www\taxi-sharing-2020\vendor\codeigniter4\framework\system\CodeIgniter.php(317): CodeIgniter\CodeIgniter->handleRequest(NULL, Object(Config\Cache), false)
#8 C:\laragon\www\taxi-sharing-2020\public\index.php(37): CodeIgniter\CodeIgniter->run()
#9 C:\laragon\www\taxi-sharing-2020\vendor\codeigniter4\framework\system\Commands\Server\rewrite.php(43): require_once('C:\\laragon\\www\\...')
#10 {main}
CRITICAL - 2022-02-01 06:59:42 --> Undefined variable: user_latitude
#0 C:\laragon\www\taxi-sharing-2020\app\Views\admin\dashboard\views.php(394): CodeIgniter\Debug\Exceptions->errorHandler(8, 'Undefined varia...', 'C:\\laragon\\www\\...', 394, Array)
#1 C:\laragon\www\taxi-sharing-2020\vendor\codeigniter4\framework\system\View\View.php(214): include('C:\\laragon\\www\\...')
#2 C:\laragon\www\taxi-sharing-2020\vendor\codeigniter4\framework\system\View\View.php(217): CodeIgniter\View\View->CodeIgniter\View\{closure}()
#3 C:\laragon\www\taxi-sharing-2020\vendor\codeigniter4\framework\system\Common.php(1092): CodeIgniter\View\View->render('admin/dashboard...', Array, true)
#4 C:\laragon\www\taxi-sharing-2020\app\Controllers\Admin\Dashboard.php(57): view('admin/dashboard...', Array)
#5 C:\laragon\www\taxi-sharing-2020\vendor\codeigniter4\framework\system\CodeIgniter.php(802): App\Controllers\Admin\Dashboard->index()
#6 C:\laragon\www\taxi-sharing-2020\vendor\codeigniter4\framework\system\CodeIgniter.php(399): CodeIgniter\CodeIgniter->runController(Object(App\Controllers\Admin\Dashboard))
#7 C:\laragon\www\taxi-sharing-2020\vendor\codeigniter4\framework\system\CodeIgniter.php(317): CodeIgniter\CodeIgniter->handleRequest(NULL, Object(Config\Cache), false)
#8 C:\laragon\www\taxi-sharing-2020\public\index.php(37): CodeIgniter\CodeIgniter->run()
#9 C:\laragon\www\taxi-sharing-2020\vendor\codeigniter4\framework\system\Commands\Server\rewrite.php(43): require_once('C:\\laragon\\www\\...')
#10 {main}
CRITICAL - 2022-02-01 06:59:42 --> Undefined variable: user_latitude
#0 C:\laragon\www\taxi-sharing-2020\app\Views\admin\dashboard\views.php(394): CodeIgniter\Debug\Exceptions->errorHandler(8, 'Undefined varia...', 'C:\\laragon\\www\\...', 394, Array)
#1 C:\laragon\www\taxi-sharing-2020\vendor\codeigniter4\framework\system\View\View.php(214): include('C:\\laragon\\www\\...')
#2 C:\laragon\www\taxi-sharing-2020\vendor\codeigniter4\framework\system\View\View.php(217): CodeIgniter\View\View->CodeIgniter\View\{closure}()
#3 C:\laragon\www\taxi-sharing-2020\vendor\codeigniter4\framework\system\Common.php(1092): CodeIgniter\View\View->render('admin/dashboard...', Array, true)
#4 C:\laragon\www\taxi-sharing-2020\app\Controllers\Admin\Dashboard.php(57): view('admin/dashboard...', Array)
#5 C:\laragon\www\taxi-sharing-2020\vendor\codeigniter4\framework\system\CodeIgniter.php(802): App\Controllers\Admin\Dashboard->index()
#6 C:\laragon\www\taxi-sharing-2020\vendor\codeigniter4\framework\system\CodeIgniter.php(399): CodeIgniter\CodeIgniter->runController(Object(App\Controllers\Admin\Dashboard))
#7 C:\laragon\www\taxi-sharing-2020\vendor\codeigniter4\framework\system\CodeIgniter.php(317): CodeIgniter\CodeIgniter->handleRequest(NULL, Object(Config\Cache), false)
#8 C:\laragon\www\taxi-sharing-2020\public\index.php(37): CodeIgniter\CodeIgniter->run()
#9 C:\laragon\www\taxi-sharing-2020\vendor\codeigniter4\framework\system\Commands\Server\rewrite.php(43): require_once('C:\\laragon\\www\\...')
#10 {main}
CRITICAL - 2022-02-01 06:59:42 --> Undefined variable: user_latitude
#0 C:\laragon\www\taxi-sharing-2020\app\Views\admin\dashboard\views.php(394): CodeIgniter\Debug\Exceptions->errorHandler(8, 'Undefined varia...', 'C:\\laragon\\www\\...', 394, Array)
#1 C:\laragon\www\taxi-sharing-2020\vendor\codeigniter4\framework\system\View\View.php(214): include('C:\\laragon\\www\\...')
#2 C:\laragon\www\taxi-sharing-2020\vendor\codeigniter4\framework\system\View\View.php(217): CodeIgniter\View\View->CodeIgniter\View\{closure}()
#3 C:\laragon\www\taxi-sharing-2020\vendor\codeigniter4\framework\system\Common.php(1092): CodeIgniter\View\View->render('admin/dashboard...', Array, true)
#4 C:\laragon\www\taxi-sharing-2020\app\Controllers\Admin\Dashboard.php(57): view('admin/dashboard...', Array)
#5 C:\laragon\www\taxi-sharing-2020\vendor\codeigniter4\framework\system\CodeIgniter.php(802): App\Controllers\Admin\Dashboard->index()
#6 C:\laragon\www\taxi-sharing-2020\vendor\codeigniter4\framework\system\CodeIgniter.php(399): CodeIgniter\CodeIgniter->runController(Object(App\Controllers\Admin\Dashboard))
#7 C:\laragon\www\taxi-sharing-2020\vendor\codeigniter4\framework\system\CodeIgniter.php(317): CodeIgniter\CodeIgniter->handleRequest(NULL, Object(Config\Cache), false)
#8 C:\laragon\www\taxi-sharing-2020\public\index.php(37): CodeIgniter\CodeIgniter->run()
#9 C:\laragon\www\taxi-sharing-2020\vendor\codeigniter4\framework\system\Commands\Server\rewrite.php(43): require_once('C:\\laragon\\www\\...')
#10 {main}
CRITICAL - 2022-02-01 06:59:43 --> Undefined variable: user_latitude
#0 C:\laragon\www\taxi-sharing-2020\app\Views\admin\dashboard\views.php(394): CodeIgniter\Debug\Exceptions->errorHandler(8, 'Undefined varia...', 'C:\\laragon\\www\\...', 394, Array)
#1 C:\laragon\www\taxi-sharing-2020\vendor\codeigniter4\framework\system\View\View.php(214): include('C:\\laragon\\www\\...')
#2 C:\laragon\www\taxi-sharing-2020\vendor\codeigniter4\framework\system\View\View.php(217): CodeIgniter\View\View->CodeIgniter\View\{closure}()
#3 C:\laragon\www\taxi-sharing-2020\vendor\codeigniter4\framework\system\Common.php(1092): CodeIgniter\View\View->render('admin/dashboard...', Array, true)
#4 C:\laragon\www\taxi-sharing-2020\app\Controllers\Admin\Dashboard.php(57): view('admin/dashboard...', Array)
#5 C:\laragon\www\taxi-sharing-2020\vendor\codeigniter4\framework\system\CodeIgniter.php(802): App\Controllers\Admin\Dashboard->index()
#6 C:\laragon\www\taxi-sharing-2020\vendor\codeigniter4\framework\system\CodeIgniter.php(399): CodeIgniter\CodeIgniter->runController(Object(App\Controllers\Admin\Dashboard))
#7 C:\laragon\www\taxi-sharing-2020\vendor\codeigniter4\framework\system\CodeIgniter.php(317): CodeIgniter\CodeIgniter->handleRequest(NULL, Object(Config\Cache), false)
#8 C:\laragon\www\taxi-sharing-2020\public\index.php(37): CodeIgniter\CodeIgniter->run()
#9 C:\laragon\www\taxi-sharing-2020\vendor\codeigniter4\framework\system\Commands\Server\rewrite.php(43): require_once('C:\\laragon\\www\\...')
#10 {main}
CRITICAL - 2022-02-01 07:01:23 --> Undefined variable: user_latitude
#0 C:\laragon\www\taxi-sharing-2020\app\Views\admin\dashboard\views.php(479): CodeIgniter\Debug\Exceptions->errorHandler(8, 'Undefined varia...', 'C:\\laragon\\www\\...', 479, Array)
#1 C:\laragon\www\taxi-sharing-2020\vendor\codeigniter4\framework\system\View\View.php(214): include('C:\\laragon\\www\\...')
#2 C:\laragon\www\taxi-sharing-2020\vendor\codeigniter4\framework\system\View\View.php(217): CodeIgniter\View\View->CodeIgniter\View\{closure}()
#3 C:\laragon\www\taxi-sharing-2020\vendor\codeigniter4\framework\system\Common.php(1092): CodeIgniter\View\View->render('admin/dashboard...', Array, true)
#4 C:\laragon\www\taxi-sharing-2020\app\Controllers\Admin\Dashboard.php(57): view('admin/dashboard...', Array)
#5 C:\laragon\www\taxi-sharing-2020\vendor\codeigniter4\framework\system\CodeIgniter.php(802): App\Controllers\Admin\Dashboard->index()
#6 C:\laragon\www\taxi-sharing-2020\vendor\codeigniter4\framework\system\CodeIgniter.php(399): CodeIgniter\CodeIgniter->runController(Object(App\Controllers\Admin\Dashboard))
#7 C:\laragon\www\taxi-sharing-2020\vendor\codeigniter4\framework\system\CodeIgniter.php(317): CodeIgniter\CodeIgniter->handleRequest(NULL, Object(Config\Cache), false)
#8 C:\laragon\www\taxi-sharing-2020\public\index.php(37): CodeIgniter\CodeIgniter->run()
#9 C:\laragon\www\taxi-sharing-2020\vendor\codeigniter4\framework\system\Commands\Server\rewrite.php(43): require_once('C:\\laragon\\www\\...')
#10 {main}
CRITICAL - 2022-02-01 07:29:55 --> Undefined property: CodeIgniter\Database\MySQLi\Result::$foto
#0 C:\laragon\www\taxi-sharing-2020\app\Views\admin\dashboard\views.php(528): CodeIgniter\Debug\Exceptions->errorHandler(8, 'Undefined prope...', 'C:\\laragon\\www\\...', 528, Array)
#1 C:\laragon\www\taxi-sharing-2020\vendor\codeigniter4\framework\system\View\View.php(214): include('C:\\laragon\\www\\...')
#2 C:\laragon\www\taxi-sharing-2020\vendor\codeigniter4\framework\system\View\View.php(217): CodeIgniter\View\View->CodeIgniter\View\{closure}()
#3 C:\laragon\www\taxi-sharing-2020\vendor\codeigniter4\framework\system\Common.php(1092): CodeIgniter\View\View->render('admin/dashboard...', Array, true)
#4 C:\laragon\www\taxi-sharing-2020\app\Controllers\Admin\Dashboard.php(57): view('admin/dashboard...', Array)
#5 C:\laragon\www\taxi-sharing-2020\vendor\codeigniter4\framework\system\CodeIgniter.php(802): App\Controllers\Admin\Dashboard->index()
#6 C:\laragon\www\taxi-sharing-2020\vendor\codeigniter4\framework\system\CodeIgniter.php(399): CodeIgniter\CodeIgniter->runController(Object(App\Controllers\Admin\Dashboard))
#7 C:\laragon\www\taxi-sharing-2020\vendor\codeigniter4\framework\system\CodeIgniter.php(317): CodeIgniter\CodeIgniter->handleRequest(NULL, Object(Config\Cache), false)
#8 C:\laragon\www\taxi-sharing-2020\public\index.php(37): CodeIgniter\CodeIgniter->run()
#9 C:\laragon\www\taxi-sharing-2020\vendor\codeigniter4\framework\system\Commands\Server\rewrite.php(43): require_once('C:\\laragon\\www\\...')
#10 {main}
CRITICAL - 2022-02-01 07:30:22 --> Undefined property: CodeIgniter\Database\MySQLi\Result::$nama_lengkap
#0 C:\laragon\www\taxi-sharing-2020\app\Views\admin\dashboard\views.php(535): CodeIgniter\Debug\Exceptions->errorHandler(8, 'Undefined prope...', 'C:\\laragon\\www\\...', 535, Array)
#1 C:\laragon\www\taxi-sharing-2020\vendor\codeigniter4\framework\system\View\View.php(214): include('C:\\laragon\\www\\...')
#2 C:\laragon\www\taxi-sharing-2020\vendor\codeigniter4\framework\system\View\View.php(217): CodeIgniter\View\View->CodeIgniter\View\{closure}()
#3 C:\laragon\www\taxi-sharing-2020\vendor\codeigniter4\framework\system\Common.php(1092): CodeIgniter\View\View->render('admin/dashboard...', Array, true)
#4 C:\laragon\www\taxi-sharing-2020\app\Controllers\Admin\Dashboard.php(57): view('admin/dashboard...', Array)
#5 C:\laragon\www\taxi-sharing-2020\vendor\codeigniter4\framework\system\CodeIgniter.php(802): App\Controllers\Admin\Dashboard->index()
#6 C:\laragon\www\taxi-sharing-2020\vendor\codeigniter4\framework\system\CodeIgniter.php(399): CodeIgniter\CodeIgniter->runController(Object(App\Controllers\Admin\Dashboard))
#7 C:\laragon\www\taxi-sharing-2020\vendor\codeigniter4\framework\system\CodeIgniter.php(317): CodeIgniter\CodeIgniter->handleRequest(NULL, Object(Config\Cache), false)
#8 C:\laragon\www\taxi-sharing-2020\public\index.php(37): CodeIgniter\CodeIgniter->run()
#9 C:\laragon\www\taxi-sharing-2020\vendor\codeigniter4\framework\system\Commands\Server\rewrite.php(43): require_once('C:\\laragon\\www\\...')
#10 {main}
CRITICAL - 2022-02-01 07:35:55 --> Undefined variable: user_tarif_perkm
#0 C:\laragon\www\taxi-sharing-2020\app\Views\admin\pengaturan\views.php(31): CodeIgniter\Debug\Exceptions->errorHandler(8, 'Undefined varia...', 'C:\\laragon\\www\\...', 31, Array)
#1 C:\laragon\www\taxi-sharing-2020\vendor\codeigniter4\framework\system\View\View.php(214): include('C:\\laragon\\www\\...')
#2 C:\laragon\www\taxi-sharing-2020\vendor\codeigniter4\framework\system\View\View.php(217): CodeIgniter\View\View->CodeIgniter\View\{closure}()
#3 C:\laragon\www\taxi-sharing-2020\vendor\codeigniter4\framework\system\Common.php(1092): CodeIgniter\View\View->render('admin/pengatura...', Array, true)
#4 C:\laragon\www\taxi-sharing-2020\app\Controllers\Admin\Pengaturan.php(45): view('admin/pengatura...', Array)
#5 C:\laragon\www\taxi-sharing-2020\vendor\codeigniter4\framework\system\CodeIgniter.php(802): App\Controllers\Admin\Pengaturan->index()
#6 C:\laragon\www\taxi-sharing-2020\vendor\codeigniter4\framework\system\CodeIgniter.php(399): CodeIgniter\CodeIgniter->runController(Object(App\Controllers\Admin\Pengaturan))
#7 C:\laragon\www\taxi-sharing-2020\vendor\codeigniter4\framework\system\CodeIgniter.php(317): CodeIgniter\CodeIgniter->handleRequest(NULL, Object(Config\Cache), false)
#8 C:\laragon\www\taxi-sharing-2020\public\index.php(37): CodeIgniter\CodeIgniter->run()
#9 C:\laragon\www\taxi-sharing-2020\vendor\codeigniter4\framework\system\Commands\Server\rewrite.php(43): require_once('C:\\laragon\\www\\...')
#10 {main}
CRITICAL - 2022-02-01 07:36:44 --> Undefined property: App\Controllers\Admin\Pengaturan::$TarifModel
#0 C:\laragon\www\taxi-sharing-2020\app\Controllers\Admin\Pengaturan.php(44): CodeIgniter\Debug\Exceptions->errorHandler(8, 'Undefined prope...', 'C:\\laragon\\www\\...', 44, Array)
#1 C:\laragon\www\taxi-sharing-2020\vendor\codeigniter4\framework\system\CodeIgniter.php(802): App\Controllers\Admin\Pengaturan->index()
#2 C:\laragon\www\taxi-sharing-2020\vendor\codeigniter4\framework\system\CodeIgniter.php(399): CodeIgniter\CodeIgniter->runController(Object(App\Controllers\Admin\Pengaturan))
#3 C:\laragon\www\taxi-sharing-2020\vendor\codeigniter4\framework\system\CodeIgniter.php(317): CodeIgniter\CodeIgniter->handleRequest(NULL, Object(Config\Cache), false)
#4 C:\laragon\www\taxi-sharing-2020\public\index.php(37): CodeIgniter\CodeIgniter->run()
#5 C:\laragon\www\taxi-sharing-2020\vendor\codeigniter4\framework\system\Commands\Server\rewrite.php(43): require_once('C:\\laragon\\www\\...')
#6 {main}
CRITICAL - 2022-02-01 07:39:34 --> Undefined index: nama_lengkap
#0 C:\laragon\www\taxi-sharing-2020\app\Views\admin\orderan\views.php(82): CodeIgniter\Debug\Exceptions->errorHandler(8, 'Undefined index...', 'C:\\laragon\\www\\...', 82, Array)
#1 C:\laragon\www\taxi-sharing-2020\vendor\codeigniter4\framework\system\View\View.php(214): include('C:\\laragon\\www\\...')
#2 C:\laragon\www\taxi-sharing-2020\vendor\codeigniter4\framework\system\View\View.php(217): CodeIgniter\View\View->CodeIgniter\View\{closure}()
#3 C:\laragon\www\taxi-sharing-2020\vendor\codeigniter4\framework\system\Common.php(1092): CodeIgniter\View\View->render('admin/orderan/v...', Array, true)
#4 C:\laragon\www\taxi-sharing-2020\app\Controllers\Admin\Orderan.php(47): view('admin/orderan/v...', Array)
#5 C:\laragon\www\taxi-sharing-2020\vendor\codeigniter4\framework\system\CodeIgniter.php(802): App\Controllers\Admin\Orderan->index()
#6 C:\laragon\www\taxi-sharing-2020\vendor\codeigniter4\framework\system\CodeIgniter.php(399): CodeIgniter\CodeIgniter->runController(Object(App\Controllers\Admin\Orderan))
#7 C:\laragon\www\taxi-sharing-2020\vendor\codeigniter4\framework\system\CodeIgniter.php(317): CodeIgniter\CodeIgniter->handleRequest(NULL, Object(Config\Cache), false)
#8 C:\laragon\www\taxi-sharing-2020\public\index.php(37): CodeIgniter\CodeIgniter->run()
#9 C:\laragon\www\taxi-sharing-2020\vendor\codeigniter4\framework\system\Commands\Server\rewrite.php(43): require_once('C:\\laragon\\www\\...')
#10 {main}
CRITICAL - 2022-02-01 07:40:53 --> Undefined index: nama_lengkap
#0 C:\laragon\www\taxi-sharing-2020\app\Views\admin\orderan\views.php(82): CodeIgniter\Debug\Exceptions->errorHandler(8, 'Undefined index...', 'C:\\laragon\\www\\...', 82, Array)
#1 C:\laragon\www\taxi-sharing-2020\vendor\codeigniter4\framework\system\View\View.php(214): include('C:\\laragon\\www\\...')
#2 C:\laragon\www\taxi-sharing-2020\vendor\codeigniter4\framework\system\View\View.php(217): CodeIgniter\View\View->CodeIgniter\View\{closure}()
#3 C:\laragon\www\taxi-sharing-2020\vendor\codeigniter4\framework\system\Common.php(1092): CodeIgniter\View\View->render('admin/orderan/v...', Array, true)
#4 C:\laragon\www\taxi-sharing-2020\app\Controllers\Admin\Orderan.php(47): view('admin/orderan/v...', Array)
#5 C:\laragon\www\taxi-sharing-2020\vendor\codeigniter4\framework\system\CodeIgniter.php(802): App\Controllers\Admin\Orderan->index()
#6 C:\laragon\www\taxi-sharing-2020\vendor\codeigniter4\framework\system\CodeIgniter.php(399): CodeIgniter\CodeIgniter->runController(Object(App\Controllers\Admin\Orderan))
#7 C:\laragon\www\taxi-sharing-2020\vendor\codeigniter4\framework\system\CodeIgniter.php(317): CodeIgniter\CodeIgniter->handleRequest(NULL, Object(Config\Cache), false)
#8 C:\laragon\www\taxi-sharing-2020\public\index.php(37): CodeIgniter\CodeIgniter->run()
#9 C:\laragon\www\taxi-sharing-2020\vendor\codeigniter4\framework\system\Commands\Server\rewrite.php(43): require_once('C:\\laragon\\www\\...')
#10 {main}
ERROR - 2022-02-01 07:47:03 --> Unknown column 'tarif' in 'field list'
CRITICAL - 2022-02-01 07:47:03 --> Unknown column 'tarif' in 'field list'
#0 C:\laragon\www\taxi-sharing-2020\vendor\codeigniter4\framework\system\Database\MySQLi\Connection.php(280): mysqli->query('UPDATE `tb_tari...')
#1 C:\laragon\www\taxi-sharing-2020\vendor\codeigniter4\framework\system\Database\BaseConnection.php(663): CodeIgniter\Database\MySQLi\Connection->execute('UPDATE `tb_tari...')
#2 C:\laragon\www\taxi-sharing-2020\vendor\codeigniter4\framework\system\Database\BaseConnection.php(591): CodeIgniter\Database\BaseConnection->simpleQuery('UPDATE `tb_tari...')
#3 C:\laragon\www\taxi-sharing-2020\vendor\codeigniter4\framework\system\Database\BaseBuilder.php(1875): CodeIgniter\Database\BaseConnection->query('UPDATE `tb_tari...', Array, false)
#4 C:\laragon\www\taxi-sharing-2020\app\Models\TarifModel.php(28): CodeIgniter\Database\BaseBuilder->update(Array, Array)
#5 C:\laragon\www\taxi-sharing-2020\app\Controllers\Admin\Pengaturan.php(58): App\Models\TarifModel->updateTarif(Array, 1)
#6 C:\laragon\www\taxi-sharing-2020\vendor\codeigniter4\framework\system\CodeIgniter.php(802): App\Controllers\Admin\Pengaturan->ubah_tarif()
#7 C:\laragon\www\taxi-sharing-2020\vendor\codeigniter4\framework\system\CodeIgniter.php(399): CodeIgniter\CodeIgniter->runController(Object(App\Controllers\Admin\Pengaturan))
#8 C:\laragon\www\taxi-sharing-2020\vendor\codeigniter4\framework\system\CodeIgniter.php(317): CodeIgniter\CodeIgniter->handleRequest(NULL, Object(Config\Cache), false)
#9 C:\laragon\www\taxi-sharing-2020\public\index.php(37): CodeIgniter\CodeIgniter->run()
#10 C:\laragon\www\taxi-sharing-2020\vendor\codeigniter4\framework\system\Commands\Server\rewrite.php(43): require_once('C:\\laragon\\www\\...')
#11 {main}
ERROR - 2022-02-01 07:47:07 --> Unknown column 'tarif' in 'field list'
CRITICAL - 2022-02-01 07:47:07 --> Unknown column 'tarif' in 'field list'
#0 C:\laragon\www\taxi-sharing-2020\vendor\codeigniter4\framework\system\Database\MySQLi\Connection.php(280): mysqli->query('UPDATE `tb_tari...')
#1 C:\laragon\www\taxi-sharing-2020\vendor\codeigniter4\framework\system\Database\BaseConnection.php(663): CodeIgniter\Database\MySQLi\Connection->execute('UPDATE `tb_tari...')
#2 C:\laragon\www\taxi-sharing-2020\vendor\codeigniter4\framework\system\Database\BaseConnection.php(591): CodeIgniter\Database\BaseConnection->simpleQuery('UPDATE `tb_tari...')
#3 C:\laragon\www\taxi-sharing-2020\vendor\codeigniter4\framework\system\Database\BaseBuilder.php(1875): CodeIgniter\Database\BaseConnection->query('UPDATE `tb_tari...', Array, false)
#4 C:\laragon\www\taxi-sharing-2020\app\Models\TarifModel.php(28): CodeIgniter\Database\BaseBuilder->update(Array, Array)
#5 C:\laragon\www\taxi-sharing-2020\app\Controllers\Admin\Pengaturan.php(58): App\Models\TarifModel->updateTarif(Array, 1)
#6 C:\laragon\www\taxi-sharing-2020\vendor\codeigniter4\framework\system\CodeIgniter.php(802): App\Controllers\Admin\Pengaturan->ubah_tarif()
#7 C:\laragon\www\taxi-sharing-2020\vendor\codeigniter4\framework\system\CodeIgniter.php(399): CodeIgniter\CodeIgniter->runController(Object(App\Controllers\Admin\Pengaturan))
#8 C:\laragon\www\taxi-sharing-2020\vendor\codeigniter4\framework\system\CodeIgniter.php(317): CodeIgniter\CodeIgniter->handleRequest(NULL, Object(Config\Cache), false)
#9 C:\laragon\www\taxi-sharing-2020\public\index.php(37): CodeIgniter\CodeIgniter->run()
#10 C:\laragon\www\taxi-sharing-2020\vendor\codeigniter4\framework\system\Commands\Server\rewrite.php(43): require_once('C:\\laragon\\www\\...')
#11 {main}
CRITICAL - 2022-02-01 07:49:23 --> Undefined index: id_driver
#0 C:\laragon\www\taxi-sharing-2020\app\Views\admin\orderan\views.php(76): CodeIgniter\Debug\Exceptions->errorHandler(8, 'Undefined index...', 'C:\\laragon\\www\\...', 76, Array)
#1 C:\laragon\www\taxi-sharing-2020\vendor\codeigniter4\framework\system\View\View.php(214): include('C:\\laragon\\www\\...')
#2 C:\laragon\www\taxi-sharing-2020\vendor\codeigniter4\framework\system\View\View.php(217): CodeIgniter\View\View->CodeIgniter\View\{closure}()
#3 C:\laragon\www\taxi-sharing-2020\vendor\codeigniter4\framework\system\Common.php(1092): CodeIgniter\View\View->render('admin/orderan/v...', Array, true)
#4 C:\laragon\www\taxi-sharing-2020\app\Controllers\Admin\Orderan.php(47): view('admin/orderan/v...', Array)
#5 C:\laragon\www\taxi-sharing-2020\vendor\codeigniter4\framework\system\CodeIgniter.php(802): App\Controllers\Admin\Orderan->index()
#6 C:\laragon\www\taxi-sharing-2020\vendor\codeigniter4\framework\system\CodeIgniter.php(399): CodeIgniter\CodeIgniter->runController(Object(App\Controllers\Admin\Orderan))
#7 C:\laragon\www\taxi-sharing-2020\vendor\codeigniter4\framework\system\CodeIgniter.php(317): CodeIgniter\CodeIgniter->handleRequest(NULL, Object(Config\Cache), false)
#8 C:\laragon\www\taxi-sharing-2020\public\index.php(37): CodeIgniter\CodeIgniter->run()
#9 C:\laragon\www\taxi-sharing-2020\vendor\codeigniter4\framework\system\Commands\Server\rewrite.php(43): require_once('C:\\laragon\\www\\...')
#10 {main}
CRITICAL - 2022-02-01 07:51:11 --> Undefined index: nama_lengkap
#0 C:\laragon\www\taxi-sharing-2020\app\Views\admin\orderan\views.php(92): CodeIgniter\Debug\Exceptions->errorHandler(8, 'Undefined index...', 'C:\\laragon\\www\\...', 92, Array)
#1 C:\laragon\www\taxi-sharing-2020\vendor\codeigniter4\framework\system\View\View.php(214): include('C:\\laragon\\www\\...')
#2 C:\laragon\www\taxi-sharing-2020\vendor\codeigniter4\framework\system\View\View.php(217): CodeIgniter\View\View->CodeIgniter\View\{closure}()
#3 C:\laragon\www\taxi-sharing-2020\vendor\codeigniter4\framework\system\Common.php(1092): CodeIgniter\View\View->render('admin/orderan/v...', Array, true)
#4 C:\laragon\www\taxi-sharing-2020\app\Controllers\Admin\Orderan.php(47): view('admin/orderan/v...', Array)
#5 C:\laragon\www\taxi-sharing-2020\vendor\codeigniter4\framework\system\CodeIgniter.php(802): App\Controllers\Admin\Orderan->index()
#6 C:\laragon\www\taxi-sharing-2020\vendor\codeigniter4\framework\system\CodeIgniter.php(399): CodeIgniter\CodeIgniter->runController(Object(App\Controllers\Admin\Orderan))
#7 C:\laragon\www\taxi-sharing-2020\vendor\codeigniter4\framework\system\CodeIgniter.php(317): CodeIgniter\CodeIgniter->handleRequest(NULL, Object(Config\Cache), false)
#8 C:\laragon\www\taxi-sharing-2020\public\index.php(37): CodeIgniter\CodeIgniter->run()
#9 C:\laragon\www\taxi-sharing-2020\vendor\codeigniter4\framework\system\Commands\Server\rewrite.php(43): require_once('C:\\laragon\\www\\...')
#10 {main}
CRITICAL - 2022-02-01 07:51:56 --> Undefined variable: data
#0 C:\laragon\www\taxi-sharing-2020\app\Views\admin\orderan\views.php(82): CodeIgniter\Debug\Exceptions->errorHandler(8, 'Undefined varia...', 'C:\\laragon\\www\\...', 82, Array)
#1 C:\laragon\www\taxi-sharing-2020\vendor\codeigniter4\framework\system\View\View.php(214): include('C:\\laragon\\www\\...')
#2 C:\laragon\www\taxi-sharing-2020\vendor\codeigniter4\framework\system\View\View.php(217): CodeIgniter\View\View->CodeIgniter\View\{closure}()
#3 C:\laragon\www\taxi-sharing-2020\vendor\codeigniter4\framework\system\Common.php(1092): CodeIgniter\View\View->render('admin/orderan/v...', Array, true)
#4 C:\laragon\www\taxi-sharing-2020\app\Controllers\Admin\Orderan.php(47): view('admin/orderan/v...', Array)
#5 C:\laragon\www\taxi-sharing-2020\vendor\codeigniter4\framework\system\CodeIgniter.php(802): App\Controllers\Admin\Orderan->index()
#6 C:\laragon\www\taxi-sharing-2020\vendor\codeigniter4\framework\system\CodeIgniter.php(399): CodeIgniter\CodeIgniter->runController(Object(App\Controllers\Admin\Orderan))
#7 C:\laragon\www\taxi-sharing-2020\vendor\codeigniter4\framework\system\CodeIgniter.php(317): CodeIgniter\CodeIgniter->handleRequest(NULL, Object(Config\Cache), false)
#8 C:\laragon\www\taxi-sharing-2020\public\index.php(37): CodeIgniter\CodeIgniter->run()
#9 C:\laragon\www\taxi-sharing-2020\vendor\codeigniter4\framework\system\Commands\Server\rewrite.php(43): require_once('C:\\laragon\\www\\...')
#10 {main}
CRITICAL - 2022-02-01 07:52:07 --> Undefined variable: data
#0 C:\laragon\www\taxi-sharing-2020\app\Views\admin\orderan\views.php(82): CodeIgniter\Debug\Exceptions->errorHandler(8, 'Undefined varia...', 'C:\\laragon\\www\\...', 82, Array)
#1 C:\laragon\www\taxi-sharing-2020\vendor\codeigniter4\framework\system\View\View.php(214): include('C:\\laragon\\www\\...')
#2 C:\laragon\www\taxi-sharing-2020\vendor\codeigniter4\framework\system\View\View.php(217): CodeIgniter\View\View->CodeIgniter\View\{closure}()
#3 C:\laragon\www\taxi-sharing-2020\vendor\codeigniter4\framework\system\Common.php(1092): CodeIgniter\View\View->render('admin/orderan/v...', Array, true)
#4 C:\laragon\www\taxi-sharing-2020\app\Controllers\Admin\Orderan.php(47): view('admin/orderan/v...', Array)
#5 C:\laragon\www\taxi-sharing-2020\vendor\codeigniter4\framework\system\CodeIgniter.php(802): App\Controllers\Admin\Orderan->index()
#6 C:\laragon\www\taxi-sharing-2020\vendor\codeigniter4\framework\system\CodeIgniter.php(399): CodeIgniter\CodeIgniter->runController(Object(App\Controllers\Admin\Orderan))
#7 C:\laragon\www\taxi-sharing-2020\vendor\codeigniter4\framework\system\CodeIgniter.php(317): CodeIgniter\CodeIgniter->handleRequest(NULL, Object(Config\Cache), false)
#8 C:\laragon\www\taxi-sharing-2020\public\index.php(37): CodeIgniter\CodeIgniter->run()
#9 C:\laragon\www\taxi-sharing-2020\vendor\codeigniter4\framework\system\Commands\Server\rewrite.php(43): require_once('C:\\laragon\\www\\...')
#10 {main}
CRITICAL - 2022-02-01 07:52:12 --> Undefined index: nama_lengkap
#0 C:\laragon\www\taxi-sharing-2020\app\Views\admin\orderan\views.php(95): CodeIgniter\Debug\Exceptions->errorHandler(8, 'Undefined index...', 'C:\\laragon\\www\\...', 95, Array)
#1 C:\laragon\www\taxi-sharing-2020\vendor\codeigniter4\framework\system\View\View.php(214): include('C:\\laragon\\www\\...')
#2 C:\laragon\www\taxi-sharing-2020\vendor\codeigniter4\framework\system\View\View.php(217): CodeIgniter\View\View->CodeIgniter\View\{closure}()
#3 C:\laragon\www\taxi-sharing-2020\vendor\codeigniter4\framework\system\Common.php(1092): CodeIgniter\View\View->render('admin/orderan/v...', Array, true)
#4 C:\laragon\www\taxi-sharing-2020\app\Controllers\Admin\Orderan.php(47): view('admin/orderan/v...', Array)
#5 C:\laragon\www\taxi-sharing-2020\vendor\codeigniter4\framework\system\CodeIgniter.php(802): App\Controllers\Admin\Orderan->index()
#6 C:\laragon\www\taxi-sharing-2020\vendor\codeigniter4\framework\system\CodeIgniter.php(399): CodeIgniter\CodeIgniter->runController(Object(App\Controllers\Admin\Orderan))
#7 C:\laragon\www\taxi-sharing-2020\vendor\codeigniter4\framework\system\CodeIgniter.php(317): CodeIgniter\CodeIgniter->handleRequest(NULL, Object(Config\Cache), false)
#8 C:\laragon\www\taxi-sharing-2020\public\index.php(37): CodeIgniter\CodeIgniter->run()
#9 C:\laragon\www\taxi-sharing-2020\vendor\codeigniter4\framework\system\Commands\Server\rewrite.php(43): require_once('C:\\laragon\\www\\...')
#10 {main}
CRITICAL - 2022-02-01 07:52:36 --> Undefined index: username
#0 C:\laragon\www\taxi-sharing-2020\app\Views\admin\orderan\views.php(94): CodeIgniter\Debug\Exceptions->errorHandler(8, 'Undefined index...', 'C:\\laragon\\www\\...', 94, Array)
#1 C:\laragon\www\taxi-sharing-2020\vendor\codeigniter4\framework\system\View\View.php(214): include('C:\\laragon\\www\\...')
#2 C:\laragon\www\taxi-sharing-2020\vendor\codeigniter4\framework\system\View\View.php(217): CodeIgniter\View\View->CodeIgniter\View\{closure}()
#3 C:\laragon\www\taxi-sharing-2020\vendor\codeigniter4\framework\system\Common.php(1092): CodeIgniter\View\View->render('admin/orderan/v...', Array, true)
#4 C:\laragon\www\taxi-sharing-2020\app\Controllers\Admin\Orderan.php(47): view('admin/orderan/v...', Array)
#5 C:\laragon\www\taxi-sharing-2020\vendor\codeigniter4\framework\system\CodeIgniter.php(802): App\Controllers\Admin\Orderan->index()
#6 C:\laragon\www\taxi-sharing-2020\vendor\codeigniter4\framework\system\CodeIgniter.php(399): CodeIgniter\CodeIgniter->runController(Object(App\Controllers\Admin\Orderan))
#7 C:\laragon\www\taxi-sharing-2020\vendor\codeigniter4\framework\system\CodeIgniter.php(317): CodeIgniter\CodeIgniter->handleRequest(NULL, Object(Config\Cache), false)
#8 C:\laragon\www\taxi-sharing-2020\public\index.php(37): CodeIgniter\CodeIgniter->run()
#9 C:\laragon\www\taxi-sharing-2020\vendor\codeigniter4\framework\system\Commands\Server\rewrite.php(43): require_once('C:\\laragon\\www\\...')
#10 {main}
CRITICAL - 2022-02-01 07:56:13 --> Undefined variable: text_status
#0 C:\laragon\www\taxi-sharing-2020\app\Views\admin\orderan\views.php(107): CodeIgniter\Debug\Exceptions->errorHandler(8, 'Undefined varia...', 'C:\\laragon\\www\\...', 107, Array)
#1 C:\laragon\www\taxi-sharing-2020\vendor\codeigniter4\framework\system\View\View.php(214): include('C:\\laragon\\www\\...')
#2 C:\laragon\www\taxi-sharing-2020\vendor\codeigniter4\framework\system\View\View.php(217): CodeIgniter\View\View->CodeIgniter\View\{closure}()
#3 C:\laragon\www\taxi-sharing-2020\vendor\codeigniter4\framework\system\Common.php(1092): CodeIgniter\View\View->render('admin/orderan/v...', Array, true)
#4 C:\laragon\www\taxi-sharing-2020\app\Controllers\Admin\Orderan.php(47): view('admin/orderan/v...', Array)
#5 C:\laragon\www\taxi-sharing-2020\vendor\codeigniter4\framework\system\CodeIgniter.php(802): App\Controllers\Admin\Orderan->index()
#6 C:\laragon\www\taxi-sharing-2020\vendor\codeigniter4\framework\system\CodeIgniter.php(399): CodeIgniter\CodeIgniter->runController(Object(App\Controllers\Admin\Orderan))
#7 C:\laragon\www\taxi-sharing-2020\vendor\codeigniter4\framework\system\CodeIgniter.php(317): CodeIgniter\CodeIgniter->handleRequest(NULL, Object(Config\Cache), false)
#8 C:\laragon\www\taxi-sharing-2020\public\index.php(37): CodeIgniter\CodeIgniter->run()
#9 C:\laragon\www\taxi-sharing-2020\vendor\codeigniter4\framework\system\Commands\Server\rewrite.php(43): require_once('C:\\laragon\\www\\...')
#10 {main}
CRITICAL - 2022-02-01 07:57:02 --> Undefined variable: orderan_belum_selesai
#0 C:\laragon\www\taxi-sharing-2020\app\Views\admin\orderan\views.php(89): CodeIgniter\Debug\Exceptions->errorHandler(8, 'Undefined varia...', 'C:\\laragon\\www\\...', 89, Array)
#1 C:\laragon\www\taxi-sharing-2020\vendor\codeigniter4\framework\system\View\View.php(214): include('C:\\laragon\\www\\...')
#2 C:\laragon\www\taxi-sharing-2020\vendor\codeigniter4\framework\system\View\View.php(217): CodeIgniter\View\View->CodeIgniter\View\{closure}()
#3 C:\laragon\www\taxi-sharing-2020\vendor\codeigniter4\framework\system\Common.php(1092): CodeIgniter\View\View->render('admin/orderan/v...', Array, true)
#4 C:\laragon\www\taxi-sharing-2020\app\Controllers\Admin\Orderan.php(47): view('admin/orderan/v...', Array)
#5 C:\laragon\www\taxi-sharing-2020\vendor\codeigniter4\framework\system\CodeIgniter.php(802): App\Controllers\Admin\Orderan->index()
#6 C:\laragon\www\taxi-sharing-2020\vendor\codeigniter4\framework\system\CodeIgniter.php(399): CodeIgniter\CodeIgniter->runController(Object(App\Controllers\Admin\Orderan))
#7 C:\laragon\www\taxi-sharing-2020\vendor\codeigniter4\framework\system\CodeIgniter.php(317): CodeIgniter\CodeIgniter->handleRequest(NULL, Object(Config\Cache), false)
#8 C:\laragon\www\taxi-sharing-2020\public\index.php(37): CodeIgniter\CodeIgniter->run()
#9 C:\laragon\www\taxi-sharing-2020\vendor\codeigniter4\framework\system\Commands\Server\rewrite.php(43): require_once('C:\\laragon\\www\\...')
#10 {main}
CRITICAL - 2022-02-01 07:57:03 --> Undefined variable: orderan_belum_selesai
#0 C:\laragon\www\taxi-sharing-2020\app\Views\admin\orderan\views.php(89): CodeIgniter\Debug\Exceptions->errorHandler(8, 'Undefined varia...', 'C:\\laragon\\www\\...', 89, Array)
#1 C:\laragon\www\taxi-sharing-2020\vendor\codeigniter4\framework\system\View\View.php(214): include('C:\\laragon\\www\\...')
#2 C:\laragon\www\taxi-sharing-2020\vendor\codeigniter4\framework\system\View\View.php(217): CodeIgniter\View\View->CodeIgniter\View\{closure}()
#3 C:\laragon\www\taxi-sharing-2020\vendor\codeigniter4\framework\system\Common.php(1092): CodeIgniter\View\View->render('admin/orderan/v...', Array, true)
#4 C:\laragon\www\taxi-sharing-2020\app\Controllers\Admin\Orderan.php(47): view('admin/orderan/v...', Array)
#5 C:\laragon\www\taxi-sharing-2020\vendor\codeigniter4\framework\system\CodeIgniter.php(802): App\Controllers\Admin\Orderan->index()
#6 C:\laragon\www\taxi-sharing-2020\vendor\codeigniter4\framework\system\CodeIgniter.php(399): CodeIgniter\CodeIgniter->runController(Object(App\Controllers\Admin\Orderan))
#7 C:\laragon\www\taxi-sharing-2020\vendor\codeigniter4\framework\system\CodeIgniter.php(317): CodeIgniter\CodeIgniter->handleRequest(NULL, Object(Config\Cache), false)
#8 C:\laragon\www\taxi-sharing-2020\public\index.php(37): CodeIgniter\CodeIgniter->run()
#9 C:\laragon\www\taxi-sharing-2020\vendor\codeigniter4\framework\system\Commands\Server\rewrite.php(43): require_once('C:\\laragon\\www\\...')
#10 {main}
CRITICAL - 2022-02-01 08:04:58 --> Undefined property: App\Controllers\Driver\Dashboard::$user_jenis_kelamin
#0 C:\laragon\www\taxi-sharing-2020\app\Controllers\Driver\Dashboard.php(106): CodeIgniter\Debug\Exceptions->errorHandler(8, 'Undefined prope...', 'C:\\laragon\\www\\...', 106, Array)
#1 C:\laragon\www\taxi-sharing-2020\vendor\codeigniter4\framework\system\CodeIgniter.php(802): App\Controllers\Driver\Dashboard->index()
#2 C:\laragon\www\taxi-sharing-2020\vendor\codeigniter4\framework\system\CodeIgniter.php(399): CodeIgniter\CodeIgniter->runController(Object(App\Controllers\Driver\Dashboard))
#3 C:\laragon\www\taxi-sharing-2020\vendor\codeigniter4\framework\system\CodeIgniter.php(317): CodeIgniter\CodeIgniter->handleRequest(NULL, Object(Config\Cache), false)
#4 C:\laragon\www\taxi-sharing-2020\public\index.php(37): CodeIgniter\CodeIgniter->run()
#5 C:\laragon\www\taxi-sharing-2020\vendor\codeigniter4\framework\system\Commands\Server\rewrite.php(43): require_once('C:\\laragon\\www\\...')
#6 {main}
CRITICAL - 2022-02-01 08:05:26 --> Undefined index: jenis_kelamin
#0 C:\laragon\www\taxi-sharing-2020\app\Controllers\Driver\Orderan.php(26): CodeIgniter\Debug\Exceptions->errorHandler(8, 'Undefined index...', 'C:\\laragon\\www\\...', 26, Array)
#1 C:\laragon\www\taxi-sharing-2020\vendor\codeigniter4\framework\system\CodeIgniter.php(779): App\Controllers\Driver\Orderan->__construct()
#2 C:\laragon\www\taxi-sharing-2020\vendor\codeigniter4\framework\system\CodeIgniter.php(390): CodeIgniter\CodeIgniter->createController()
#3 C:\laragon\www\taxi-sharing-2020\vendor\codeigniter4\framework\system\CodeIgniter.php(317): CodeIgniter\CodeIgniter->handleRequest(NULL, Object(Config\Cache), false)
#4 C:\laragon\www\taxi-sharing-2020\public\index.php(37): CodeIgniter\CodeIgniter->run()
#5 C:\laragon\www\taxi-sharing-2020\vendor\codeigniter4\framework\system\Commands\Server\rewrite.php(43): require_once('C:\\laragon\\www\\...')
#6 {main}
CRITICAL - 2022-02-01 08:05:38 --> Undefined variable: driver_aktif
#0 C:\laragon\www\taxi-sharing-2020\app\Views\driver\orderan\views.php(227): CodeIgniter\Debug\Exceptions->errorHandler(8, 'Undefined varia...', 'C:\\laragon\\www\\...', 227, Array)
#1 C:\laragon\www\taxi-sharing-2020\vendor\codeigniter4\framework\system\View\View.php(214): include('C:\\laragon\\www\\...')
#2 C:\laragon\www\taxi-sharing-2020\vendor\codeigniter4\framework\system\View\View.php(217): CodeIgniter\View\View->CodeIgniter\View\{closure}()
#3 C:\laragon\www\taxi-sharing-2020\vendor\codeigniter4\framework\system\Common.php(1092): CodeIgniter\View\View->render('driver/orderan/...', Array, true)
#4 C:\laragon\www\taxi-sharing-2020\app\Controllers\Driver\Orderan.php(53): view('driver/orderan/...', Array)
#5 C:\laragon\www\taxi-sharing-2020\vendor\codeigniter4\framework\system\CodeIgniter.php(802): App\Controllers\Driver\Orderan->index()
#6 C:\laragon\www\taxi-sharing-2020\vendor\codeigniter4\framework\system\CodeIgniter.php(399): CodeIgniter\CodeIgniter->runController(Object(App\Controllers\Driver\Orderan))
#7 C:\laragon\www\taxi-sharing-2020\vendor\codeigniter4\framework\system\CodeIgniter.php(317): CodeIgniter\CodeIgniter->handleRequest(NULL, Object(Config\Cache), false)
#8 C:\laragon\www\taxi-sharing-2020\public\index.php(37): CodeIgniter\CodeIgniter->run()
#9 C:\laragon\www\taxi-sharing-2020\vendor\codeigniter4\framework\system\Commands\Server\rewrite.php(43): require_once('C:\\laragon\\www\\...')
#10 {main}
CRITICAL - 2022-02-01 08:05:39 --> Undefined variable: driver_aktif
#0 C:\laragon\www\taxi-sharing-2020\app\Views\driver\orderan\views.php(227): CodeIgniter\Debug\Exceptions->errorHandler(8, 'Undefined varia...', 'C:\\laragon\\www\\...', 227, Array)
#1 C:\laragon\www\taxi-sharing-2020\vendor\codeigniter4\framework\system\View\View.php(214): include('C:\\laragon\\www\\...')
#2 C:\laragon\www\taxi-sharing-2020\vendor\codeigniter4\framework\system\View\View.php(217): CodeIgniter\View\View->CodeIgniter\View\{closure}()
#3 C:\laragon\www\taxi-sharing-2020\vendor\codeigniter4\framework\system\Common.php(1092): CodeIgniter\View\View->render('driver/orderan/...', Array, true)
#4 C:\laragon\www\taxi-sharing-2020\app\Controllers\Driver\Orderan.php(53): view('driver/orderan/...', Array)
#5 C:\laragon\www\taxi-sharing-2020\vendor\codeigniter4\framework\system\CodeIgniter.php(802): App\Controllers\Driver\Orderan->index()
#6 C:\laragon\www\taxi-sharing-2020\vendor\codeigniter4\framework\system\CodeIgniter.php(399): CodeIgniter\CodeIgniter->runController(Object(App\Controllers\Driver\Orderan))
#7 C:\laragon\www\taxi-sharing-2020\vendor\codeigniter4\framework\system\CodeIgniter.php(317): CodeIgniter\CodeIgniter->handleRequest(NULL, Object(Config\Cache), false)
#8 C:\laragon\www\taxi-sharing-2020\public\index.php(37): CodeIgniter\CodeIgniter->run()
#9 C:\laragon\www\taxi-sharing-2020\vendor\codeigniter4\framework\system\Commands\Server\rewrite.php(43): require_once('C:\\laragon\\www\\...')
#10 {main}
CRITICAL - 2022-02-01 08:05:56 --> Undefined variable: driver_aktif
#0 C:\laragon\www\taxi-sharing-2020\app\Views\driver\orderan\views.php(227): CodeIgniter\Debug\Exceptions->errorHandler(8, 'Undefined varia...', 'C:\\laragon\\www\\...', 227, Array)
#1 C:\laragon\www\taxi-sharing-2020\vendor\codeigniter4\framework\system\View\View.php(214): include('C:\\laragon\\www\\...')
#2 C:\laragon\www\taxi-sharing-2020\vendor\codeigniter4\framework\system\View\View.php(217): CodeIgniter\View\View->CodeIgniter\View\{closure}()
#3 C:\laragon\www\taxi-sharing-2020\vendor\codeigniter4\framework\system\Common.php(1092): CodeIgniter\View\View->render('driver/orderan/...', Array, true)
#4 C:\laragon\www\taxi-sharing-2020\app\Controllers\Driver\Orderan.php(53): view('driver/orderan/...', Array)
#5 C:\laragon\www\taxi-sharing-2020\vendor\codeigniter4\framework\system\CodeIgniter.php(802): App\Controllers\Driver\Orderan->index()
#6 C:\laragon\www\taxi-sharing-2020\vendor\codeigniter4\framework\system\CodeIgniter.php(399): CodeIgniter\CodeIgniter->runController(Object(App\Controllers\Driver\Orderan))
#7 C:\laragon\www\taxi-sharing-2020\vendor\codeigniter4\framework\system\CodeIgniter.php(317): CodeIgniter\CodeIgniter->handleRequest(NULL, Object(Config\Cache), false)
#8 C:\laragon\www\taxi-sharing-2020\public\index.php(37): CodeIgniter\CodeIgniter->run()
#9 C:\laragon\www\taxi-sharing-2020\vendor\codeigniter4\framework\system\Commands\Server\rewrite.php(43): require_once('C:\\laragon\\www\\...')
#10 {main}
CRITICAL - 2022-02-01 08:05:57 --> Undefined variable: driver_aktif
#0 C:\laragon\www\taxi-sharing-2020\app\Views\driver\orderan\views.php(227): CodeIgniter\Debug\Exceptions->errorHandler(8, 'Undefined varia...', 'C:\\laragon\\www\\...', 227, Array)
#1 C:\laragon\www\taxi-sharing-2020\vendor\codeigniter4\framework\system\View\View.php(214): include('C:\\laragon\\www\\...')
#2 C:\laragon\www\taxi-sharing-2020\vendor\codeigniter4\framework\system\View\View.php(217): CodeIgniter\View\View->CodeIgniter\View\{closure}()
#3 C:\laragon\www\taxi-sharing-2020\vendor\codeigniter4\framework\system\Common.php(1092): CodeIgniter\View\View->render('driver/orderan/...', Array, true)
#4 C:\laragon\www\taxi-sharing-2020\app\Controllers\Driver\Orderan.php(53): view('driver/orderan/...', Array)
#5 C:\laragon\www\taxi-sharing-2020\vendor\codeigniter4\framework\system\CodeIgniter.php(802): App\Controllers\Driver\Orderan->index()
#6 C:\laragon\www\taxi-sharing-2020\vendor\codeigniter4\framework\system\CodeIgniter.php(399): CodeIgniter\CodeIgniter->runController(Object(App\Controllers\Driver\Orderan))
#7 C:\laragon\www\taxi-sharing-2020\vendor\codeigniter4\framework\system\CodeIgniter.php(317): CodeIgniter\CodeIgniter->handleRequest(NULL, Object(Config\Cache), false)
#8 C:\laragon\www\taxi-sharing-2020\public\index.php(37): CodeIgniter\CodeIgniter->run()
#9 C:\laragon\www\taxi-sharing-2020\vendor\codeigniter4\framework\system\Commands\Server\rewrite.php(43): require_once('C:\\laragon\\www\\...')
#10 {main}
CRITICAL - 2022-02-01 08:06:55 --> Undefined index: jenis_kelamin
#0 C:\laragon\www\taxi-sharing-2020\app\Controllers\Driver\Pengantaran.php(26): CodeIgniter\Debug\Exceptions->errorHandler(8, 'Undefined index...', 'C:\\laragon\\www\\...', 26, Array)
#1 C:\laragon\www\taxi-sharing-2020\vendor\codeigniter4\framework\system\CodeIgniter.php(779): App\Controllers\Driver\Pengantaran->__construct()
#2 C:\laragon\www\taxi-sharing-2020\vendor\codeigniter4\framework\system\CodeIgniter.php(390): CodeIgniter\CodeIgniter->createController()
#3 C:\laragon\www\taxi-sharing-2020\vendor\codeigniter4\framework\system\CodeIgniter.php(317): CodeIgniter\CodeIgniter->handleRequest(NULL, Object(Config\Cache), false)
#4 C:\laragon\www\taxi-sharing-2020\public\index.php(37): CodeIgniter\CodeIgniter->run()
#5 C:\laragon\www\taxi-sharing-2020\vendor\codeigniter4\framework\system\Commands\Server\rewrite.php(43): require_once('C:\\laragon\\www\\...')
#6 {main}
CRITICAL - 2022-02-01 08:22:36 --> file_get_contents(https://maps.google.com/maps/api/geocode/json?latlng=,&amp;key=AIzaSyBJkHXEVXBSLY7ExRcxoDxXzRYLJHg7qfI): failed to open stream: HTTP request failed! HTTP/1.0 400 Bad Request

#0 [internal function]: CodeIgniter\Debug\Exceptions->errorHandler(2, 'file_get_conten...', 'C:\\laragon\\www\\...', 45, Array)
#1 C:\laragon\www\taxi-sharing-2020\app\Controllers\Driver\Dashboard.php(45): file_get_contents('https://maps.go...')
#2 C:\laragon\www\taxi-sharing-2020\app\Views\customer\dashboard\views.php(52): App\Controllers\Driver\Dashboard->getAddress(NULL, NULL)
#3 C:\laragon\www\taxi-sharing-2020\vendor\codeigniter4\framework\system\View\View.php(214): include('C:\\laragon\\www\\...')
#4 C:\laragon\www\taxi-sharing-2020\vendor\codeigniter4\framework\system\View\View.php(217): CodeIgniter\View\View->CodeIgniter\View\{closure}()
#5 C:\laragon\www\taxi-sharing-2020\vendor\codeigniter4\framework\system\Common.php(1092): CodeIgniter\View\View->render('customer/dashbo...', Array, true)
#6 C:\laragon\www\taxi-sharing-2020\app\Controllers\Customer\Dashboard.php(92): view('customer/dashbo...', Array)
#7 C:\laragon\www\taxi-sharing-2020\vendor\codeigniter4\framework\system\CodeIgniter.php(802): App\Controllers\Customer\Dashboard->index()
#8 C:\laragon\www\taxi-sharing-2020\vendor\codeigniter4\framework\system\CodeIgniter.php(399): CodeIgniter\CodeIgniter->runController(Object(App\Controllers\Customer\Dashboard))
#9 C:\laragon\www\taxi-sharing-2020\vendor\codeigniter4\framework\system\CodeIgniter.php(317): CodeIgniter\CodeIgniter->handleRequest(NULL, Object(Config\Cache), false)
#10 C:\laragon\www\taxi-sharing-2020\public\index.php(37): CodeIgniter\CodeIgniter->run()
#11 C:\laragon\www\taxi-sharing-2020\vendor\codeigniter4\framework\system\Commands\Server\rewrite.php(43): require_once('C:\\laragon\\www\\...')
#12 {main}
CRITICAL - 2022-02-01 08:23:50 --> Undefined property: stdClass::$distance
#0 C:\laragon\www\taxi-sharing-2020\app\Controllers\Driver\Dashboard.php(67): CodeIgniter\Debug\Exceptions->errorHandler(8, 'Undefined prope...', 'C:\\laragon\\www\\...', 67, Array)
#1 C:\laragon\www\taxi-sharing-2020\app\Views\customer\dashboard\views.php(403): App\Controllers\Driver\Dashboard->distance_matrix_google(NULL, NULL, '-0.0402352', '109.3283336')
#2 C:\laragon\www\taxi-sharing-2020\vendor\codeigniter4\framework\system\View\View.php(214): include('C:\\laragon\\www\\...')
#3 C:\laragon\www\taxi-sharing-2020\vendor\codeigniter4\framework\system\View\View.php(217): CodeIgniter\View\View->CodeIgniter\View\{closure}()
#4 C:\laragon\www\taxi-sharing-2020\vendor\codeigniter4\framework\system\Common.php(1092): CodeIgniter\View\View->render('customer/dashbo...', Array, true)
#5 C:\laragon\www\taxi-sharing-2020\app\Controllers\Customer\Dashboard.php(92): view('customer/dashbo...', Array)
#6 C:\laragon\www\taxi-sharing-2020\vendor\codeigniter4\framework\system\CodeIgniter.php(802): App\Controllers\Customer\Dashboard->index()
#7 C:\laragon\www\taxi-sharing-2020\vendor\codeigniter4\framework\system\CodeIgniter.php(399): CodeIgniter\CodeIgniter->runController(Object(App\Controllers\Customer\Dashboard))
#8 C:\laragon\www\taxi-sharing-2020\vendor\codeigniter4\framework\system\CodeIgniter.php(317): CodeIgniter\CodeIgniter->handleRequest(NULL, Object(Config\Cache), false)
#9 C:\laragon\www\taxi-sharing-2020\public\index.php(37): CodeIgniter\CodeIgniter->run()
#10 C:\laragon\www\taxi-sharing-2020\vendor\codeigniter4\framework\system\Commands\Server\rewrite.php(43): require_once('C:\\laragon\\www\\...')
#11 {main}
CRITICAL - 2022-02-01 08:24:59 --> Undefined property: stdClass::$distance
#0 C:\laragon\www\taxi-sharing-2020\app\Controllers\Driver\Dashboard.php(67): CodeIgniter\Debug\Exceptions->errorHandler(8, 'Undefined prope...', 'C:\\laragon\\www\\...', 67, Array)
#1 C:\laragon\www\taxi-sharing-2020\app\Views\customer\dashboard\views.php(403): App\Controllers\Driver\Dashboard->distance_matrix_google(NULL, NULL, '-0.0402352', '109.3283336')
#2 C:\laragon\www\taxi-sharing-2020\vendor\codeigniter4\framework\system\View\View.php(214): include('C:\\laragon\\www\\...')
#3 C:\laragon\www\taxi-sharing-2020\vendor\codeigniter4\framework\system\View\View.php(217): CodeIgniter\View\View->CodeIgniter\View\{closure}()
#4 C:\laragon\www\taxi-sharing-2020\vendor\codeigniter4\framework\system\Common.php(1092): CodeIgniter\View\View->render('customer/dashbo...', Array, true)
#5 C:\laragon\www\taxi-sharing-2020\app\Controllers\Customer\Dashboard.php(92): view('customer/dashbo...', Array)
#6 C:\laragon\www\taxi-sharing-2020\vendor\codeigniter4\framework\system\CodeIgniter.php(802): App\Controllers\Customer\Dashboard->index()
#7 C:\laragon\www\taxi-sharing-2020\vendor\codeigniter4\framework\system\CodeIgniter.php(399): CodeIgniter\CodeIgniter->runController(Object(App\Controllers\Customer\Dashboard))
#8 C:\laragon\www\taxi-sharing-2020\vendor\codeigniter4\framework\system\CodeIgniter.php(317): CodeIgniter\CodeIgniter->handleRequest(NULL, Object(Config\Cache), false)
#9 C:\laragon\www\taxi-sharing-2020\public\index.php(37): CodeIgniter\CodeIgniter->run()
#10 C:\laragon\www\taxi-sharing-2020\vendor\codeigniter4\framework\system\Commands\Server\rewrite.php(43): require_once('C:\\laragon\\www\\...')
#11 {main}
CRITICAL - 2022-02-01 08:25:02 --> Undefined property: stdClass::$distance
#0 C:\laragon\www\taxi-sharing-2020\app\Controllers\Driver\Dashboard.php(67): CodeIgniter\Debug\Exceptions->errorHandler(8, 'Undefined prope...', 'C:\\laragon\\www\\...', 67, Array)
#1 C:\laragon\www\taxi-sharing-2020\app\Views\customer\dashboard\views.php(403): App\Controllers\Driver\Dashboard->distance_matrix_google(NULL, NULL, '-0.0402352', '109.3283336')
#2 C:\laragon\www\taxi-sharing-2020\vendor\codeigniter4\framework\system\View\View.php(214): include('C:\\laragon\\www\\...')
#3 C:\laragon\www\taxi-sharing-2020\vendor\codeigniter4\framework\system\View\View.php(217): CodeIgniter\View\View->CodeIgniter\View\{closure}()
#4 C:\laragon\www\taxi-sharing-2020\vendor\codeigniter4\framework\system\Common.php(1092): CodeIgniter\View\View->render('customer/dashbo...', Array, true)
#5 C:\laragon\www\taxi-sharing-2020\app\Controllers\Customer\Dashboard.php(92): view('customer/dashbo...', Array)
#6 C:\laragon\www\taxi-sharing-2020\vendor\codeigniter4\framework\system\CodeIgniter.php(802): App\Controllers\Customer\Dashboard->index()
#7 C:\laragon\www\taxi-sharing-2020\vendor\codeigniter4\framework\system\CodeIgniter.php(399): CodeIgniter\CodeIgniter->runController(Object(App\Controllers\Customer\Dashboard))
#8 C:\laragon\www\taxi-sharing-2020\vendor\codeigniter4\framework\system\CodeIgniter.php(317): CodeIgniter\CodeIgniter->handleRequest(NULL, Object(Config\Cache), false)
#9 C:\laragon\www\taxi-sharing-2020\public\index.php(37): CodeIgniter\CodeIgniter->run()
#10 C:\laragon\www\taxi-sharing-2020\vendor\codeigniter4\framework\system\Commands\Server\rewrite.php(43): require_once('C:\\laragon\\www\\...')
#11 {main}
CRITICAL - 2022-02-01 08:29:19 --> file_get_contents(https://maps.google.com/maps/api/geocode/json?latlng=,&amp;key=AIzaSyBJkHXEVXBSLY7ExRcxoDxXzRYLJHg7qfI): failed to open stream: HTTP request failed! HTTP/1.0 400 Bad Request

#0 [internal function]: CodeIgniter\Debug\Exceptions->errorHandler(2, 'file_get_conten...', 'C:\\laragon\\www\\...', 45, Array)
#1 C:\laragon\www\taxi-sharing-2020\app\Controllers\Driver\Dashboard.php(45): file_get_contents('https://maps.go...')
#2 C:\laragon\www\taxi-sharing-2020\app\Views\customer\order\views.php(643): App\Controllers\Driver\Dashboard->getAddress(NULL, NULL)
#3 C:\laragon\www\taxi-sharing-2020\vendor\codeigniter4\framework\system\View\View.php(214): include('C:\\laragon\\www\\...')
#4 C:\laragon\www\taxi-sharing-2020\vendor\codeigniter4\framework\system\View\View.php(217): CodeIgniter\View\View->CodeIgniter\View\{closure}()
#5 C:\laragon\www\taxi-sharing-2020\vendor\codeigniter4\framework\system\Common.php(1092): CodeIgniter\View\View->render('customer/order/...', Array, true)
#6 C:\laragon\www\taxi-sharing-2020\app\Controllers\Customer\Order.php(96): view('customer/order/...', Array)
#7 C:\laragon\www\taxi-sharing-2020\vendor\codeigniter4\framework\system\CodeIgniter.php(802): App\Controllers\Customer\Order->index()
#8 C:\laragon\www\taxi-sharing-2020\vendor\codeigniter4\framework\system\CodeIgniter.php(399): CodeIgniter\CodeIgniter->runController(Object(App\Controllers\Customer\Order))
#9 C:\laragon\www\taxi-sharing-2020\vendor\codeigniter4\framework\system\CodeIgniter.php(317): CodeIgniter\CodeIgniter->handleRequest(NULL, Object(Config\Cache), false)
#10 C:\laragon\www\taxi-sharing-2020\public\index.php(37): CodeIgniter\CodeIgniter->run()
#11 C:\laragon\www\taxi-sharing-2020\vendor\codeigniter4\framework\system\Commands\Server\rewrite.php(43): require_once('C:\\laragon\\www\\...')
#12 {main}
CRITICAL - 2022-02-01 08:50:22 --> Invalid file: customer/history/views.php
#0 C:\laragon\www\taxi-sharing-2020\vendor\codeigniter4\framework\system\View\View.php(198): CodeIgniter\Exceptions\FrameworkException::forInvalidFile('customer/histor...')
#1 C:\laragon\www\taxi-sharing-2020\vendor\codeigniter4\framework\system\Common.php(1092): CodeIgniter\View\View->render('customer/histor...', Array, true)
#2 C:\laragon\www\taxi-sharing-2020\app\Controllers\Customer\Order.php(118): view('customer/histor...', Array)
#3 C:\laragon\www\taxi-sharing-2020\vendor\codeigniter4\framework\system\CodeIgniter.php(802): App\Controllers\Customer\Order->history()
#4 C:\laragon\www\taxi-sharing-2020\vendor\codeigniter4\framework\system\CodeIgniter.php(399): CodeIgniter\CodeIgniter->runController(Object(App\Controllers\Customer\Order))
#5 C:\laragon\www\taxi-sharing-2020\vendor\codeigniter4\framework\system\CodeIgniter.php(317): CodeIgniter\CodeIgniter->handleRequest(NULL, Object(Config\Cache), false)
#6 C:\laragon\www\taxi-sharing-2020\public\index.php(37): CodeIgniter\CodeIgniter->run()
#7 C:\laragon\www\taxi-sharing-2020\vendor\codeigniter4\framework\system\Commands\Server\rewrite.php(43): require_once('C:\\laragon\\www\\...')
#8 {main}
CRITICAL - 2022-02-01 08:52:00 --> Undefined variable: pengantaran
#0 C:\laragon\www\taxi-sharing-2020\app\Views\customer\history\views.php(58): CodeIgniter\Debug\Exceptions->errorHandler(8, 'Undefined varia...', 'C:\\laragon\\www\\...', 58, Array)
#1 C:\laragon\www\taxi-sharing-2020\vendor\codeigniter4\framework\system\View\View.php(214): include('C:\\laragon\\www\\...')
#2 C:\laragon\www\taxi-sharing-2020\vendor\codeigniter4\framework\system\View\View.php(217): CodeIgniter\View\View->CodeIgniter\View\{closure}()
#3 C:\laragon\www\taxi-sharing-2020\vendor\codeigniter4\framework\system\Common.php(1092): CodeIgniter\View\View->render('customer/histor...', Array, true)
#4 C:\laragon\www\taxi-sharing-2020\app\Controllers\Customer\Order.php(118): view('customer/histor...', Array)
#5 C:\laragon\www\taxi-sharing-2020\vendor\codeigniter4\framework\system\CodeIgniter.php(802): App\Controllers\Customer\Order->history()
#6 C:\laragon\www\taxi-sharing-2020\vendor\codeigniter4\framework\system\CodeIgniter.php(399): CodeIgniter\CodeIgniter->runController(Object(App\Controllers\Customer\Order))
#7 C:\laragon\www\taxi-sharing-2020\vendor\codeigniter4\framework\system\CodeIgniter.php(317): CodeIgniter\CodeIgniter->handleRequest(NULL, Object(Config\Cache), false)
#8 C:\laragon\www\taxi-sharing-2020\public\index.php(37): CodeIgniter\CodeIgniter->run()
#9 C:\laragon\www\taxi-sharing-2020\vendor\codeigniter4\framework\system\Commands\Server\rewrite.php(43): require_once('C:\\laragon\\www\\...')
#10 {main}
CRITICAL - 2022-02-01 08:52:01 --> Undefined variable: pengantaran
#0 C:\laragon\www\taxi-sharing-2020\app\Views\customer\history\views.php(58): CodeIgniter\Debug\Exceptions->errorHandler(8, 'Undefined varia...', 'C:\\laragon\\www\\...', 58, Array)
#1 C:\laragon\www\taxi-sharing-2020\vendor\codeigniter4\framework\system\View\View.php(214): include('C:\\laragon\\www\\...')
#2 C:\laragon\www\taxi-sharing-2020\vendor\codeigniter4\framework\system\View\View.php(217): CodeIgniter\View\View->CodeIgniter\View\{closure}()
#3 C:\laragon\www\taxi-sharing-2020\vendor\codeigniter4\framework\system\Common.php(1092): CodeIgniter\View\View->render('customer/histor...', Array, true)
#4 C:\laragon\www\taxi-sharing-2020\app\Controllers\Customer\Order.php(118): view('customer/histor...', Array)
#5 C:\laragon\www\taxi-sharing-2020\vendor\codeigniter4\framework\system\CodeIgniter.php(802): App\Controllers\Customer\Order->history()
#6 C:\laragon\www\taxi-sharing-2020\vendor\codeigniter4\framework\system\CodeIgniter.php(399): CodeIgniter\CodeIgniter->runController(Object(App\Controllers\Customer\Order))
#7 C:\laragon\www\taxi-sharing-2020\vendor\codeigniter4\framework\system\CodeIgniter.php(317): CodeIgniter\CodeIgniter->handleRequest(NULL, Object(Config\Cache), false)
#8 C:\laragon\www\taxi-sharing-2020\public\index.php(37): CodeIgniter\CodeIgniter->run()
#9 C:\laragon\www\taxi-sharing-2020\vendor\codeigniter4\framework\system\Commands\Server\rewrite.php(43): require_once('C:\\laragon\\www\\...')
#10 {main}
CRITICAL - 2022-02-01 09:43:39 --> Undefined property: App\Controllers\Customer\Akun::$PengantaranModel
#0 C:\laragon\www\taxi-sharing-2020\app\Controllers\Customer\Akun.php(64): CodeIgniter\Debug\Exceptions->errorHandler(8, 'Undefined prope...', 'C:\\laragon\\www\\...', 64, Array)
#1 C:\laragon\www\taxi-sharing-2020\vendor\codeigniter4\framework\system\CodeIgniter.php(802): App\Controllers\Customer\Akun->index()
#2 C:\laragon\www\taxi-sharing-2020\vendor\codeigniter4\framework\system\CodeIgniter.php(399): CodeIgniter\CodeIgniter->runController(Object(App\Controllers\Customer\Akun))
#3 C:\laragon\www\taxi-sharing-2020\vendor\codeigniter4\framework\system\CodeIgniter.php(317): CodeIgniter\CodeIgniter->handleRequest(NULL, Object(Config\Cache), false)
#4 C:\laragon\www\taxi-sharing-2020\public\index.php(37): CodeIgniter\CodeIgniter->run()
#5 C:\laragon\www\taxi-sharing-2020\vendor\codeigniter4\framework\system\Commands\Server\rewrite.php(43): require_once('C:\\laragon\\www\\...')
#6 {main}
CRITICAL - 2022-02-01 09:45:56 --> Undefined variable: data_tarif
#0 C:\laragon\www\taxi-sharing-2020\app\Views\customer\akun\views.php(35): CodeIgniter\Debug\Exceptions->errorHandler(8, 'Undefined varia...', 'C:\\laragon\\www\\...', 35, Array)
#1 C:\laragon\www\taxi-sharing-2020\vendor\codeigniter4\framework\system\View\View.php(214): include('C:\\laragon\\www\\...')
#2 C:\laragon\www\taxi-sharing-2020\vendor\codeigniter4\framework\system\View\View.php(217): CodeIgniter\View\View->CodeIgniter\View\{closure}()
#3 C:\laragon\www\taxi-sharing-2020\vendor\codeigniter4\framework\system\Common.php(1092): CodeIgniter\View\View->render('customer/akun/v...', Array, true)
#4 C:\laragon\www\taxi-sharing-2020\app\Controllers\Customer\Akun.php(81): view('customer/akun/v...', Array)
#5 C:\laragon\www\taxi-sharing-2020\vendor\codeigniter4\framework\system\CodeIgniter.php(802): App\Controllers\Customer\Akun->index()
#6 C:\laragon\www\taxi-sharing-2020\vendor\codeigniter4\framework\system\CodeIgniter.php(399): CodeIgniter\CodeIgniter->runController(Object(App\Controllers\Customer\Akun))
#7 C:\laragon\www\taxi-sharing-2020\vendor\codeigniter4\framework\system\CodeIgniter.php(317): CodeIgniter\CodeIgniter->handleRequest(NULL, Object(Config\Cache), false)
#8 C:\laragon\www\taxi-sharing-2020\public\index.php(37): CodeIgniter\CodeIgniter->run()
#9 C:\laragon\www\taxi-sharing-2020\vendor\codeigniter4\framework\system\Commands\Server\rewrite.php(43): require_once('C:\\laragon\\www\\...')
#10 {main}
CRITICAL - 2022-02-01 09:47:48 --> Undefined index: username
#0 C:\laragon\www\taxi-sharing-2020\app\Controllers\Customer\Akun.php(21): CodeIgniter\Debug\Exceptions->errorHandler(8, 'Undefined index...', 'C:\\laragon\\www\\...', 21, Array)
#1 C:\laragon\www\taxi-sharing-2020\vendor\codeigniter4\framework\system\CodeIgniter.php(779): App\Controllers\Customer\Akun->__construct()
#2 C:\laragon\www\taxi-sharing-2020\vendor\codeigniter4\framework\system\CodeIgniter.php(390): CodeIgniter\CodeIgniter->createController()
#3 C:\laragon\www\taxi-sharing-2020\vendor\codeigniter4\framework\system\CodeIgniter.php(317): CodeIgniter\CodeIgniter->handleRequest(NULL, Object(Config\Cache), false)
#4 C:\laragon\www\taxi-sharing-2020\public\index.php(37): CodeIgniter\CodeIgniter->run()
#5 C:\laragon\www\taxi-sharing-2020\vendor\codeigniter4\framework\system\Commands\Server\rewrite.php(43): require_once('C:\\laragon\\www\\...')
#6 {main}
CRITICAL - 2022-02-01 09:50:46 --> Trying to access array offset on value of type null
#0 C:\laragon\www\taxi-sharing-2020\app\Controllers\Admin\Orderan.php(22): CodeIgniter\Debug\Exceptions->errorHandler(8, 'Trying to acces...', 'C:\\laragon\\www\\...', 22, Array)
#1 C:\laragon\www\taxi-sharing-2020\vendor\codeigniter4\framework\system\CodeIgniter.php(779): App\Controllers\Admin\Orderan->__construct()
#2 C:\laragon\www\taxi-sharing-2020\vendor\codeigniter4\framework\system\CodeIgniter.php(390): CodeIgniter\CodeIgniter->createController()
#3 C:\laragon\www\taxi-sharing-2020\vendor\codeigniter4\framework\system\CodeIgniter.php(317): CodeIgniter\CodeIgniter->handleRequest(NULL, Object(Config\Cache), false)
#4 C:\laragon\www\taxi-sharing-2020\public\index.php(37): CodeIgniter\CodeIgniter->run()
#5 C:\laragon\www\taxi-sharing-2020\vendor\codeigniter4\framework\system\Commands\Server\rewrite.php(43): require_once('C:\\laragon\\www\\...')
#6 {main}
CRITICAL - 2022-02-01 05:24:36 --> App\Controllers\customer\Auth::login(): Failed opening required 'C:\laragon\www\taxi-sharing-2020\app\Libraries/vendor/autoload.php' (include_path='.;C:/laragon/etc/php/pear')
#0 [internal function]: CodeIgniter\Debug\Exceptions->shutdownHandler()
#1 {main}
CRITICAL - 2022-02-01 05:28:02 --> App\Controllers\customer\Auth::login(): Failed opening required 'C:\laragon\www\taxi-sharing-2020\app\Libraries/vendor/autoload.php' (include_path='.;C:/laragon/etc/php/pear')
#0 [internal function]: CodeIgniter\Debug\Exceptions->shutdownHandler()
#1 {main}
CRITICAL - 2022-02-01 18:38:17 --> App\Controllers\customer\Auth::login(): Failed opening required 'C:\laragon\www\taxi-sharing-2020\app\Libraries/vendor/autoload.php' (include_path='.;C:/laragon/etc/php/pear')
#0 [internal function]: CodeIgniter\Debug\Exceptions->shutdownHandler()
#1 {main}
CRITICAL - 2022-02-01 18:42:45 --> App\Controllers\customer\Auth::login(): Failed opening required 'C:\laragon\www\taxi-sharing-2020\app\Libraries/vendor/autoload.php' (include_path='.;C:/laragon/etc/php/pear')
#0 [internal function]: CodeIgniter\Debug\Exceptions->shutdownHandler()
#1 {main}
