CRITICAL - 2021-10-11 06:53:25 --> Invalid file: driver/dashboard/views.php
#0 C:\xampp\htdocs\taxi-sharing-2020\vendor\codeigniter4\framework\system\View\View.php(198): CodeIgniter\Exceptions\FrameworkException::forInvalidFile('driver/dashboar...')
#1 C:\xampp\htdocs\taxi-sharing-2020\vendor\codeigniter4\framework\system\Common.php(1092): CodeIgniter\View\View->render('driver/dashboar...', Array, true)
#2 C:\xampp\htdocs\taxi-sharing-2020\app\Controllers\Driver\Dashboard.php(70): view('driver/dashboar...', Array)
#3 C:\xampp\htdocs\taxi-sharing-2020\vendor\codeigniter4\framework\system\CodeIgniter.php(802): App\Controllers\Driver\Dashboard->index()
#4 C:\xampp\htdocs\taxi-sharing-2020\vendor\codeigniter4\framework\system\CodeIgniter.php(399): CodeIgniter\CodeIgniter->runController(Object(App\Controllers\Driver\Dashboard))
#5 C:\xampp\htdocs\taxi-sharing-2020\vendor\codeigniter4\framework\system\CodeIgniter.php(317): CodeIgniter\CodeIgniter->handleRequest(NULL, Object(Config\Cache), false)
#6 C:\xampp\htdocs\taxi-sharing-2020\public\index.php(37): CodeIgniter\CodeIgniter->run()
#7 C:\xampp\htdocs\taxi-sharing-2020\vendor\codeigniter4\framework\system\Commands\Server\rewrite.php(43): require_once('C:\\xampp\\htdocs...')
#8 {main}
CRITICAL - 2021-10-11 06:54:22 --> Undefined array key "status"
#0 C:\xampp\htdocs\taxi-sharing-2020\app\Controllers\Driver\Dashboard.php(29): CodeIgniter\Debug\Exceptions->errorHandler(2, 'Undefined array...', 'C:\\xampp\\htdocs...', 29)
#1 C:\xampp\htdocs\taxi-sharing-2020\vendor\codeigniter4\framework\system\CodeIgniter.php(779): App\Controllers\Driver\Dashboard->__construct()
#2 C:\xampp\htdocs\taxi-sharing-2020\vendor\codeigniter4\framework\system\CodeIgniter.php(390): CodeIgniter\CodeIgniter->createController()
#3 C:\xampp\htdocs\taxi-sharing-2020\vendor\codeigniter4\framework\system\CodeIgniter.php(317): CodeIgniter\CodeIgniter->handleRequest(NULL, Object(Config\Cache), false)
#4 C:\xampp\htdocs\taxi-sharing-2020\public\index.php(37): CodeIgniter\CodeIgniter->run()
#5 C:\xampp\htdocs\taxi-sharing-2020\vendor\codeigniter4\framework\system\Commands\Server\rewrite.php(43): require_once('C:\\xampp\\htdocs...')
#6 {main}
CRITICAL - 2021-10-11 07:31:26 --> Invalid file: driver/pengantaran/views.php
#0 C:\xampp\htdocs\taxi-sharing-2020\vendor\codeigniter4\framework\system\View\View.php(198): CodeIgniter\Exceptions\FrameworkException::forInvalidFile('driver/penganta...')
#1 C:\xampp\htdocs\taxi-sharing-2020\vendor\codeigniter4\framework\system\Common.php(1092): CodeIgniter\View\View->render('driver/penganta...', Array, true)
#2 C:\xampp\htdocs\taxi-sharing-2020\app\Controllers\Driver\Pengantaran.php(77): view('driver/penganta...', Array)
#3 C:\xampp\htdocs\taxi-sharing-2020\vendor\codeigniter4\framework\system\CodeIgniter.php(802): App\Controllers\Driver\Pengantaran->index()
#4 C:\xampp\htdocs\taxi-sharing-2020\vendor\codeigniter4\framework\system\CodeIgniter.php(399): CodeIgniter\CodeIgniter->runController(Object(App\Controllers\Driver\Pengantaran))
#5 C:\xampp\htdocs\taxi-sharing-2020\vendor\codeigniter4\framework\system\CodeIgniter.php(317): CodeIgniter\CodeIgniter->handleRequest(NULL, Object(Config\Cache), false)
#6 C:\xampp\htdocs\taxi-sharing-2020\public\index.php(37): CodeIgniter\CodeIgniter->run()
#7 C:\xampp\htdocs\taxi-sharing-2020\vendor\codeigniter4\framework\system\Commands\Server\rewrite.php(43): require_once('C:\\xampp\\htdocs...')
#8 {main}
ERROR - 2021-10-11 08:37:23 --> Unknown column 'id_supir' in 'where clause'
CRITICAL - 2021-10-11 08:37:23 --> Unknown column 'id_supir' in 'where clause'
#0 C:\xampp\htdocs\taxi-sharing-2020\vendor\codeigniter4\framework\system\Database\MySQLi\Connection.php(280): mysqli->query('SELECT * FROM t...')
#1 C:\xampp\htdocs\taxi-sharing-2020\vendor\codeigniter4\framework\system\Database\BaseConnection.php(663): CodeIgniter\Database\MySQLi\Connection->execute('SELECT * FROM t...')
#2 C:\xampp\htdocs\taxi-sharing-2020\vendor\codeigniter4\framework\system\Database\BaseConnection.php(591): CodeIgniter\Database\BaseConnection->simpleQuery('SELECT * FROM t...')
#3 C:\xampp\htdocs\taxi-sharing-2020\app\Views\driver\pengantaran\views.php(34): CodeIgniter\Database\BaseConnection->query('SELECT * FROM t...')
#4 C:\xampp\htdocs\taxi-sharing-2020\vendor\codeigniter4\framework\system\View\View.php(214): include('C:\\xampp\\htdocs...')
#5 C:\xampp\htdocs\taxi-sharing-2020\vendor\codeigniter4\framework\system\View\View.php(217): CodeIgniter\View\View->CodeIgniter\View\{closure}()
#6 C:\xampp\htdocs\taxi-sharing-2020\vendor\codeigniter4\framework\system\Common.php(1092): CodeIgniter\View\View->render('driver/penganta...', Array, true)
#7 C:\xampp\htdocs\taxi-sharing-2020\app\Controllers\Driver\Pengantaran.php(77): view('driver/penganta...', Array)
#8 C:\xampp\htdocs\taxi-sharing-2020\vendor\codeigniter4\framework\system\CodeIgniter.php(802): App\Controllers\Driver\Pengantaran->index()
#9 C:\xampp\htdocs\taxi-sharing-2020\vendor\codeigniter4\framework\system\CodeIgniter.php(399): CodeIgniter\CodeIgniter->runController(Object(App\Controllers\Driver\Pengantaran))
#10 C:\xampp\htdocs\taxi-sharing-2020\vendor\codeigniter4\framework\system\CodeIgniter.php(317): CodeIgniter\CodeIgniter->handleRequest(NULL, Object(Config\Cache), false)
#11 C:\xampp\htdocs\taxi-sharing-2020\public\index.php(37): CodeIgniter\CodeIgniter->run()
#12 C:\xampp\htdocs\taxi-sharing-2020\vendor\codeigniter4\framework\system\Commands\Server\rewrite.php(43): require_once('C:\\xampp\\htdocs...')
#13 {main}
ERROR - 2021-10-11 08:37:24 --> Unknown column 'id_supir' in 'where clause'
CRITICAL - 2021-10-11 08:37:24 --> Unknown column 'id_supir' in 'where clause'
#0 C:\xampp\htdocs\taxi-sharing-2020\vendor\codeigniter4\framework\system\Database\MySQLi\Connection.php(280): mysqli->query('SELECT * FROM t...')
#1 C:\xampp\htdocs\taxi-sharing-2020\vendor\codeigniter4\framework\system\Database\BaseConnection.php(663): CodeIgniter\Database\MySQLi\Connection->execute('SELECT * FROM t...')
#2 C:\xampp\htdocs\taxi-sharing-2020\vendor\codeigniter4\framework\system\Database\BaseConnection.php(591): CodeIgniter\Database\BaseConnection->simpleQuery('SELECT * FROM t...')
#3 C:\xampp\htdocs\taxi-sharing-2020\app\Views\driver\pengantaran\views.php(34): CodeIgniter\Database\BaseConnection->query('SELECT * FROM t...')
#4 C:\xampp\htdocs\taxi-sharing-2020\vendor\codeigniter4\framework\system\View\View.php(214): include('C:\\xampp\\htdocs...')
#5 C:\xampp\htdocs\taxi-sharing-2020\vendor\codeigniter4\framework\system\View\View.php(217): CodeIgniter\View\View->CodeIgniter\View\{closure}()
#6 C:\xampp\htdocs\taxi-sharing-2020\vendor\codeigniter4\framework\system\Common.php(1092): CodeIgniter\View\View->render('driver/penganta...', Array, true)
#7 C:\xampp\htdocs\taxi-sharing-2020\app\Controllers\Driver\Pengantaran.php(77): view('driver/penganta...', Array)
#8 C:\xampp\htdocs\taxi-sharing-2020\vendor\codeigniter4\framework\system\CodeIgniter.php(802): App\Controllers\Driver\Pengantaran->index()
#9 C:\xampp\htdocs\taxi-sharing-2020\vendor\codeigniter4\framework\system\CodeIgniter.php(399): CodeIgniter\CodeIgniter->runController(Object(App\Controllers\Driver\Pengantaran))
#10 C:\xampp\htdocs\taxi-sharing-2020\vendor\codeigniter4\framework\system\CodeIgniter.php(317): CodeIgniter\CodeIgniter->handleRequest(NULL, Object(Config\Cache), false)
#11 C:\xampp\htdocs\taxi-sharing-2020\public\index.php(37): CodeIgniter\CodeIgniter->run()
#12 C:\xampp\htdocs\taxi-sharing-2020\vendor\codeigniter4\framework\system\Commands\Server\rewrite.php(43): require_once('C:\\xampp\\htdocs...')
#13 {main}
