CRITICAL - 2022-01-28 06:53:09 --> Undefined variable: status
#0 C:\laragon\www\taxi-sharing-2020\app\Views\driver\pengantaran\views.php(76): CodeIgniter\Debug\Exceptions->errorHandler(8, 'Undefined varia...', 'C:\\laragon\\www\\...', 76, Array)
#1 C:\laragon\www\taxi-sharing-2020\vendor\codeigniter4\framework\system\View\View.php(214): include('C:\\laragon\\www\\...')
#2 C:\laragon\www\taxi-sharing-2020\vendor\codeigniter4\framework\system\View\View.php(217): CodeIgniter\View\View->CodeIgniter\View\{closure}()
#3 C:\laragon\www\taxi-sharing-2020\vendor\codeigniter4\framework\system\Common.php(1092): CodeIgniter\View\View->render('driver/penganta...', Array, true)
#4 C:\laragon\www\taxi-sharing-2020\app\Controllers\Driver\Pengantaran.php(77): view('driver/penganta...', Array)
#5 C:\laragon\www\taxi-sharing-2020\vendor\codeigniter4\framework\system\CodeIgniter.php(802): App\Controllers\Driver\Pengantaran->index()
#6 C:\laragon\www\taxi-sharing-2020\vendor\codeigniter4\framework\system\CodeIgniter.php(399): CodeIgniter\CodeIgniter->runController(Object(App\Controllers\Driver\Pengantaran))
#7 C:\laragon\www\taxi-sharing-2020\vendor\codeigniter4\framework\system\CodeIgniter.php(317): CodeIgniter\CodeIgniter->handleRequest(NULL, Object(Config\Cache), false)
#8 C:\laragon\www\taxi-sharing-2020\public\index.php(37): CodeIgniter\CodeIgniter->run()
#9 C:\laragon\www\taxi-sharing-2020\vendor\codeigniter4\framework\system\Commands\Server\rewrite.php(43): require_once('C:\\laragon\\www\\...')
#10 {main}
CRITICAL - 2022-01-28 07:07:26 --> Cannot declare class App\Controllers\Customer\Order, because the name is already in use
#0 [internal function]: CodeIgniter\Debug\Exceptions->shutdownHandler()
#1 {main}
CRITICAL - 2022-01-28 07:38:42 --> Undefined variable: jml_pengantaran_diproses
#0 C:\laragon\www\taxi-sharing-2020\app\Views\customer\order\views.php(16): CodeIgniter\Debug\Exceptions->errorHandler(8, 'Undefined varia...', 'C:\\laragon\\www\\...', 16, Array)
#1 C:\laragon\www\taxi-sharing-2020\vendor\codeigniter4\framework\system\View\View.php(214): include('C:\\laragon\\www\\...')
#2 C:\laragon\www\taxi-sharing-2020\vendor\codeigniter4\framework\system\View\View.php(217): CodeIgniter\View\View->CodeIgniter\View\{closure}()
#3 C:\laragon\www\taxi-sharing-2020\vendor\codeigniter4\framework\system\Common.php(1092): CodeIgniter\View\View->render('customer/order/...', Array, true)
#4 C:\laragon\www\taxi-sharing-2020\app\Controllers\Customer\Order.php(82): view('customer/order/...', Array)
#5 C:\laragon\www\taxi-sharing-2020\vendor\codeigniter4\framework\system\CodeIgniter.php(802): App\Controllers\Customer\Order->index()
#6 C:\laragon\www\taxi-sharing-2020\vendor\codeigniter4\framework\system\CodeIgniter.php(399): CodeIgniter\CodeIgniter->runController(Object(App\Controllers\Customer\Order))
#7 C:\laragon\www\taxi-sharing-2020\vendor\codeigniter4\framework\system\CodeIgniter.php(317): CodeIgniter\CodeIgniter->handleRequest(NULL, Object(Config\Cache), false)
#8 C:\laragon\www\taxi-sharing-2020\public\index.php(37): CodeIgniter\CodeIgniter->run()
#9 C:\laragon\www\taxi-sharing-2020\vendor\codeigniter4\framework\system\Commands\Server\rewrite.php(43): require_once('C:\\laragon\\www\\...')
#10 {main}
CRITICAL - 2022-01-28 08:33:17 --> Cannot declare class App\Controllers\Driver\Pengantaran, because the name is already in use
#0 [internal function]: CodeIgniter\Debug\Exceptions->shutdownHandler()
#1 {main}
CRITICAL - 2022-01-28 08:33:27 --> Cannot declare class App\Controllers\Driver\Pengantaran, because the name is already in use
#0 [internal function]: CodeIgniter\Debug\Exceptions->shutdownHandler()
#1 {main}
CRITICAL - 2022-01-28 09:20:31 --> file_get_contents(https://maps.google.com/maps/api/geocode/json?latlng=-0.0489424,109.3577023&amp;key=AIzaSyBJkHXEVXBSLY7ExRcxoDxXzRYLJHg7qfI): failed to open stream: HTTP request failed!
#0 [internal function]: CodeIgniter\Debug\Exceptions->errorHandler(2, 'file_get_conten...', 'C:\\laragon\\www\\...', 46, Array)
#1 C:\laragon\www\taxi-sharing-2020\app\Controllers\Driver\Dashboard.php(46): file_get_contents('https://maps.go...')
#2 C:\laragon\www\taxi-sharing-2020\app\Views\driver\pengantaran\views.php(64): App\Controllers\Driver\Dashboard->getAddress('-0.0489424', '109.3577023')
#3 C:\laragon\www\taxi-sharing-2020\vendor\codeigniter4\framework\system\View\View.php(214): include('C:\\laragon\\www\\...')
#4 C:\laragon\www\taxi-sharing-2020\vendor\codeigniter4\framework\system\View\View.php(217): CodeIgniter\View\View->CodeIgniter\View\{closure}()
#5 C:\laragon\www\taxi-sharing-2020\vendor\codeigniter4\framework\system\Common.php(1092): CodeIgniter\View\View->render('driver/penganta...', Array, true)
#6 C:\laragon\www\taxi-sharing-2020\app\Controllers\Driver\Pengantaran.php(77): view('driver/penganta...', Array)
#7 C:\laragon\www\taxi-sharing-2020\vendor\codeigniter4\framework\system\CodeIgniter.php(802): App\Controllers\Driver\Pengantaran->index()
#8 C:\laragon\www\taxi-sharing-2020\vendor\codeigniter4\framework\system\CodeIgniter.php(399): CodeIgniter\CodeIgniter->runController(Object(App\Controllers\Driver\Pengantaran))
#9 C:\laragon\www\taxi-sharing-2020\vendor\codeigniter4\framework\system\CodeIgniter.php(317): CodeIgniter\CodeIgniter->handleRequest(NULL, Object(Config\Cache), false)
#10 C:\laragon\www\taxi-sharing-2020\public\index.php(37): CodeIgniter\CodeIgniter->run()
#11 C:\laragon\www\taxi-sharing-2020\vendor\codeigniter4\framework\system\Commands\Server\rewrite.php(43): require_once('C:\\laragon\\www\\...')
#12 {main}
CRITICAL - 2022-01-28 09:31:27 --> Undefined variable: bandara
#0 C:\laragon\www\taxi-sharing-2020\app\Views\driver\pengantaran\views.php(65): CodeIgniter\Debug\Exceptions->errorHandler(8, 'Undefined varia...', 'C:\\laragon\\www\\...', 65, Array)
#1 C:\laragon\www\taxi-sharing-2020\vendor\codeigniter4\framework\system\View\View.php(214): include('C:\\laragon\\www\\...')
#2 C:\laragon\www\taxi-sharing-2020\vendor\codeigniter4\framework\system\View\View.php(217): CodeIgniter\View\View->CodeIgniter\View\{closure}()
#3 C:\laragon\www\taxi-sharing-2020\vendor\codeigniter4\framework\system\Common.php(1092): CodeIgniter\View\View->render('driver/penganta...', Array, true)
#4 C:\laragon\www\taxi-sharing-2020\app\Controllers\Driver\Pengantaran.php(77): view('driver/penganta...', Array)
#5 C:\laragon\www\taxi-sharing-2020\vendor\codeigniter4\framework\system\CodeIgniter.php(802): App\Controllers\Driver\Pengantaran->index()
#6 C:\laragon\www\taxi-sharing-2020\vendor\codeigniter4\framework\system\CodeIgniter.php(399): CodeIgniter\CodeIgniter->runController(Object(App\Controllers\Driver\Pengantaran))
#7 C:\laragon\www\taxi-sharing-2020\vendor\codeigniter4\framework\system\CodeIgniter.php(317): CodeIgniter\CodeIgniter->handleRequest(NULL, Object(Config\Cache), false)
#8 C:\laragon\www\taxi-sharing-2020\public\index.php(37): CodeIgniter\CodeIgniter->run()
#9 C:\laragon\www\taxi-sharing-2020\vendor\codeigniter4\framework\system\Commands\Server\rewrite.php(43): require_once('C:\\laragon\\www\\...')
#10 {main}
CRITICAL - 2022-01-28 09:31:31 --> Undefined variable: bandara
#0 C:\laragon\www\taxi-sharing-2020\app\Views\driver\pengantaran\views.php(65): CodeIgniter\Debug\Exceptions->errorHandler(8, 'Undefined varia...', 'C:\\laragon\\www\\...', 65, Array)
#1 C:\laragon\www\taxi-sharing-2020\vendor\codeigniter4\framework\system\View\View.php(214): include('C:\\laragon\\www\\...')
#2 C:\laragon\www\taxi-sharing-2020\vendor\codeigniter4\framework\system\View\View.php(217): CodeIgniter\View\View->CodeIgniter\View\{closure}()
#3 C:\laragon\www\taxi-sharing-2020\vendor\codeigniter4\framework\system\Common.php(1092): CodeIgniter\View\View->render('driver/penganta...', Array, true)
#4 C:\laragon\www\taxi-sharing-2020\app\Controllers\Driver\Pengantaran.php(77): view('driver/penganta...', Array)
#5 C:\laragon\www\taxi-sharing-2020\vendor\codeigniter4\framework\system\CodeIgniter.php(802): App\Controllers\Driver\Pengantaran->index()
#6 C:\laragon\www\taxi-sharing-2020\vendor\codeigniter4\framework\system\CodeIgniter.php(399): CodeIgniter\CodeIgniter->runController(Object(App\Controllers\Driver\Pengantaran))
#7 C:\laragon\www\taxi-sharing-2020\vendor\codeigniter4\framework\system\CodeIgniter.php(317): CodeIgniter\CodeIgniter->handleRequest(NULL, Object(Config\Cache), false)
#8 C:\laragon\www\taxi-sharing-2020\public\index.php(37): CodeIgniter\CodeIgniter->run()
#9 C:\laragon\www\taxi-sharing-2020\vendor\codeigniter4\framework\system\Commands\Server\rewrite.php(43): require_once('C:\\laragon\\www\\...')
#10 {main}
CRITICAL - 2022-01-28 09:32:51 --> Undefined property: CodeIgniter\Database\MySQLi\Result::$nama_bandara
#0 C:\laragon\www\taxi-sharing-2020\app\Views\driver\pengantaran\views.php(67): CodeIgniter\Debug\Exceptions->errorHandler(8, 'Undefined prope...', 'C:\\laragon\\www\\...', 67, Array)
#1 C:\laragon\www\taxi-sharing-2020\vendor\codeigniter4\framework\system\View\View.php(214): include('C:\\laragon\\www\\...')
#2 C:\laragon\www\taxi-sharing-2020\vendor\codeigniter4\framework\system\View\View.php(217): CodeIgniter\View\View->CodeIgniter\View\{closure}()
#3 C:\laragon\www\taxi-sharing-2020\vendor\codeigniter4\framework\system\Common.php(1092): CodeIgniter\View\View->render('driver/penganta...', Array, true)
#4 C:\laragon\www\taxi-sharing-2020\app\Controllers\Driver\Pengantaran.php(77): view('driver/penganta...', Array)
#5 C:\laragon\www\taxi-sharing-2020\vendor\codeigniter4\framework\system\CodeIgniter.php(802): App\Controllers\Driver\Pengantaran->index()
#6 C:\laragon\www\taxi-sharing-2020\vendor\codeigniter4\framework\system\CodeIgniter.php(399): CodeIgniter\CodeIgniter->runController(Object(App\Controllers\Driver\Pengantaran))
#7 C:\laragon\www\taxi-sharing-2020\vendor\codeigniter4\framework\system\CodeIgniter.php(317): CodeIgniter\CodeIgniter->handleRequest(NULL, Object(Config\Cache), false)
#8 C:\laragon\www\taxi-sharing-2020\public\index.php(37): CodeIgniter\CodeIgniter->run()
#9 C:\laragon\www\taxi-sharing-2020\vendor\codeigniter4\framework\system\Commands\Server\rewrite.php(43): require_once('C:\\laragon\\www\\...')
#10 {main}
CRITICAL - 2022-01-28 09:32:53 --> Undefined property: CodeIgniter\Database\MySQLi\Result::$nama_bandara
#0 C:\laragon\www\taxi-sharing-2020\app\Views\driver\pengantaran\views.php(67): CodeIgniter\Debug\Exceptions->errorHandler(8, 'Undefined prope...', 'C:\\laragon\\www\\...', 67, Array)
#1 C:\laragon\www\taxi-sharing-2020\vendor\codeigniter4\framework\system\View\View.php(214): include('C:\\laragon\\www\\...')
#2 C:\laragon\www\taxi-sharing-2020\vendor\codeigniter4\framework\system\View\View.php(217): CodeIgniter\View\View->CodeIgniter\View\{closure}()
#3 C:\laragon\www\taxi-sharing-2020\vendor\codeigniter4\framework\system\Common.php(1092): CodeIgniter\View\View->render('driver/penganta...', Array, true)
#4 C:\laragon\www\taxi-sharing-2020\app\Controllers\Driver\Pengantaran.php(77): view('driver/penganta...', Array)
#5 C:\laragon\www\taxi-sharing-2020\vendor\codeigniter4\framework\system\CodeIgniter.php(802): App\Controllers\Driver\Pengantaran->index()
#6 C:\laragon\www\taxi-sharing-2020\vendor\codeigniter4\framework\system\CodeIgniter.php(399): CodeIgniter\CodeIgniter->runController(Object(App\Controllers\Driver\Pengantaran))
#7 C:\laragon\www\taxi-sharing-2020\vendor\codeigniter4\framework\system\CodeIgniter.php(317): CodeIgniter\CodeIgniter->handleRequest(NULL, Object(Config\Cache), false)
#8 C:\laragon\www\taxi-sharing-2020\public\index.php(37): CodeIgniter\CodeIgniter->run()
#9 C:\laragon\www\taxi-sharing-2020\vendor\codeigniter4\framework\system\Commands\Server\rewrite.php(43): require_once('C:\\laragon\\www\\...')
#10 {main}
CRITICAL - 2022-01-28 09:58:48 --> Undefined property: App\Controllers\Customer\Dashboard::$TarifModel
#0 C:\laragon\www\taxi-sharing-2020\app\Controllers\Customer\Dashboard.php(75): CodeIgniter\Debug\Exceptions->errorHandler(8, 'Undefined prope...', 'C:\\laragon\\www\\...', 75, Array)
#1 C:\laragon\www\taxi-sharing-2020\vendor\codeigniter4\framework\system\CodeIgniter.php(802): App\Controllers\Customer\Dashboard->index()
#2 C:\laragon\www\taxi-sharing-2020\vendor\codeigniter4\framework\system\CodeIgniter.php(399): CodeIgniter\CodeIgniter->runController(Object(App\Controllers\Customer\Dashboard))
#3 C:\laragon\www\taxi-sharing-2020\vendor\codeigniter4\framework\system\CodeIgniter.php(317): CodeIgniter\CodeIgniter->handleRequest(NULL, Object(Config\Cache), false)
#4 C:\laragon\www\taxi-sharing-2020\public\index.php(37): CodeIgniter\CodeIgniter->run()
#5 C:\laragon\www\taxi-sharing-2020\vendor\codeigniter4\framework\system\Commands\Server\rewrite.php(43): require_once('C:\\laragon\\www\\...')
#6 {main}
CRITICAL - 2022-01-28 09:59:10 --> Undefined index: tarif
#0 C:\laragon\www\taxi-sharing-2020\app\Views\customer\dashboard\views.php(445): CodeIgniter\Debug\Exceptions->errorHandler(8, 'Undefined index...', 'C:\\laragon\\www\\...', 445, Array)
#1 C:\laragon\www\taxi-sharing-2020\vendor\codeigniter4\framework\system\View\View.php(214): include('C:\\laragon\\www\\...')
#2 C:\laragon\www\taxi-sharing-2020\vendor\codeigniter4\framework\system\View\View.php(217): CodeIgniter\View\View->CodeIgniter\View\{closure}()
#3 C:\laragon\www\taxi-sharing-2020\vendor\codeigniter4\framework\system\Common.php(1092): CodeIgniter\View\View->render('customer/dashbo...', Array, true)
#4 C:\laragon\www\taxi-sharing-2020\app\Controllers\Customer\Dashboard.php(79): view('customer/dashbo...', Array)
#5 C:\laragon\www\taxi-sharing-2020\vendor\codeigniter4\framework\system\CodeIgniter.php(802): App\Controllers\Customer\Dashboard->index()
#6 C:\laragon\www\taxi-sharing-2020\vendor\codeigniter4\framework\system\CodeIgniter.php(399): CodeIgniter\CodeIgniter->runController(Object(App\Controllers\Customer\Dashboard))
#7 C:\laragon\www\taxi-sharing-2020\vendor\codeigniter4\framework\system\CodeIgniter.php(317): CodeIgniter\CodeIgniter->handleRequest(NULL, Object(Config\Cache), false)
#8 C:\laragon\www\taxi-sharing-2020\public\index.php(37): CodeIgniter\CodeIgniter->run()
#9 C:\laragon\www\taxi-sharing-2020\vendor\codeigniter4\framework\system\Commands\Server\rewrite.php(43): require_once('C:\\laragon\\www\\...')
#10 {main}
CRITICAL - 2022-01-28 10:18:51 --> Undefined property: stdClass::$distance
#0 C:\laragon\www\taxi-sharing-2020\app\Controllers\Driver\Dashboard.php(57): CodeIgniter\Debug\Exceptions->errorHandler(8, 'Undefined prope...', 'C:\\laragon\\www\\...', 57, Array)
#1 C:\laragon\www\taxi-sharing-2020\app\Views\customer\dashboard\views.php(361): App\Controllers\Driver\Dashboard->distance_matrix_google('<script>userLat...', '<script>userLng...', '-0.0402352', '109.3283336')
#2 C:\laragon\www\taxi-sharing-2020\vendor\codeigniter4\framework\system\View\View.php(214): include('C:\\laragon\\www\\...')
#3 C:\laragon\www\taxi-sharing-2020\vendor\codeigniter4\framework\system\View\View.php(217): CodeIgniter\View\View->CodeIgniter\View\{closure}()
#4 C:\laragon\www\taxi-sharing-2020\vendor\codeigniter4\framework\system\Common.php(1092): CodeIgniter\View\View->render('customer/dashbo...', Array, true)
#5 C:\laragon\www\taxi-sharing-2020\app\Controllers\Customer\Dashboard.php(79): view('customer/dashbo...', Array)
#6 C:\laragon\www\taxi-sharing-2020\vendor\codeigniter4\framework\system\CodeIgniter.php(802): App\Controllers\Customer\Dashboard->index()
#7 C:\laragon\www\taxi-sharing-2020\vendor\codeigniter4\framework\system\CodeIgniter.php(399): CodeIgniter\CodeIgniter->runController(Object(App\Controllers\Customer\Dashboard))
#8 C:\laragon\www\taxi-sharing-2020\vendor\codeigniter4\framework\system\CodeIgniter.php(317): CodeIgniter\CodeIgniter->handleRequest(NULL, Object(Config\Cache), false)
#9 C:\laragon\www\taxi-sharing-2020\public\index.php(37): CodeIgniter\CodeIgniter->run()
#10 C:\laragon\www\taxi-sharing-2020\vendor\codeigniter4\framework\system\Commands\Server\rewrite.php(43): require_once('C:\\laragon\\www\\...')
#11 {main}
CRITICAL - 2022-01-28 10:19:17 --> Undefined property: stdClass::$distance
#0 C:\laragon\www\taxi-sharing-2020\app\Controllers\Driver\Dashboard.php(57): CodeIgniter\Debug\Exceptions->errorHandler(8, 'Undefined prope...', 'C:\\laragon\\www\\...', 57, Array)
#1 C:\laragon\www\taxi-sharing-2020\app\Views\customer\dashboard\views.php(361): App\Controllers\Driver\Dashboard->distance_matrix_google('<script>userLat...', '<script>userLng...', '-0.0402352', '109.3283336')
#2 C:\laragon\www\taxi-sharing-2020\vendor\codeigniter4\framework\system\View\View.php(214): include('C:\\laragon\\www\\...')
#3 C:\laragon\www\taxi-sharing-2020\vendor\codeigniter4\framework\system\View\View.php(217): CodeIgniter\View\View->CodeIgniter\View\{closure}()
#4 C:\laragon\www\taxi-sharing-2020\vendor\codeigniter4\framework\system\Common.php(1092): CodeIgniter\View\View->render('customer/dashbo...', Array, true)
#5 C:\laragon\www\taxi-sharing-2020\app\Controllers\Customer\Dashboard.php(79): view('customer/dashbo...', Array)
#6 C:\laragon\www\taxi-sharing-2020\vendor\codeigniter4\framework\system\CodeIgniter.php(802): App\Controllers\Customer\Dashboard->index()
#7 C:\laragon\www\taxi-sharing-2020\vendor\codeigniter4\framework\system\CodeIgniter.php(399): CodeIgniter\CodeIgniter->runController(Object(App\Controllers\Customer\Dashboard))
#8 C:\laragon\www\taxi-sharing-2020\vendor\codeigniter4\framework\system\CodeIgniter.php(317): CodeIgniter\CodeIgniter->handleRequest(NULL, Object(Config\Cache), false)
#9 C:\laragon\www\taxi-sharing-2020\public\index.php(37): CodeIgniter\CodeIgniter->run()
#10 C:\laragon\www\taxi-sharing-2020\vendor\codeigniter4\framework\system\Commands\Server\rewrite.php(43): require_once('C:\\laragon\\www\\...')
#11 {main}
CRITICAL - 2022-01-28 10:19:20 --> Undefined property: stdClass::$distance
#0 C:\laragon\www\taxi-sharing-2020\app\Controllers\Driver\Dashboard.php(57): CodeIgniter\Debug\Exceptions->errorHandler(8, 'Undefined prope...', 'C:\\laragon\\www\\...', 57, Array)
#1 C:\laragon\www\taxi-sharing-2020\app\Views\customer\dashboard\views.php(361): App\Controllers\Driver\Dashboard->distance_matrix_google('<script>userLat...', '<script>userLng...', '-0.0402352', '109.3283336')
#2 C:\laragon\www\taxi-sharing-2020\vendor\codeigniter4\framework\system\View\View.php(214): include('C:\\laragon\\www\\...')
#3 C:\laragon\www\taxi-sharing-2020\vendor\codeigniter4\framework\system\View\View.php(217): CodeIgniter\View\View->CodeIgniter\View\{closure}()
#4 C:\laragon\www\taxi-sharing-2020\vendor\codeigniter4\framework\system\Common.php(1092): CodeIgniter\View\View->render('customer/dashbo...', Array, true)
#5 C:\laragon\www\taxi-sharing-2020\app\Controllers\Customer\Dashboard.php(79): view('customer/dashbo...', Array)
#6 C:\laragon\www\taxi-sharing-2020\vendor\codeigniter4\framework\system\CodeIgniter.php(802): App\Controllers\Customer\Dashboard->index()
#7 C:\laragon\www\taxi-sharing-2020\vendor\codeigniter4\framework\system\CodeIgniter.php(399): CodeIgniter\CodeIgniter->runController(Object(App\Controllers\Customer\Dashboard))
#8 C:\laragon\www\taxi-sharing-2020\vendor\codeigniter4\framework\system\CodeIgniter.php(317): CodeIgniter\CodeIgniter->handleRequest(NULL, Object(Config\Cache), false)
#9 C:\laragon\www\taxi-sharing-2020\public\index.php(37): CodeIgniter\CodeIgniter->run()
#10 C:\laragon\www\taxi-sharing-2020\vendor\codeigniter4\framework\system\Commands\Server\rewrite.php(43): require_once('C:\\laragon\\www\\...')
#11 {main}
CRITICAL - 2022-01-28 10:20:31 --> Undefined property: stdClass::$distance
#0 C:\laragon\www\taxi-sharing-2020\app\Controllers\Driver\Dashboard.php(57): CodeIgniter\Debug\Exceptions->errorHandler(8, 'Undefined prope...', 'C:\\laragon\\www\\...', 57, Array)
#1 C:\laragon\www\taxi-sharing-2020\app\Views\customer\dashboard\views.php(361): App\Controllers\Driver\Dashboard->distance_matrix_google('<script>userLat...', '<script>userLng...', '-0.0402352', '109.3283336')
#2 C:\laragon\www\taxi-sharing-2020\vendor\codeigniter4\framework\system\View\View.php(214): include('C:\\laragon\\www\\...')
#3 C:\laragon\www\taxi-sharing-2020\vendor\codeigniter4\framework\system\View\View.php(217): CodeIgniter\View\View->CodeIgniter\View\{closure}()
#4 C:\laragon\www\taxi-sharing-2020\vendor\codeigniter4\framework\system\Common.php(1092): CodeIgniter\View\View->render('customer/dashbo...', Array, true)
#5 C:\laragon\www\taxi-sharing-2020\app\Controllers\Customer\Dashboard.php(79): view('customer/dashbo...', Array)
#6 C:\laragon\www\taxi-sharing-2020\vendor\codeigniter4\framework\system\CodeIgniter.php(802): App\Controllers\Customer\Dashboard->index()
#7 C:\laragon\www\taxi-sharing-2020\vendor\codeigniter4\framework\system\CodeIgniter.php(399): CodeIgniter\CodeIgniter->runController(Object(App\Controllers\Customer\Dashboard))
#8 C:\laragon\www\taxi-sharing-2020\vendor\codeigniter4\framework\system\CodeIgniter.php(317): CodeIgniter\CodeIgniter->handleRequest(NULL, Object(Config\Cache), false)
#9 C:\laragon\www\taxi-sharing-2020\public\index.php(37): CodeIgniter\CodeIgniter->run()
#10 C:\laragon\www\taxi-sharing-2020\vendor\codeigniter4\framework\system\Commands\Server\rewrite.php(43): require_once('C:\\laragon\\www\\...')
#11 {main}
CRITICAL - 2022-01-28 10:20:37 --> Undefined property: stdClass::$distance
#0 C:\laragon\www\taxi-sharing-2020\app\Controllers\Driver\Dashboard.php(57): CodeIgniter\Debug\Exceptions->errorHandler(8, 'Undefined prope...', 'C:\\laragon\\www\\...', 57, Array)
#1 C:\laragon\www\taxi-sharing-2020\app\Views\customer\dashboard\views.php(361): App\Controllers\Driver\Dashboard->distance_matrix_google('<script>userLat...', '<script>userLng...', '-0.0402352', '109.3283336')
#2 C:\laragon\www\taxi-sharing-2020\vendor\codeigniter4\framework\system\View\View.php(214): include('C:\\laragon\\www\\...')
#3 C:\laragon\www\taxi-sharing-2020\vendor\codeigniter4\framework\system\View\View.php(217): CodeIgniter\View\View->CodeIgniter\View\{closure}()
#4 C:\laragon\www\taxi-sharing-2020\vendor\codeigniter4\framework\system\Common.php(1092): CodeIgniter\View\View->render('customer/dashbo...', Array, true)
#5 C:\laragon\www\taxi-sharing-2020\app\Controllers\Customer\Dashboard.php(79): view('customer/dashbo...', Array)
#6 C:\laragon\www\taxi-sharing-2020\vendor\codeigniter4\framework\system\CodeIgniter.php(802): App\Controllers\Customer\Dashboard->index()
#7 C:\laragon\www\taxi-sharing-2020\vendor\codeigniter4\framework\system\CodeIgniter.php(399): CodeIgniter\CodeIgniter->runController(Object(App\Controllers\Customer\Dashboard))
#8 C:\laragon\www\taxi-sharing-2020\vendor\codeigniter4\framework\system\CodeIgniter.php(317): CodeIgniter\CodeIgniter->handleRequest(NULL, Object(Config\Cache), false)
#9 C:\laragon\www\taxi-sharing-2020\public\index.php(37): CodeIgniter\CodeIgniter->run()
#10 C:\laragon\www\taxi-sharing-2020\vendor\codeigniter4\framework\system\Commands\Server\rewrite.php(43): require_once('C:\\laragon\\www\\...')
#11 {main}
CRITICAL - 2022-01-28 11:04:55 --> Array to string conversion
#0 C:\laragon\www\taxi-sharing-2020\app\Views\customer\dashboard\views.php(386): CodeIgniter\Debug\Exceptions->errorHandler(8, 'Array to string...', 'C:\\laragon\\www\\...', 386, Array)
#1 C:\laragon\www\taxi-sharing-2020\vendor\codeigniter4\framework\system\View\View.php(214): include('C:\\laragon\\www\\...')
#2 C:\laragon\www\taxi-sharing-2020\vendor\codeigniter4\framework\system\View\View.php(217): CodeIgniter\View\View->CodeIgniter\View\{closure}()
#3 C:\laragon\www\taxi-sharing-2020\vendor\codeigniter4\framework\system\Common.php(1092): CodeIgniter\View\View->render('customer/dashbo...', Array, true)
#4 C:\laragon\www\taxi-sharing-2020\app\Controllers\Customer\Dashboard.php(94): view('customer/dashbo...', Array)
#5 C:\laragon\www\taxi-sharing-2020\vendor\codeigniter4\framework\system\CodeIgniter.php(802): App\Controllers\Customer\Dashboard->index()
#6 C:\laragon\www\taxi-sharing-2020\vendor\codeigniter4\framework\system\CodeIgniter.php(399): CodeIgniter\CodeIgniter->runController(Object(App\Controllers\Customer\Dashboard))
#7 C:\laragon\www\taxi-sharing-2020\vendor\codeigniter4\framework\system\CodeIgniter.php(317): CodeIgniter\CodeIgniter->handleRequest(NULL, Object(Config\Cache), false)
#8 C:\laragon\www\taxi-sharing-2020\public\index.php(37): CodeIgniter\CodeIgniter->run()
#9 C:\laragon\www\taxi-sharing-2020\vendor\codeigniter4\framework\system\Commands\Server\rewrite.php(43): require_once('C:\\laragon\\www\\...')
#10 {main}
CRITICAL - 2022-01-28 11:15:44 --> A non well formed numeric value encountered
#0 C:\laragon\www\taxi-sharing-2020\app\Views\customer\dashboard\views.php(376): CodeIgniter\Debug\Exceptions->errorHandler(8, 'A non well form...', 'C:\\laragon\\www\\...', 376, Array)
#1 C:\laragon\www\taxi-sharing-2020\vendor\codeigniter4\framework\system\View\View.php(214): include('C:\\laragon\\www\\...')
#2 C:\laragon\www\taxi-sharing-2020\vendor\codeigniter4\framework\system\View\View.php(217): CodeIgniter\View\View->CodeIgniter\View\{closure}()
#3 C:\laragon\www\taxi-sharing-2020\vendor\codeigniter4\framework\system\Common.php(1092): CodeIgniter\View\View->render('customer/dashbo...', Array, true)
#4 C:\laragon\www\taxi-sharing-2020\app\Controllers\Customer\Dashboard.php(94): view('customer/dashbo...', Array)
#5 C:\laragon\www\taxi-sharing-2020\vendor\codeigniter4\framework\system\CodeIgniter.php(802): App\Controllers\Customer\Dashboard->index()
#6 C:\laragon\www\taxi-sharing-2020\vendor\codeigniter4\framework\system\CodeIgniter.php(399): CodeIgniter\CodeIgniter->runController(Object(App\Controllers\Customer\Dashboard))
#7 C:\laragon\www\taxi-sharing-2020\vendor\codeigniter4\framework\system\CodeIgniter.php(317): CodeIgniter\CodeIgniter->handleRequest(NULL, Object(Config\Cache), false)
#8 C:\laragon\www\taxi-sharing-2020\public\index.php(37): CodeIgniter\CodeIgniter->run()
#9 C:\laragon\www\taxi-sharing-2020\vendor\codeigniter4\framework\system\Commands\Server\rewrite.php(43): require_once('C:\\laragon\\www\\...')
#10 {main}
CRITICAL - 2022-01-28 11:17:07 --> Undefined variable: rupiah
#0 C:\laragon\www\taxi-sharing-2020\app\Views\customer\dashboard\views.php(393): CodeIgniter\Debug\Exceptions->errorHandler(8, 'Undefined varia...', 'C:\\laragon\\www\\...', 393, Array)
#1 C:\laragon\www\taxi-sharing-2020\vendor\codeigniter4\framework\system\View\View.php(214): include('C:\\laragon\\www\\...')
#2 C:\laragon\www\taxi-sharing-2020\vendor\codeigniter4\framework\system\View\View.php(217): CodeIgniter\View\View->CodeIgniter\View\{closure}()
#3 C:\laragon\www\taxi-sharing-2020\vendor\codeigniter4\framework\system\Common.php(1092): CodeIgniter\View\View->render('customer/dashbo...', Array, true)
#4 C:\laragon\www\taxi-sharing-2020\app\Controllers\Customer\Dashboard.php(94): view('customer/dashbo...', Array)
#5 C:\laragon\www\taxi-sharing-2020\vendor\codeigniter4\framework\system\CodeIgniter.php(802): App\Controllers\Customer\Dashboard->index()
#6 C:\laragon\www\taxi-sharing-2020\vendor\codeigniter4\framework\system\CodeIgniter.php(399): CodeIgniter\CodeIgniter->runController(Object(App\Controllers\Customer\Dashboard))
#7 C:\laragon\www\taxi-sharing-2020\vendor\codeigniter4\framework\system\CodeIgniter.php(317): CodeIgniter\CodeIgniter->handleRequest(NULL, Object(Config\Cache), false)
#8 C:\laragon\www\taxi-sharing-2020\public\index.php(37): CodeIgniter\CodeIgniter->run()
#9 C:\laragon\www\taxi-sharing-2020\vendor\codeigniter4\framework\system\Commands\Server\rewrite.php(43): require_once('C:\\laragon\\www\\...')
#10 {main}
CRITICAL - 2022-01-28 11:29:13 --> Undefined variable: waktu_tempuh_user_to_bandara
#0 C:\laragon\www\taxi-sharing-2020\app\Views\customer\dashboard\views.php(393): CodeIgniter\Debug\Exceptions->errorHandler(8, 'Undefined varia...', 'C:\\laragon\\www\\...', 393, Array)
#1 C:\laragon\www\taxi-sharing-2020\vendor\codeigniter4\framework\system\View\View.php(214): include('C:\\laragon\\www\\...')
#2 C:\laragon\www\taxi-sharing-2020\vendor\codeigniter4\framework\system\View\View.php(217): CodeIgniter\View\View->CodeIgniter\View\{closure}()
#3 C:\laragon\www\taxi-sharing-2020\vendor\codeigniter4\framework\system\Common.php(1092): CodeIgniter\View\View->render('customer/dashbo...', Array, true)
#4 C:\laragon\www\taxi-sharing-2020\app\Controllers\Customer\Dashboard.php(94): view('customer/dashbo...', Array)
#5 C:\laragon\www\taxi-sharing-2020\vendor\codeigniter4\framework\system\CodeIgniter.php(802): App\Controllers\Customer\Dashboard->index()
#6 C:\laragon\www\taxi-sharing-2020\vendor\codeigniter4\framework\system\CodeIgniter.php(399): CodeIgniter\CodeIgniter->runController(Object(App\Controllers\Customer\Dashboard))
#7 C:\laragon\www\taxi-sharing-2020\vendor\codeigniter4\framework\system\CodeIgniter.php(317): CodeIgniter\CodeIgniter->handleRequest(NULL, Object(Config\Cache), false)
#8 C:\laragon\www\taxi-sharing-2020\public\index.php(37): CodeIgniter\CodeIgniter->run()
#9 C:\laragon\www\taxi-sharing-2020\vendor\codeigniter4\framework\system\Commands\Server\rewrite.php(43): require_once('C:\\laragon\\www\\...')
#10 {main}
CRITICAL - 2022-01-28 11:47:52 --> syntax error, unexpected ';'
#0 C:\laragon\www\taxi-sharing-2020\vendor\codeigniter4\framework\system\View\View.php(217): CodeIgniter\View\View->CodeIgniter\View\{closure}()
#1 C:\laragon\www\taxi-sharing-2020\vendor\codeigniter4\framework\system\Common.php(1092): CodeIgniter\View\View->render('customer/dashbo...', Array, true)
#2 C:\laragon\www\taxi-sharing-2020\app\Controllers\Customer\Dashboard.php(94): view('customer/dashbo...', Array)
#3 C:\laragon\www\taxi-sharing-2020\vendor\codeigniter4\framework\system\CodeIgniter.php(802): App\Controllers\Customer\Dashboard->index()
#4 C:\laragon\www\taxi-sharing-2020\vendor\codeigniter4\framework\system\CodeIgniter.php(399): CodeIgniter\CodeIgniter->runController(Object(App\Controllers\Customer\Dashboard))
#5 C:\laragon\www\taxi-sharing-2020\vendor\codeigniter4\framework\system\CodeIgniter.php(317): CodeIgniter\CodeIgniter->handleRequest(NULL, Object(Config\Cache), false)
#6 C:\laragon\www\taxi-sharing-2020\public\index.php(37): CodeIgniter\CodeIgniter->run()
#7 C:\laragon\www\taxi-sharing-2020\vendor\codeigniter4\framework\system\Commands\Server\rewrite.php(43): require_once('C:\\laragon\\www\\...')
#8 {main}
CRITICAL - 2022-01-28 11:47:55 --> syntax error, unexpected ';'
#0 C:\laragon\www\taxi-sharing-2020\vendor\codeigniter4\framework\system\View\View.php(217): CodeIgniter\View\View->CodeIgniter\View\{closure}()
#1 C:\laragon\www\taxi-sharing-2020\vendor\codeigniter4\framework\system\Common.php(1092): CodeIgniter\View\View->render('customer/dashbo...', Array, true)
#2 C:\laragon\www\taxi-sharing-2020\app\Controllers\Customer\Dashboard.php(94): view('customer/dashbo...', Array)
#3 C:\laragon\www\taxi-sharing-2020\vendor\codeigniter4\framework\system\CodeIgniter.php(802): App\Controllers\Customer\Dashboard->index()
#4 C:\laragon\www\taxi-sharing-2020\vendor\codeigniter4\framework\system\CodeIgniter.php(399): CodeIgniter\CodeIgniter->runController(Object(App\Controllers\Customer\Dashboard))
#5 C:\laragon\www\taxi-sharing-2020\vendor\codeigniter4\framework\system\CodeIgniter.php(317): CodeIgniter\CodeIgniter->handleRequest(NULL, Object(Config\Cache), false)
#6 C:\laragon\www\taxi-sharing-2020\public\index.php(37): CodeIgniter\CodeIgniter->run()
#7 C:\laragon\www\taxi-sharing-2020\vendor\codeigniter4\framework\system\Commands\Server\rewrite.php(43): require_once('C:\\laragon\\www\\...')
#8 {main}
CRITICAL - 2022-01-28 11:50:38 --> Undefined property: stdClass::$distance
#0 C:\laragon\www\taxi-sharing-2020\app\Controllers\Driver\Dashboard.php(68): CodeIgniter\Debug\Exceptions->errorHandler(8, 'Undefined prope...', 'C:\\laragon\\www\\...', 68, Array)
#1 C:\laragon\www\taxi-sharing-2020\app\Views\customer\dashboard\views.php(371): App\Controllers\Driver\Dashboard->distance_matrix_google(NULL, NULL, '-0.0402352', '109.3283336')
#2 C:\laragon\www\taxi-sharing-2020\vendor\codeigniter4\framework\system\View\View.php(214): include('C:\\laragon\\www\\...')
#3 C:\laragon\www\taxi-sharing-2020\vendor\codeigniter4\framework\system\View\View.php(217): CodeIgniter\View\View->CodeIgniter\View\{closure}()
#4 C:\laragon\www\taxi-sharing-2020\vendor\codeigniter4\framework\system\Common.php(1092): CodeIgniter\View\View->render('customer/dashbo...', Array, true)
#5 C:\laragon\www\taxi-sharing-2020\app\Controllers\Customer\Dashboard.php(94): view('customer/dashbo...', Array)
#6 C:\laragon\www\taxi-sharing-2020\vendor\codeigniter4\framework\system\CodeIgniter.php(802): App\Controllers\Customer\Dashboard->index()
#7 C:\laragon\www\taxi-sharing-2020\vendor\codeigniter4\framework\system\CodeIgniter.php(399): CodeIgniter\CodeIgniter->runController(Object(App\Controllers\Customer\Dashboard))
#8 C:\laragon\www\taxi-sharing-2020\vendor\codeigniter4\framework\system\CodeIgniter.php(317): CodeIgniter\CodeIgniter->handleRequest(NULL, Object(Config\Cache), false)
#9 C:\laragon\www\taxi-sharing-2020\public\index.php(37): CodeIgniter\CodeIgniter->run()
#10 C:\laragon\www\taxi-sharing-2020\vendor\codeigniter4\framework\system\Commands\Server\rewrite.php(43): require_once('C:\\laragon\\www\\...')
#11 {main}
CRITICAL - 2022-01-28 11:51:09 --> Cannot declare class App\Controllers\Driver\Pengantaran, because the name is already in use
#0 [internal function]: CodeIgniter\Debug\Exceptions->shutdownHandler()
#1 {main}
CRITICAL - 2022-01-28 12:05:31 --> Undefined variable: data
#0 C:\laragon\www\taxi-sharing-2020\app\Views\customer\order\views.php(32): CodeIgniter\Debug\Exceptions->errorHandler(8, 'Undefined varia...', 'C:\\laragon\\www\\...', 32, Array)
#1 C:\laragon\www\taxi-sharing-2020\vendor\codeigniter4\framework\system\View\View.php(214): include('C:\\laragon\\www\\...')
#2 C:\laragon\www\taxi-sharing-2020\vendor\codeigniter4\framework\system\View\View.php(217): CodeIgniter\View\View->CodeIgniter\View\{closure}()
#3 C:\laragon\www\taxi-sharing-2020\vendor\codeigniter4\framework\system\Common.php(1092): CodeIgniter\View\View->render('customer/order/...', Array, true)
#4 C:\laragon\www\taxi-sharing-2020\app\Controllers\Customer\Order.php(82): view('customer/order/...', Array)
#5 C:\laragon\www\taxi-sharing-2020\vendor\codeigniter4\framework\system\CodeIgniter.php(802): App\Controllers\Customer\Order->index()
#6 C:\laragon\www\taxi-sharing-2020\vendor\codeigniter4\framework\system\CodeIgniter.php(399): CodeIgniter\CodeIgniter->runController(Object(App\Controllers\Customer\Order))
#7 C:\laragon\www\taxi-sharing-2020\vendor\codeigniter4\framework\system\CodeIgniter.php(317): CodeIgniter\CodeIgniter->handleRequest(NULL, Object(Config\Cache), false)
#8 C:\laragon\www\taxi-sharing-2020\public\index.php(37): CodeIgniter\CodeIgniter->run()
#9 C:\laragon\www\taxi-sharing-2020\vendor\codeigniter4\framework\system\Commands\Server\rewrite.php(43): require_once('C:\\laragon\\www\\...')
#10 {main}
CRITICAL - 2022-01-28 12:06:16 --> Undefined variable: user_latitude
#0 C:\laragon\www\taxi-sharing-2020\app\Views\customer\order\views.php(43): CodeIgniter\Debug\Exceptions->errorHandler(8, 'Undefined varia...', 'C:\\laragon\\www\\...', 43, Array)
#1 C:\laragon\www\taxi-sharing-2020\vendor\codeigniter4\framework\system\View\View.php(214): include('C:\\laragon\\www\\...')
#2 C:\laragon\www\taxi-sharing-2020\vendor\codeigniter4\framework\system\View\View.php(217): CodeIgniter\View\View->CodeIgniter\View\{closure}()
#3 C:\laragon\www\taxi-sharing-2020\vendor\codeigniter4\framework\system\Common.php(1092): CodeIgniter\View\View->render('customer/order/...', Array, true)
#4 C:\laragon\www\taxi-sharing-2020\app\Controllers\Customer\Order.php(62): view('customer/order/...', Array)
#5 C:\laragon\www\taxi-sharing-2020\vendor\codeigniter4\framework\system\CodeIgniter.php(802): App\Controllers\Customer\Order->index()
#6 C:\laragon\www\taxi-sharing-2020\vendor\codeigniter4\framework\system\CodeIgniter.php(399): CodeIgniter\CodeIgniter->runController(Object(App\Controllers\Customer\Order))
#7 C:\laragon\www\taxi-sharing-2020\vendor\codeigniter4\framework\system\CodeIgniter.php(317): CodeIgniter\CodeIgniter->handleRequest(NULL, Object(Config\Cache), false)
#8 C:\laragon\www\taxi-sharing-2020\public\index.php(37): CodeIgniter\CodeIgniter->run()
#9 C:\laragon\www\taxi-sharing-2020\vendor\codeigniter4\framework\system\Commands\Server\rewrite.php(43): require_once('C:\\laragon\\www\\...')
#10 {main}
CRITICAL - 2022-01-28 12:06:56 --> Undefined variable: data_tarif
#0 C:\laragon\www\taxi-sharing-2020\app\Views\customer\order\views.php(51): CodeIgniter\Debug\Exceptions->errorHandler(8, 'Undefined varia...', 'C:\\laragon\\www\\...', 51, Array)
#1 C:\laragon\www\taxi-sharing-2020\vendor\codeigniter4\framework\system\View\View.php(214): include('C:\\laragon\\www\\...')
#2 C:\laragon\www\taxi-sharing-2020\vendor\codeigniter4\framework\system\View\View.php(217): CodeIgniter\View\View->CodeIgniter\View\{closure}()
#3 C:\laragon\www\taxi-sharing-2020\vendor\codeigniter4\framework\system\Common.php(1092): CodeIgniter\View\View->render('customer/order/...', Array, true)
#4 C:\laragon\www\taxi-sharing-2020\app\Controllers\Customer\Order.php(66): view('customer/order/...', Array)
#5 C:\laragon\www\taxi-sharing-2020\vendor\codeigniter4\framework\system\CodeIgniter.php(802): App\Controllers\Customer\Order->index()
#6 C:\laragon\www\taxi-sharing-2020\vendor\codeigniter4\framework\system\CodeIgniter.php(399): CodeIgniter\CodeIgniter->runController(Object(App\Controllers\Customer\Order))
#7 C:\laragon\www\taxi-sharing-2020\vendor\codeigniter4\framework\system\CodeIgniter.php(317): CodeIgniter\CodeIgniter->handleRequest(NULL, Object(Config\Cache), false)
#8 C:\laragon\www\taxi-sharing-2020\public\index.php(37): CodeIgniter\CodeIgniter->run()
#9 C:\laragon\www\taxi-sharing-2020\vendor\codeigniter4\framework\system\Commands\Server\rewrite.php(43): require_once('C:\\laragon\\www\\...')
#10 {main}
CRITICAL - 2022-01-28 12:29:03 --> Undefined variable: latitude
#0 C:\laragon\www\taxi-sharing-2020\app\Views\customer\order\views.php(42): CodeIgniter\Debug\Exceptions->errorHandler(8, 'Undefined varia...', 'C:\\laragon\\www\\...', 42, Array)
#1 C:\laragon\www\taxi-sharing-2020\vendor\codeigniter4\framework\system\View\View.php(214): include('C:\\laragon\\www\\...')
#2 C:\laragon\www\taxi-sharing-2020\vendor\codeigniter4\framework\system\View\View.php(217): CodeIgniter\View\View->CodeIgniter\View\{closure}()
#3 C:\laragon\www\taxi-sharing-2020\vendor\codeigniter4\framework\system\Common.php(1092): CodeIgniter\View\View->render('customer/order/...', Array, true)
#4 C:\laragon\www\taxi-sharing-2020\app\Controllers\Customer\Order.php(67): view('customer/order/...', Array)
#5 C:\laragon\www\taxi-sharing-2020\vendor\codeigniter4\framework\system\CodeIgniter.php(802): App\Controllers\Customer\Order->index()
#6 C:\laragon\www\taxi-sharing-2020\vendor\codeigniter4\framework\system\CodeIgniter.php(399): CodeIgniter\CodeIgniter->runController(Object(App\Controllers\Customer\Order))
#7 C:\laragon\www\taxi-sharing-2020\vendor\codeigniter4\framework\system\CodeIgniter.php(317): CodeIgniter\CodeIgniter->handleRequest(NULL, Object(Config\Cache), false)
#8 C:\laragon\www\taxi-sharing-2020\public\index.php(37): CodeIgniter\CodeIgniter->run()
#9 C:\laragon\www\taxi-sharing-2020\vendor\codeigniter4\framework\system\Commands\Server\rewrite.php(43): require_once('C:\\laragon\\www\\...')
#10 {main}
CRITICAL - 2022-01-28 12:29:49 --> Undefined variable: latitude
#0 C:\laragon\www\taxi-sharing-2020\app\Views\customer\order\views.php(43): CodeIgniter\Debug\Exceptions->errorHandler(8, 'Undefined varia...', 'C:\\laragon\\www\\...', 43, Array)
#1 C:\laragon\www\taxi-sharing-2020\vendor\codeigniter4\framework\system\View\View.php(214): include('C:\\laragon\\www\\...')
#2 C:\laragon\www\taxi-sharing-2020\vendor\codeigniter4\framework\system\View\View.php(217): CodeIgniter\View\View->CodeIgniter\View\{closure}()
#3 C:\laragon\www\taxi-sharing-2020\vendor\codeigniter4\framework\system\Common.php(1092): CodeIgniter\View\View->render('customer/order/...', Array, true)
#4 C:\laragon\www\taxi-sharing-2020\app\Controllers\Customer\Order.php(67): view('customer/order/...', Array)
#5 C:\laragon\www\taxi-sharing-2020\vendor\codeigniter4\framework\system\CodeIgniter.php(802): App\Controllers\Customer\Order->index()
#6 C:\laragon\www\taxi-sharing-2020\vendor\codeigniter4\framework\system\CodeIgniter.php(399): CodeIgniter\CodeIgniter->runController(Object(App\Controllers\Customer\Order))
#7 C:\laragon\www\taxi-sharing-2020\vendor\codeigniter4\framework\system\CodeIgniter.php(317): CodeIgniter\CodeIgniter->handleRequest(NULL, Object(Config\Cache), false)
#8 C:\laragon\www\taxi-sharing-2020\public\index.php(37): CodeIgniter\CodeIgniter->run()
#9 C:\laragon\www\taxi-sharing-2020\vendor\codeigniter4\framework\system\Commands\Server\rewrite.php(43): require_once('C:\\laragon\\www\\...')
#10 {main}
CRITICAL - 2022-01-28 12:29:56 --> Undefined variable: latitude
#0 C:\laragon\www\taxi-sharing-2020\app\Views\customer\order\views.php(43): CodeIgniter\Debug\Exceptions->errorHandler(8, 'Undefined varia...', 'C:\\laragon\\www\\...', 43, Array)
#1 C:\laragon\www\taxi-sharing-2020\vendor\codeigniter4\framework\system\View\View.php(214): include('C:\\laragon\\www\\...')
#2 C:\laragon\www\taxi-sharing-2020\vendor\codeigniter4\framework\system\View\View.php(217): CodeIgniter\View\View->CodeIgniter\View\{closure}()
#3 C:\laragon\www\taxi-sharing-2020\vendor\codeigniter4\framework\system\Common.php(1092): CodeIgniter\View\View->render('customer/order/...', Array, true)
#4 C:\laragon\www\taxi-sharing-2020\app\Controllers\Customer\Order.php(67): view('customer/order/...', Array)
#5 C:\laragon\www\taxi-sharing-2020\vendor\codeigniter4\framework\system\CodeIgniter.php(802): App\Controllers\Customer\Order->index()
#6 C:\laragon\www\taxi-sharing-2020\vendor\codeigniter4\framework\system\CodeIgniter.php(399): CodeIgniter\CodeIgniter->runController(Object(App\Controllers\Customer\Order))
#7 C:\laragon\www\taxi-sharing-2020\vendor\codeigniter4\framework\system\CodeIgniter.php(317): CodeIgniter\CodeIgniter->handleRequest(NULL, Object(Config\Cache), false)
#8 C:\laragon\www\taxi-sharing-2020\public\index.php(37): CodeIgniter\CodeIgniter->run()
#9 C:\laragon\www\taxi-sharing-2020\vendor\codeigniter4\framework\system\Commands\Server\rewrite.php(43): require_once('C:\\laragon\\www\\...')
#10 {main}
CRITICAL - 2022-01-28 12:46:37 --> Undefined variable: class_dashboard
#0 C:\laragon\www\taxi-sharing-2020\app\Views\customer\order\views.php(23): CodeIgniter\Debug\Exceptions->errorHandler(8, 'Undefined varia...', 'C:\\laragon\\www\\...', 23, Array)
#1 C:\laragon\www\taxi-sharing-2020\vendor\codeigniter4\framework\system\View\View.php(214): include('C:\\laragon\\www\\...')
#2 C:\laragon\www\taxi-sharing-2020\vendor\codeigniter4\framework\system\View\View.php(217): CodeIgniter\View\View->CodeIgniter\View\{closure}()
#3 C:\laragon\www\taxi-sharing-2020\vendor\codeigniter4\framework\system\Common.php(1092): CodeIgniter\View\View->render('customer/order/...', Array, true)
#4 C:\laragon\www\taxi-sharing-2020\app\Controllers\Customer\Order.php(67): view('customer/order/...', Array)
#5 C:\laragon\www\taxi-sharing-2020\vendor\codeigniter4\framework\system\CodeIgniter.php(802): App\Controllers\Customer\Order->index()
#6 C:\laragon\www\taxi-sharing-2020\vendor\codeigniter4\framework\system\CodeIgniter.php(399): CodeIgniter\CodeIgniter->runController(Object(App\Controllers\Customer\Order))
#7 C:\laragon\www\taxi-sharing-2020\vendor\codeigniter4\framework\system\CodeIgniter.php(317): CodeIgniter\CodeIgniter->handleRequest(NULL, Object(Config\Cache), false)
#8 C:\laragon\www\taxi-sharing-2020\public\index.php(37): CodeIgniter\CodeIgniter->run()
#9 C:\laragon\www\taxi-sharing-2020\vendor\codeigniter4\framework\system\Commands\Server\rewrite.php(43): require_once('C:\\laragon\\www\\...')
#10 {main}
CRITICAL - 2022-01-28 12:46:55 --> Undefined variable: class_dashboard
#0 C:\laragon\www\taxi-sharing-2020\app\Views\customer\order\views.php(23): CodeIgniter\Debug\Exceptions->errorHandler(8, 'Undefined varia...', 'C:\\laragon\\www\\...', 23, Array)
#1 C:\laragon\www\taxi-sharing-2020\vendor\codeigniter4\framework\system\View\View.php(214): include('C:\\laragon\\www\\...')
#2 C:\laragon\www\taxi-sharing-2020\vendor\codeigniter4\framework\system\View\View.php(217): CodeIgniter\View\View->CodeIgniter\View\{closure}()
#3 C:\laragon\www\taxi-sharing-2020\vendor\codeigniter4\framework\system\Common.php(1092): CodeIgniter\View\View->render('customer/order/...', Array, true)
#4 C:\laragon\www\taxi-sharing-2020\app\Controllers\Customer\Order.php(67): view('customer/order/...', Array)
#5 C:\laragon\www\taxi-sharing-2020\vendor\codeigniter4\framework\system\CodeIgniter.php(802): App\Controllers\Customer\Order->index()
#6 C:\laragon\www\taxi-sharing-2020\vendor\codeigniter4\framework\system\CodeIgniter.php(399): CodeIgniter\CodeIgniter->runController(Object(App\Controllers\Customer\Order))
#7 C:\laragon\www\taxi-sharing-2020\vendor\codeigniter4\framework\system\CodeIgniter.php(317): CodeIgniter\CodeIgniter->handleRequest(NULL, Object(Config\Cache), false)
#8 C:\laragon\www\taxi-sharing-2020\public\index.php(37): CodeIgniter\CodeIgniter->run()
#9 C:\laragon\www\taxi-sharing-2020\vendor\codeigniter4\framework\system\Commands\Server\rewrite.php(43): require_once('C:\\laragon\\www\\...')
#10 {main}
CRITICAL - 2022-01-28 12:46:56 --> Undefined variable: class_dashboard
#0 C:\laragon\www\taxi-sharing-2020\app\Views\customer\order\views.php(23): CodeIgniter\Debug\Exceptions->errorHandler(8, 'Undefined varia...', 'C:\\laragon\\www\\...', 23, Array)
#1 C:\laragon\www\taxi-sharing-2020\vendor\codeigniter4\framework\system\View\View.php(214): include('C:\\laragon\\www\\...')
#2 C:\laragon\www\taxi-sharing-2020\vendor\codeigniter4\framework\system\View\View.php(217): CodeIgniter\View\View->CodeIgniter\View\{closure}()
#3 C:\laragon\www\taxi-sharing-2020\vendor\codeigniter4\framework\system\Common.php(1092): CodeIgniter\View\View->render('customer/order/...', Array, true)
#4 C:\laragon\www\taxi-sharing-2020\app\Controllers\Customer\Order.php(67): view('customer/order/...', Array)
#5 C:\laragon\www\taxi-sharing-2020\vendor\codeigniter4\framework\system\CodeIgniter.php(802): App\Controllers\Customer\Order->index()
#6 C:\laragon\www\taxi-sharing-2020\vendor\codeigniter4\framework\system\CodeIgniter.php(399): CodeIgniter\CodeIgniter->runController(Object(App\Controllers\Customer\Order))
#7 C:\laragon\www\taxi-sharing-2020\vendor\codeigniter4\framework\system\CodeIgniter.php(317): CodeIgniter\CodeIgniter->handleRequest(NULL, Object(Config\Cache), false)
#8 C:\laragon\www\taxi-sharing-2020\public\index.php(37): CodeIgniter\CodeIgniter->run()
#9 C:\laragon\www\taxi-sharing-2020\vendor\codeigniter4\framework\system\Commands\Server\rewrite.php(43): require_once('C:\\laragon\\www\\...')
#10 {main}
CRITICAL - 2022-01-28 12:46:56 --> Undefined variable: class_dashboard
#0 C:\laragon\www\taxi-sharing-2020\app\Views\customer\order\views.php(23): CodeIgniter\Debug\Exceptions->errorHandler(8, 'Undefined varia...', 'C:\\laragon\\www\\...', 23, Array)
#1 C:\laragon\www\taxi-sharing-2020\vendor\codeigniter4\framework\system\View\View.php(214): include('C:\\laragon\\www\\...')
#2 C:\laragon\www\taxi-sharing-2020\vendor\codeigniter4\framework\system\View\View.php(217): CodeIgniter\View\View->CodeIgniter\View\{closure}()
#3 C:\laragon\www\taxi-sharing-2020\vendor\codeigniter4\framework\system\Common.php(1092): CodeIgniter\View\View->render('customer/order/...', Array, true)
#4 C:\laragon\www\taxi-sharing-2020\app\Controllers\Customer\Order.php(67): view('customer/order/...', Array)
#5 C:\laragon\www\taxi-sharing-2020\vendor\codeigniter4\framework\system\CodeIgniter.php(802): App\Controllers\Customer\Order->index()
#6 C:\laragon\www\taxi-sharing-2020\vendor\codeigniter4\framework\system\CodeIgniter.php(399): CodeIgniter\CodeIgniter->runController(Object(App\Controllers\Customer\Order))
#7 C:\laragon\www\taxi-sharing-2020\vendor\codeigniter4\framework\system\CodeIgniter.php(317): CodeIgniter\CodeIgniter->handleRequest(NULL, Object(Config\Cache), false)
#8 C:\laragon\www\taxi-sharing-2020\public\index.php(37): CodeIgniter\CodeIgniter->run()
#9 C:\laragon\www\taxi-sharing-2020\vendor\codeigniter4\framework\system\Commands\Server\rewrite.php(43): require_once('C:\\laragon\\www\\...')
#10 {main}
CRITICAL - 2022-01-28 12:46:57 --> Undefined variable: class_dashboard
#0 C:\laragon\www\taxi-sharing-2020\app\Views\customer\order\views.php(23): CodeIgniter\Debug\Exceptions->errorHandler(8, 'Undefined varia...', 'C:\\laragon\\www\\...', 23, Array)
#1 C:\laragon\www\taxi-sharing-2020\vendor\codeigniter4\framework\system\View\View.php(214): include('C:\\laragon\\www\\...')
#2 C:\laragon\www\taxi-sharing-2020\vendor\codeigniter4\framework\system\View\View.php(217): CodeIgniter\View\View->CodeIgniter\View\{closure}()
#3 C:\laragon\www\taxi-sharing-2020\vendor\codeigniter4\framework\system\Common.php(1092): CodeIgniter\View\View->render('customer/order/...', Array, true)
#4 C:\laragon\www\taxi-sharing-2020\app\Controllers\Customer\Order.php(67): view('customer/order/...', Array)
#5 C:\laragon\www\taxi-sharing-2020\vendor\codeigniter4\framework\system\CodeIgniter.php(802): App\Controllers\Customer\Order->index()
#6 C:\laragon\www\taxi-sharing-2020\vendor\codeigniter4\framework\system\CodeIgniter.php(399): CodeIgniter\CodeIgniter->runController(Object(App\Controllers\Customer\Order))
#7 C:\laragon\www\taxi-sharing-2020\vendor\codeigniter4\framework\system\CodeIgniter.php(317): CodeIgniter\CodeIgniter->handleRequest(NULL, Object(Config\Cache), false)
#8 C:\laragon\www\taxi-sharing-2020\public\index.php(37): CodeIgniter\CodeIgniter->run()
#9 C:\laragon\www\taxi-sharing-2020\vendor\codeigniter4\framework\system\Commands\Server\rewrite.php(43): require_once('C:\\laragon\\www\\...')
#10 {main}
CRITICAL - 2022-01-28 12:47:21 --> Undefined variable: data
#0 C:\laragon\www\taxi-sharing-2020\app\Views\customer\order\views.php(26): CodeIgniter\Debug\Exceptions->errorHandler(8, 'Undefined varia...', 'C:\\laragon\\www\\...', 26, Array)
#1 C:\laragon\www\taxi-sharing-2020\vendor\codeigniter4\framework\system\View\View.php(214): include('C:\\laragon\\www\\...')
#2 C:\laragon\www\taxi-sharing-2020\vendor\codeigniter4\framework\system\View\View.php(217): CodeIgniter\View\View->CodeIgniter\View\{closure}()
#3 C:\laragon\www\taxi-sharing-2020\vendor\codeigniter4\framework\system\Common.php(1092): CodeIgniter\View\View->render('customer/order/...', Array, true)
#4 C:\laragon\www\taxi-sharing-2020\app\Controllers\Customer\Order.php(67): view('customer/order/...', Array)
#5 C:\laragon\www\taxi-sharing-2020\vendor\codeigniter4\framework\system\CodeIgniter.php(802): App\Controllers\Customer\Order->index()
#6 C:\laragon\www\taxi-sharing-2020\vendor\codeigniter4\framework\system\CodeIgniter.php(399): CodeIgniter\CodeIgniter->runController(Object(App\Controllers\Customer\Order))
#7 C:\laragon\www\taxi-sharing-2020\vendor\codeigniter4\framework\system\CodeIgniter.php(317): CodeIgniter\CodeIgniter->handleRequest(NULL, Object(Config\Cache), false)
#8 C:\laragon\www\taxi-sharing-2020\public\index.php(37): CodeIgniter\CodeIgniter->run()
#9 C:\laragon\www\taxi-sharing-2020\vendor\codeigniter4\framework\system\Commands\Server\rewrite.php(43): require_once('C:\\laragon\\www\\...')
#10 {main}
CRITICAL - 2022-01-28 12:47:22 --> Undefined variable: data
#0 C:\laragon\www\taxi-sharing-2020\app\Views\customer\order\views.php(26): CodeIgniter\Debug\Exceptions->errorHandler(8, 'Undefined varia...', 'C:\\laragon\\www\\...', 26, Array)
#1 C:\laragon\www\taxi-sharing-2020\vendor\codeigniter4\framework\system\View\View.php(214): include('C:\\laragon\\www\\...')
#2 C:\laragon\www\taxi-sharing-2020\vendor\codeigniter4\framework\system\View\View.php(217): CodeIgniter\View\View->CodeIgniter\View\{closure}()
#3 C:\laragon\www\taxi-sharing-2020\vendor\codeigniter4\framework\system\Common.php(1092): CodeIgniter\View\View->render('customer/order/...', Array, true)
#4 C:\laragon\www\taxi-sharing-2020\app\Controllers\Customer\Order.php(67): view('customer/order/...', Array)
#5 C:\laragon\www\taxi-sharing-2020\vendor\codeigniter4\framework\system\CodeIgniter.php(802): App\Controllers\Customer\Order->index()
#6 C:\laragon\www\taxi-sharing-2020\vendor\codeigniter4\framework\system\CodeIgniter.php(399): CodeIgniter\CodeIgniter->runController(Object(App\Controllers\Customer\Order))
#7 C:\laragon\www\taxi-sharing-2020\vendor\codeigniter4\framework\system\CodeIgniter.php(317): CodeIgniter\CodeIgniter->handleRequest(NULL, Object(Config\Cache), false)
#8 C:\laragon\www\taxi-sharing-2020\public\index.php(37): CodeIgniter\CodeIgniter->run()
#9 C:\laragon\www\taxi-sharing-2020\vendor\codeigniter4\framework\system\Commands\Server\rewrite.php(43): require_once('C:\\laragon\\www\\...')
#10 {main}
CRITICAL - 2022-01-28 12:51:34 --> Undefined variable: bandara
#0 C:\laragon\www\taxi-sharing-2020\app\Views\customer\order\views.php(34): CodeIgniter\Debug\Exceptions->errorHandler(8, 'Undefined varia...', 'C:\\laragon\\www\\...', 34, Array)
#1 C:\laragon\www\taxi-sharing-2020\vendor\codeigniter4\framework\system\View\View.php(214): include('C:\\laragon\\www\\...')
#2 C:\laragon\www\taxi-sharing-2020\vendor\codeigniter4\framework\system\View\View.php(217): CodeIgniter\View\View->CodeIgniter\View\{closure}()
#3 C:\laragon\www\taxi-sharing-2020\vendor\codeigniter4\framework\system\Common.php(1092): CodeIgniter\View\View->render('customer/order/...', Array, true)
#4 C:\laragon\www\taxi-sharing-2020\app\Controllers\Customer\Order.php(67): view('customer/order/...', Array)
#5 C:\laragon\www\taxi-sharing-2020\vendor\codeigniter4\framework\system\CodeIgniter.php(802): App\Controllers\Customer\Order->index()
#6 C:\laragon\www\taxi-sharing-2020\vendor\codeigniter4\framework\system\CodeIgniter.php(399): CodeIgniter\CodeIgniter->runController(Object(App\Controllers\Customer\Order))
#7 C:\laragon\www\taxi-sharing-2020\vendor\codeigniter4\framework\system\CodeIgniter.php(317): CodeIgniter\CodeIgniter->handleRequest(NULL, Object(Config\Cache), false)
#8 C:\laragon\www\taxi-sharing-2020\public\index.php(37): CodeIgniter\CodeIgniter->run()
#9 C:\laragon\www\taxi-sharing-2020\vendor\codeigniter4\framework\system\Commands\Server\rewrite.php(43): require_once('C:\\laragon\\www\\...')
#10 {main}
CRITICAL - 2022-01-28 12:53:55 --> Array to string conversion
#0 C:\laragon\www\taxi-sharing-2020\app\Views\customer\order\views.php(89): CodeIgniter\Debug\Exceptions->errorHandler(8, 'Array to string...', 'C:\\laragon\\www\\...', 89, Array)
#1 C:\laragon\www\taxi-sharing-2020\vendor\codeigniter4\framework\system\View\View.php(214): include('C:\\laragon\\www\\...')
#2 C:\laragon\www\taxi-sharing-2020\vendor\codeigniter4\framework\system\View\View.php(217): CodeIgniter\View\View->CodeIgniter\View\{closure}()
#3 C:\laragon\www\taxi-sharing-2020\vendor\codeigniter4\framework\system\Common.php(1092): CodeIgniter\View\View->render('customer/order/...', Array, true)
#4 C:\laragon\www\taxi-sharing-2020\app\Controllers\Customer\Order.php(67): view('customer/order/...', Array)
#5 C:\laragon\www\taxi-sharing-2020\vendor\codeigniter4\framework\system\CodeIgniter.php(802): App\Controllers\Customer\Order->index()
#6 C:\laragon\www\taxi-sharing-2020\vendor\codeigniter4\framework\system\CodeIgniter.php(399): CodeIgniter\CodeIgniter->runController(Object(App\Controllers\Customer\Order))
#7 C:\laragon\www\taxi-sharing-2020\vendor\codeigniter4\framework\system\CodeIgniter.php(317): CodeIgniter\CodeIgniter->handleRequest(NULL, Object(Config\Cache), false)
#8 C:\laragon\www\taxi-sharing-2020\public\index.php(37): CodeIgniter\CodeIgniter->run()
#9 C:\laragon\www\taxi-sharing-2020\vendor\codeigniter4\framework\system\Commands\Server\rewrite.php(43): require_once('C:\\laragon\\www\\...')
#10 {main}
