CRITICAL - 2022-03-06 00:12:42 --> A non well formed numeric value encountered
#0 C:\laragon\www\taxi-sharing-2020\app\Views\customer\dashboard\views.php(478): CodeIgniter\Debug\Exceptions->errorHandler(8, 'A non well form...', 'C:\\laragon\\www\\...', 478, Array)
#1 C:\laragon\www\taxi-sharing-2020\vendor\codeigniter4\framework\system\View\View.php(210): include('C:\\laragon\\www\\...')
#2 C:\laragon\www\taxi-sharing-2020\vendor\codeigniter4\framework\system\View\View.php(213): CodeIgniter\View\View->CodeIgniter\View\{closure}()
#3 C:\laragon\www\taxi-sharing-2020\vendor\codeigniter4\framework\system\Common.php(1089): CodeIgniter\View\View->render('customer/dashbo...', Array, true)
#4 C:\laragon\www\taxi-sharing-2020\app\Controllers\Customer\Dashboard.php(123): view('customer/dashbo...', Array)
#5 C:\laragon\www\taxi-sharing-2020\vendor\codeigniter4\framework\system\CodeIgniter.php(825): App\Controllers\Customer\Dashboard->index()
#6 C:\laragon\www\taxi-sharing-2020\vendor\codeigniter4\framework\system\CodeIgniter.php(412): CodeIgniter\CodeIgniter->runController(Object(App\Controllers\Customer\Dashboard))
#7 C:\laragon\www\taxi-sharing-2020\vendor\codeigniter4\framework\system\CodeIgniter.php(320): CodeIgniter\CodeIgniter->handleRequest(NULL, Object(Config\Cache), false)
#8 C:\laragon\www\taxi-sharing-2020\public\index.php(38): CodeIgniter\CodeIgniter->run()
#9 C:\laragon\www\taxi-sharing-2020\vendor\codeigniter4\framework\system\Commands\Server\rewrite.php(43): require_once('C:\\laragon\\www\\...')
#10 {main}
CRITICAL - 2022-03-06 00:13:19 --> A non well formed numeric value encountered
#0 C:\laragon\www\taxi-sharing-2020\app\Views\customer\dashboard\views.php(478): CodeIgniter\Debug\Exceptions->errorHandler(8, 'A non well form...', 'C:\\laragon\\www\\...', 478, Array)
#1 C:\laragon\www\taxi-sharing-2020\vendor\codeigniter4\framework\system\View\View.php(210): include('C:\\laragon\\www\\...')
#2 C:\laragon\www\taxi-sharing-2020\vendor\codeigniter4\framework\system\View\View.php(213): CodeIgniter\View\View->CodeIgniter\View\{closure}()
#3 C:\laragon\www\taxi-sharing-2020\vendor\codeigniter4\framework\system\Common.php(1089): CodeIgniter\View\View->render('customer/dashbo...', Array, true)
#4 C:\laragon\www\taxi-sharing-2020\app\Controllers\Customer\Dashboard.php(123): view('customer/dashbo...', Array)
#5 C:\laragon\www\taxi-sharing-2020\vendor\codeigniter4\framework\system\CodeIgniter.php(825): App\Controllers\Customer\Dashboard->index()
#6 C:\laragon\www\taxi-sharing-2020\vendor\codeigniter4\framework\system\CodeIgniter.php(412): CodeIgniter\CodeIgniter->runController(Object(App\Controllers\Customer\Dashboard))
#7 C:\laragon\www\taxi-sharing-2020\vendor\codeigniter4\framework\system\CodeIgniter.php(320): CodeIgniter\CodeIgniter->handleRequest(NULL, Object(Config\Cache), false)
#8 C:\laragon\www\taxi-sharing-2020\public\index.php(38): CodeIgniter\CodeIgniter->run()
#9 C:\laragon\www\taxi-sharing-2020\vendor\codeigniter4\framework\system\Commands\Server\rewrite.php(43): require_once('C:\\laragon\\www\\...')
#10 {main}
CRITICAL - 2022-03-06 00:13:22 --> A non well formed numeric value encountered
#0 C:\laragon\www\taxi-sharing-2020\app\Views\customer\dashboard\views.php(478): CodeIgniter\Debug\Exceptions->errorHandler(8, 'A non well form...', 'C:\\laragon\\www\\...', 478, Array)
#1 C:\laragon\www\taxi-sharing-2020\vendor\codeigniter4\framework\system\View\View.php(210): include('C:\\laragon\\www\\...')
#2 C:\laragon\www\taxi-sharing-2020\vendor\codeigniter4\framework\system\View\View.php(213): CodeIgniter\View\View->CodeIgniter\View\{closure}()
#3 C:\laragon\www\taxi-sharing-2020\vendor\codeigniter4\framework\system\Common.php(1089): CodeIgniter\View\View->render('customer/dashbo...', Array, true)
#4 C:\laragon\www\taxi-sharing-2020\app\Controllers\Customer\Dashboard.php(123): view('customer/dashbo...', Array)
#5 C:\laragon\www\taxi-sharing-2020\vendor\codeigniter4\framework\system\CodeIgniter.php(825): App\Controllers\Customer\Dashboard->index()
#6 C:\laragon\www\taxi-sharing-2020\vendor\codeigniter4\framework\system\CodeIgniter.php(412): CodeIgniter\CodeIgniter->runController(Object(App\Controllers\Customer\Dashboard))
#7 C:\laragon\www\taxi-sharing-2020\vendor\codeigniter4\framework\system\CodeIgniter.php(320): CodeIgniter\CodeIgniter->handleRequest(NULL, Object(Config\Cache), false)
#8 C:\laragon\www\taxi-sharing-2020\public\index.php(38): CodeIgniter\CodeIgniter->run()
#9 C:\laragon\www\taxi-sharing-2020\vendor\codeigniter4\framework\system\Commands\Server\rewrite.php(43): require_once('C:\\laragon\\www\\...')
#10 {main}
CRITICAL - 2022-03-06 00:14:02 --> explode(): Empty delimiter
#0 [internal function]: CodeIgniter\Debug\Exceptions->errorHandler(2, 'explode(): Empt...', 'C:\\laragon\\www\\...', 477, Array)
#1 C:\laragon\www\taxi-sharing-2020\app\Views\customer\dashboard\views.php(477): explode('', '16.2 km')
#2 C:\laragon\www\taxi-sharing-2020\vendor\codeigniter4\framework\system\View\View.php(210): include('C:\\laragon\\www\\...')
#3 C:\laragon\www\taxi-sharing-2020\vendor\codeigniter4\framework\system\View\View.php(213): CodeIgniter\View\View->CodeIgniter\View\{closure}()
#4 C:\laragon\www\taxi-sharing-2020\vendor\codeigniter4\framework\system\Common.php(1089): CodeIgniter\View\View->render('customer/dashbo...', Array, true)
#5 C:\laragon\www\taxi-sharing-2020\app\Controllers\Customer\Dashboard.php(123): view('customer/dashbo...', Array)
#6 C:\laragon\www\taxi-sharing-2020\vendor\codeigniter4\framework\system\CodeIgniter.php(825): App\Controllers\Customer\Dashboard->index()
#7 C:\laragon\www\taxi-sharing-2020\vendor\codeigniter4\framework\system\CodeIgniter.php(412): CodeIgniter\CodeIgniter->runController(Object(App\Controllers\Customer\Dashboard))
#8 C:\laragon\www\taxi-sharing-2020\vendor\codeigniter4\framework\system\CodeIgniter.php(320): CodeIgniter\CodeIgniter->handleRequest(NULL, Object(Config\Cache), false)
#9 C:\laragon\www\taxi-sharing-2020\public\index.php(38): CodeIgniter\CodeIgniter->run()
#10 C:\laragon\www\taxi-sharing-2020\vendor\codeigniter4\framework\system\Commands\Server\rewrite.php(43): require_once('C:\\laragon\\www\\...')
#11 {main}
CRITICAL - 2022-03-06 00:51:48 --> A non well formed numeric value encountered
#0 C:\laragon\www\taxi-sharing-2020\app\Views\customer\dashboard\views.php(475): CodeIgniter\Debug\Exceptions->errorHandler(8, 'A non well form...', 'C:\\laragon\\www\\...', 475, Array)
#1 C:\laragon\www\taxi-sharing-2020\vendor\codeigniter4\framework\system\View\View.php(210): include('C:\\laragon\\www\\...')
#2 C:\laragon\www\taxi-sharing-2020\vendor\codeigniter4\framework\system\View\View.php(213): CodeIgniter\View\View->CodeIgniter\View\{closure}()
#3 C:\laragon\www\taxi-sharing-2020\vendor\codeigniter4\framework\system\Common.php(1089): CodeIgniter\View\View->render('customer/dashbo...', Array, true)
#4 C:\laragon\www\taxi-sharing-2020\app\Controllers\Customer\Dashboard.php(123): view('customer/dashbo...', Array)
#5 C:\laragon\www\taxi-sharing-2020\vendor\codeigniter4\framework\system\CodeIgniter.php(825): App\Controllers\Customer\Dashboard->index()
#6 C:\laragon\www\taxi-sharing-2020\vendor\codeigniter4\framework\system\CodeIgniter.php(412): CodeIgniter\CodeIgniter->runController(Object(App\Controllers\Customer\Dashboard))
#7 C:\laragon\www\taxi-sharing-2020\vendor\codeigniter4\framework\system\CodeIgniter.php(320): CodeIgniter\CodeIgniter->handleRequest(NULL, Object(Config\Cache), false)
#8 C:\laragon\www\taxi-sharing-2020\public\index.php(38): CodeIgniter\CodeIgniter->run()
#9 C:\laragon\www\taxi-sharing-2020\vendor\codeigniter4\framework\system\Commands\Server\rewrite.php(43): require_once('C:\\laragon\\www\\...')
#10 {main}
CRITICAL - 2022-03-06 00:53:44 --> A non well formed numeric value encountered
#0 C:\laragon\www\taxi-sharing-2020\app\Views\customer\dashboard\views.php(478): CodeIgniter\Debug\Exceptions->errorHandler(8, 'A non well form...', 'C:\\laragon\\www\\...', 478, Array)
#1 C:\laragon\www\taxi-sharing-2020\vendor\codeigniter4\framework\system\View\View.php(210): include('C:\\laragon\\www\\...')
#2 C:\laragon\www\taxi-sharing-2020\vendor\codeigniter4\framework\system\View\View.php(213): CodeIgniter\View\View->CodeIgniter\View\{closure}()
#3 C:\laragon\www\taxi-sharing-2020\vendor\codeigniter4\framework\system\Common.php(1089): CodeIgniter\View\View->render('customer/dashbo...', Array, true)
#4 C:\laragon\www\taxi-sharing-2020\app\Controllers\Customer\Dashboard.php(123): view('customer/dashbo...', Array)
#5 C:\laragon\www\taxi-sharing-2020\vendor\codeigniter4\framework\system\CodeIgniter.php(825): App\Controllers\Customer\Dashboard->index()
#6 C:\laragon\www\taxi-sharing-2020\vendor\codeigniter4\framework\system\CodeIgniter.php(412): CodeIgniter\CodeIgniter->runController(Object(App\Controllers\Customer\Dashboard))
#7 C:\laragon\www\taxi-sharing-2020\vendor\codeigniter4\framework\system\CodeIgniter.php(320): CodeIgniter\CodeIgniter->handleRequest(NULL, Object(Config\Cache), false)
#8 C:\laragon\www\taxi-sharing-2020\public\index.php(38): CodeIgniter\CodeIgniter->run()
#9 C:\laragon\www\taxi-sharing-2020\vendor\codeigniter4\framework\system\Commands\Server\rewrite.php(43): require_once('C:\\laragon\\www\\...')
#10 {main}
CRITICAL - 2022-03-06 00:56:50 --> A non well formed numeric value encountered
#0 C:\laragon\www\taxi-sharing-2020\app\Views\customer\dashboard\views.php(478): CodeIgniter\Debug\Exceptions->errorHandler(8, 'A non well form...', 'C:\\laragon\\www\\...', 478, Array)
#1 C:\laragon\www\taxi-sharing-2020\vendor\codeigniter4\framework\system\View\View.php(210): include('C:\\laragon\\www\\...')
#2 C:\laragon\www\taxi-sharing-2020\vendor\codeigniter4\framework\system\View\View.php(213): CodeIgniter\View\View->CodeIgniter\View\{closure}()
#3 C:\laragon\www\taxi-sharing-2020\vendor\codeigniter4\framework\system\Common.php(1089): CodeIgniter\View\View->render('customer/dashbo...', Array, true)
#4 C:\laragon\www\taxi-sharing-2020\app\Controllers\Customer\Dashboard.php(123): view('customer/dashbo...', Array)
#5 C:\laragon\www\taxi-sharing-2020\vendor\codeigniter4\framework\system\CodeIgniter.php(825): App\Controllers\Customer\Dashboard->index()
#6 C:\laragon\www\taxi-sharing-2020\vendor\codeigniter4\framework\system\CodeIgniter.php(412): CodeIgniter\CodeIgniter->runController(Object(App\Controllers\Customer\Dashboard))
#7 C:\laragon\www\taxi-sharing-2020\vendor\codeigniter4\framework\system\CodeIgniter.php(320): CodeIgniter\CodeIgniter->handleRequest(NULL, Object(Config\Cache), false)
#8 C:\laragon\www\taxi-sharing-2020\public\index.php(38): CodeIgniter\CodeIgniter->run()
#9 C:\laragon\www\taxi-sharing-2020\vendor\codeigniter4\framework\system\Commands\Server\rewrite.php(43): require_once('C:\\laragon\\www\\...')
#10 {main}
CRITICAL - 2022-03-06 00:57:38 --> A non well formed numeric value encountered
#0 C:\laragon\www\taxi-sharing-2020\app\Views\customer\dashboard\views.php(478): CodeIgniter\Debug\Exceptions->errorHandler(8, 'A non well form...', 'C:\\laragon\\www\\...', 478, Array)
#1 C:\laragon\www\taxi-sharing-2020\vendor\codeigniter4\framework\system\View\View.php(210): include('C:\\laragon\\www\\...')
#2 C:\laragon\www\taxi-sharing-2020\vendor\codeigniter4\framework\system\View\View.php(213): CodeIgniter\View\View->CodeIgniter\View\{closure}()
#3 C:\laragon\www\taxi-sharing-2020\vendor\codeigniter4\framework\system\Common.php(1089): CodeIgniter\View\View->render('customer/dashbo...', Array, true)
#4 C:\laragon\www\taxi-sharing-2020\app\Controllers\Customer\Dashboard.php(123): view('customer/dashbo...', Array)
#5 C:\laragon\www\taxi-sharing-2020\vendor\codeigniter4\framework\system\CodeIgniter.php(825): App\Controllers\Customer\Dashboard->index()
#6 C:\laragon\www\taxi-sharing-2020\vendor\codeigniter4\framework\system\CodeIgniter.php(412): CodeIgniter\CodeIgniter->runController(Object(App\Controllers\Customer\Dashboard))
#7 C:\laragon\www\taxi-sharing-2020\vendor\codeigniter4\framework\system\CodeIgniter.php(320): CodeIgniter\CodeIgniter->handleRequest(NULL, Object(Config\Cache), false)
#8 C:\laragon\www\taxi-sharing-2020\public\index.php(38): CodeIgniter\CodeIgniter->run()
#9 C:\laragon\www\taxi-sharing-2020\vendor\codeigniter4\framework\system\Commands\Server\rewrite.php(43): require_once('C:\\laragon\\www\\...')
#10 {main}
CRITICAL - 2022-03-06 00:57:43 --> A non well formed numeric value encountered
#0 C:\laragon\www\taxi-sharing-2020\app\Views\customer\dashboard\views.php(478): CodeIgniter\Debug\Exceptions->errorHandler(8, 'A non well form...', 'C:\\laragon\\www\\...', 478, Array)
#1 C:\laragon\www\taxi-sharing-2020\vendor\codeigniter4\framework\system\View\View.php(210): include('C:\\laragon\\www\\...')
#2 C:\laragon\www\taxi-sharing-2020\vendor\codeigniter4\framework\system\View\View.php(213): CodeIgniter\View\View->CodeIgniter\View\{closure}()
#3 C:\laragon\www\taxi-sharing-2020\vendor\codeigniter4\framework\system\Common.php(1089): CodeIgniter\View\View->render('customer/dashbo...', Array, true)
#4 C:\laragon\www\taxi-sharing-2020\app\Controllers\Customer\Dashboard.php(123): view('customer/dashbo...', Array)
#5 C:\laragon\www\taxi-sharing-2020\vendor\codeigniter4\framework\system\CodeIgniter.php(825): App\Controllers\Customer\Dashboard->index()
#6 C:\laragon\www\taxi-sharing-2020\vendor\codeigniter4\framework\system\CodeIgniter.php(412): CodeIgniter\CodeIgniter->runController(Object(App\Controllers\Customer\Dashboard))
#7 C:\laragon\www\taxi-sharing-2020\vendor\codeigniter4\framework\system\CodeIgniter.php(320): CodeIgniter\CodeIgniter->handleRequest(NULL, Object(Config\Cache), false)
#8 C:\laragon\www\taxi-sharing-2020\public\index.php(38): CodeIgniter\CodeIgniter->run()
#9 C:\laragon\www\taxi-sharing-2020\vendor\codeigniter4\framework\system\Commands\Server\rewrite.php(43): require_once('C:\\laragon\\www\\...')
#10 {main}
CRITICAL - 2022-03-06 00:57:45 --> A non well formed numeric value encountered
#0 C:\laragon\www\taxi-sharing-2020\app\Views\customer\dashboard\views.php(478): CodeIgniter\Debug\Exceptions->errorHandler(8, 'A non well form...', 'C:\\laragon\\www\\...', 478, Array)
#1 C:\laragon\www\taxi-sharing-2020\vendor\codeigniter4\framework\system\View\View.php(210): include('C:\\laragon\\www\\...')
#2 C:\laragon\www\taxi-sharing-2020\vendor\codeigniter4\framework\system\View\View.php(213): CodeIgniter\View\View->CodeIgniter\View\{closure}()
#3 C:\laragon\www\taxi-sharing-2020\vendor\codeigniter4\framework\system\Common.php(1089): CodeIgniter\View\View->render('customer/dashbo...', Array, true)
#4 C:\laragon\www\taxi-sharing-2020\app\Controllers\Customer\Dashboard.php(123): view('customer/dashbo...', Array)
#5 C:\laragon\www\taxi-sharing-2020\vendor\codeigniter4\framework\system\CodeIgniter.php(825): App\Controllers\Customer\Dashboard->index()
#6 C:\laragon\www\taxi-sharing-2020\vendor\codeigniter4\framework\system\CodeIgniter.php(412): CodeIgniter\CodeIgniter->runController(Object(App\Controllers\Customer\Dashboard))
#7 C:\laragon\www\taxi-sharing-2020\vendor\codeigniter4\framework\system\CodeIgniter.php(320): CodeIgniter\CodeIgniter->handleRequest(NULL, Object(Config\Cache), false)
#8 C:\laragon\www\taxi-sharing-2020\public\index.php(38): CodeIgniter\CodeIgniter->run()
#9 C:\laragon\www\taxi-sharing-2020\vendor\codeigniter4\framework\system\Commands\Server\rewrite.php(43): require_once('C:\\laragon\\www\\...')
#10 {main}
CRITICAL - 2022-03-06 00:57:49 --> A non well formed numeric value encountered
#0 C:\laragon\www\taxi-sharing-2020\app\Views\customer\dashboard\views.php(478): CodeIgniter\Debug\Exceptions->errorHandler(8, 'A non well form...', 'C:\\laragon\\www\\...', 478, Array)
#1 C:\laragon\www\taxi-sharing-2020\vendor\codeigniter4\framework\system\View\View.php(210): include('C:\\laragon\\www\\...')
#2 C:\laragon\www\taxi-sharing-2020\vendor\codeigniter4\framework\system\View\View.php(213): CodeIgniter\View\View->CodeIgniter\View\{closure}()
#3 C:\laragon\www\taxi-sharing-2020\vendor\codeigniter4\framework\system\Common.php(1089): CodeIgniter\View\View->render('customer/dashbo...', Array, true)
#4 C:\laragon\www\taxi-sharing-2020\app\Controllers\Customer\Dashboard.php(123): view('customer/dashbo...', Array)
#5 C:\laragon\www\taxi-sharing-2020\vendor\codeigniter4\framework\system\CodeIgniter.php(825): App\Controllers\Customer\Dashboard->index()
#6 C:\laragon\www\taxi-sharing-2020\vendor\codeigniter4\framework\system\CodeIgniter.php(412): CodeIgniter\CodeIgniter->runController(Object(App\Controllers\Customer\Dashboard))
#7 C:\laragon\www\taxi-sharing-2020\vendor\codeigniter4\framework\system\CodeIgniter.php(320): CodeIgniter\CodeIgniter->handleRequest(NULL, Object(Config\Cache), false)
#8 C:\laragon\www\taxi-sharing-2020\public\index.php(38): CodeIgniter\CodeIgniter->run()
#9 C:\laragon\www\taxi-sharing-2020\vendor\codeigniter4\framework\system\Commands\Server\rewrite.php(43): require_once('C:\\laragon\\www\\...')
#10 {main}
CRITICAL - 2022-03-06 00:57:51 --> A non well formed numeric value encountered
#0 C:\laragon\www\taxi-sharing-2020\app\Views\customer\dashboard\views.php(478): CodeIgniter\Debug\Exceptions->errorHandler(8, 'A non well form...', 'C:\\laragon\\www\\...', 478, Array)
#1 C:\laragon\www\taxi-sharing-2020\vendor\codeigniter4\framework\system\View\View.php(210): include('C:\\laragon\\www\\...')
#2 C:\laragon\www\taxi-sharing-2020\vendor\codeigniter4\framework\system\View\View.php(213): CodeIgniter\View\View->CodeIgniter\View\{closure}()
#3 C:\laragon\www\taxi-sharing-2020\vendor\codeigniter4\framework\system\Common.php(1089): CodeIgniter\View\View->render('customer/dashbo...', Array, true)
#4 C:\laragon\www\taxi-sharing-2020\app\Controllers\Customer\Dashboard.php(123): view('customer/dashbo...', Array)
#5 C:\laragon\www\taxi-sharing-2020\vendor\codeigniter4\framework\system\CodeIgniter.php(825): App\Controllers\Customer\Dashboard->index()
#6 C:\laragon\www\taxi-sharing-2020\vendor\codeigniter4\framework\system\CodeIgniter.php(412): CodeIgniter\CodeIgniter->runController(Object(App\Controllers\Customer\Dashboard))
#7 C:\laragon\www\taxi-sharing-2020\vendor\codeigniter4\framework\system\CodeIgniter.php(320): CodeIgniter\CodeIgniter->handleRequest(NULL, Object(Config\Cache), false)
#8 C:\laragon\www\taxi-sharing-2020\public\index.php(38): CodeIgniter\CodeIgniter->run()
#9 C:\laragon\www\taxi-sharing-2020\vendor\codeigniter4\framework\system\Commands\Server\rewrite.php(43): require_once('C:\\laragon\\www\\...')
#10 {main}
CRITICAL - 2022-03-06 00:57:53 --> A non well formed numeric value encountered
#0 C:\laragon\www\taxi-sharing-2020\app\Views\customer\dashboard\views.php(478): CodeIgniter\Debug\Exceptions->errorHandler(8, 'A non well form...', 'C:\\laragon\\www\\...', 478, Array)
#1 C:\laragon\www\taxi-sharing-2020\vendor\codeigniter4\framework\system\View\View.php(210): include('C:\\laragon\\www\\...')
#2 C:\laragon\www\taxi-sharing-2020\vendor\codeigniter4\framework\system\View\View.php(213): CodeIgniter\View\View->CodeIgniter\View\{closure}()
#3 C:\laragon\www\taxi-sharing-2020\vendor\codeigniter4\framework\system\Common.php(1089): CodeIgniter\View\View->render('customer/dashbo...', Array, true)
#4 C:\laragon\www\taxi-sharing-2020\app\Controllers\Customer\Dashboard.php(123): view('customer/dashbo...', Array)
#5 C:\laragon\www\taxi-sharing-2020\vendor\codeigniter4\framework\system\CodeIgniter.php(825): App\Controllers\Customer\Dashboard->index()
#6 C:\laragon\www\taxi-sharing-2020\vendor\codeigniter4\framework\system\CodeIgniter.php(412): CodeIgniter\CodeIgniter->runController(Object(App\Controllers\Customer\Dashboard))
#7 C:\laragon\www\taxi-sharing-2020\vendor\codeigniter4\framework\system\CodeIgniter.php(320): CodeIgniter\CodeIgniter->handleRequest(NULL, Object(Config\Cache), false)
#8 C:\laragon\www\taxi-sharing-2020\public\index.php(38): CodeIgniter\CodeIgniter->run()
#9 C:\laragon\www\taxi-sharing-2020\vendor\codeigniter4\framework\system\Commands\Server\rewrite.php(43): require_once('C:\\laragon\\www\\...')
#10 {main}
CRITICAL - 2022-03-06 00:57:55 --> A non well formed numeric value encountered
#0 C:\laragon\www\taxi-sharing-2020\app\Views\customer\dashboard\views.php(478): CodeIgniter\Debug\Exceptions->errorHandler(8, 'A non well form...', 'C:\\laragon\\www\\...', 478, Array)
#1 C:\laragon\www\taxi-sharing-2020\vendor\codeigniter4\framework\system\View\View.php(210): include('C:\\laragon\\www\\...')
#2 C:\laragon\www\taxi-sharing-2020\vendor\codeigniter4\framework\system\View\View.php(213): CodeIgniter\View\View->CodeIgniter\View\{closure}()
#3 C:\laragon\www\taxi-sharing-2020\vendor\codeigniter4\framework\system\Common.php(1089): CodeIgniter\View\View->render('customer/dashbo...', Array, true)
#4 C:\laragon\www\taxi-sharing-2020\app\Controllers\Customer\Dashboard.php(123): view('customer/dashbo...', Array)
#5 C:\laragon\www\taxi-sharing-2020\vendor\codeigniter4\framework\system\CodeIgniter.php(825): App\Controllers\Customer\Dashboard->index()
#6 C:\laragon\www\taxi-sharing-2020\vendor\codeigniter4\framework\system\CodeIgniter.php(412): CodeIgniter\CodeIgniter->runController(Object(App\Controllers\Customer\Dashboard))
#7 C:\laragon\www\taxi-sharing-2020\vendor\codeigniter4\framework\system\CodeIgniter.php(320): CodeIgniter\CodeIgniter->handleRequest(NULL, Object(Config\Cache), false)
#8 C:\laragon\www\taxi-sharing-2020\public\index.php(38): CodeIgniter\CodeIgniter->run()
#9 C:\laragon\www\taxi-sharing-2020\vendor\codeigniter4\framework\system\Commands\Server\rewrite.php(43): require_once('C:\\laragon\\www\\...')
#10 {main}
CRITICAL - 2022-03-06 00:57:57 --> A non well formed numeric value encountered
#0 C:\laragon\www\taxi-sharing-2020\app\Views\customer\dashboard\views.php(478): CodeIgniter\Debug\Exceptions->errorHandler(8, 'A non well form...', 'C:\\laragon\\www\\...', 478, Array)
#1 C:\laragon\www\taxi-sharing-2020\vendor\codeigniter4\framework\system\View\View.php(210): include('C:\\laragon\\www\\...')
#2 C:\laragon\www\taxi-sharing-2020\vendor\codeigniter4\framework\system\View\View.php(213): CodeIgniter\View\View->CodeIgniter\View\{closure}()
#3 C:\laragon\www\taxi-sharing-2020\vendor\codeigniter4\framework\system\Common.php(1089): CodeIgniter\View\View->render('customer/dashbo...', Array, true)
#4 C:\laragon\www\taxi-sharing-2020\app\Controllers\Customer\Dashboard.php(123): view('customer/dashbo...', Array)
#5 C:\laragon\www\taxi-sharing-2020\vendor\codeigniter4\framework\system\CodeIgniter.php(825): App\Controllers\Customer\Dashboard->index()
#6 C:\laragon\www\taxi-sharing-2020\vendor\codeigniter4\framework\system\CodeIgniter.php(412): CodeIgniter\CodeIgniter->runController(Object(App\Controllers\Customer\Dashboard))
#7 C:\laragon\www\taxi-sharing-2020\vendor\codeigniter4\framework\system\CodeIgniter.php(320): CodeIgniter\CodeIgniter->handleRequest(NULL, Object(Config\Cache), false)
#8 C:\laragon\www\taxi-sharing-2020\public\index.php(38): CodeIgniter\CodeIgniter->run()
#9 C:\laragon\www\taxi-sharing-2020\vendor\codeigniter4\framework\system\Commands\Server\rewrite.php(43): require_once('C:\\laragon\\www\\...')
#10 {main}
CRITICAL - 2022-03-06 00:57:59 --> A non well formed numeric value encountered
#0 C:\laragon\www\taxi-sharing-2020\app\Views\customer\dashboard\views.php(478): CodeIgniter\Debug\Exceptions->errorHandler(8, 'A non well form...', 'C:\\laragon\\www\\...', 478, Array)
#1 C:\laragon\www\taxi-sharing-2020\vendor\codeigniter4\framework\system\View\View.php(210): include('C:\\laragon\\www\\...')
#2 C:\laragon\www\taxi-sharing-2020\vendor\codeigniter4\framework\system\View\View.php(213): CodeIgniter\View\View->CodeIgniter\View\{closure}()
#3 C:\laragon\www\taxi-sharing-2020\vendor\codeigniter4\framework\system\Common.php(1089): CodeIgniter\View\View->render('customer/dashbo...', Array, true)
#4 C:\laragon\www\taxi-sharing-2020\app\Controllers\Customer\Dashboard.php(123): view('customer/dashbo...', Array)
#5 C:\laragon\www\taxi-sharing-2020\vendor\codeigniter4\framework\system\CodeIgniter.php(825): App\Controllers\Customer\Dashboard->index()
#6 C:\laragon\www\taxi-sharing-2020\vendor\codeigniter4\framework\system\CodeIgniter.php(412): CodeIgniter\CodeIgniter->runController(Object(App\Controllers\Customer\Dashboard))
#7 C:\laragon\www\taxi-sharing-2020\vendor\codeigniter4\framework\system\CodeIgniter.php(320): CodeIgniter\CodeIgniter->handleRequest(NULL, Object(Config\Cache), false)
#8 C:\laragon\www\taxi-sharing-2020\public\index.php(38): CodeIgniter\CodeIgniter->run()
#9 C:\laragon\www\taxi-sharing-2020\vendor\codeigniter4\framework\system\Commands\Server\rewrite.php(43): require_once('C:\\laragon\\www\\...')
#10 {main}
CRITICAL - 2022-03-06 00:58:01 --> A non well formed numeric value encountered
#0 C:\laragon\www\taxi-sharing-2020\app\Views\customer\dashboard\views.php(478): CodeIgniter\Debug\Exceptions->errorHandler(8, 'A non well form...', 'C:\\laragon\\www\\...', 478, Array)
#1 C:\laragon\www\taxi-sharing-2020\vendor\codeigniter4\framework\system\View\View.php(210): include('C:\\laragon\\www\\...')
#2 C:\laragon\www\taxi-sharing-2020\vendor\codeigniter4\framework\system\View\View.php(213): CodeIgniter\View\View->CodeIgniter\View\{closure}()
#3 C:\laragon\www\taxi-sharing-2020\vendor\codeigniter4\framework\system\Common.php(1089): CodeIgniter\View\View->render('customer/dashbo...', Array, true)
#4 C:\laragon\www\taxi-sharing-2020\app\Controllers\Customer\Dashboard.php(123): view('customer/dashbo...', Array)
#5 C:\laragon\www\taxi-sharing-2020\vendor\codeigniter4\framework\system\CodeIgniter.php(825): App\Controllers\Customer\Dashboard->index()
#6 C:\laragon\www\taxi-sharing-2020\vendor\codeigniter4\framework\system\CodeIgniter.php(412): CodeIgniter\CodeIgniter->runController(Object(App\Controllers\Customer\Dashboard))
#7 C:\laragon\www\taxi-sharing-2020\vendor\codeigniter4\framework\system\CodeIgniter.php(320): CodeIgniter\CodeIgniter->handleRequest(NULL, Object(Config\Cache), false)
#8 C:\laragon\www\taxi-sharing-2020\public\index.php(38): CodeIgniter\CodeIgniter->run()
#9 C:\laragon\www\taxi-sharing-2020\vendor\codeigniter4\framework\system\Commands\Server\rewrite.php(43): require_once('C:\\laragon\\www\\...')
#10 {main}
CRITICAL - 2022-03-06 00:58:01 --> A non well formed numeric value encountered
#0 C:\laragon\www\taxi-sharing-2020\app\Views\customer\dashboard\views.php(478): CodeIgniter\Debug\Exceptions->errorHandler(8, 'A non well form...', 'C:\\laragon\\www\\...', 478, Array)
#1 C:\laragon\www\taxi-sharing-2020\vendor\codeigniter4\framework\system\View\View.php(210): include('C:\\laragon\\www\\...')
#2 C:\laragon\www\taxi-sharing-2020\vendor\codeigniter4\framework\system\View\View.php(213): CodeIgniter\View\View->CodeIgniter\View\{closure}()
#3 C:\laragon\www\taxi-sharing-2020\vendor\codeigniter4\framework\system\Common.php(1089): CodeIgniter\View\View->render('customer/dashbo...', Array, true)
#4 C:\laragon\www\taxi-sharing-2020\app\Controllers\Customer\Dashboard.php(123): view('customer/dashbo...', Array)
#5 C:\laragon\www\taxi-sharing-2020\vendor\codeigniter4\framework\system\CodeIgniter.php(825): App\Controllers\Customer\Dashboard->index()
#6 C:\laragon\www\taxi-sharing-2020\vendor\codeigniter4\framework\system\CodeIgniter.php(412): CodeIgniter\CodeIgniter->runController(Object(App\Controllers\Customer\Dashboard))
#7 C:\laragon\www\taxi-sharing-2020\vendor\codeigniter4\framework\system\CodeIgniter.php(320): CodeIgniter\CodeIgniter->handleRequest(NULL, Object(Config\Cache), false)
#8 C:\laragon\www\taxi-sharing-2020\public\index.php(38): CodeIgniter\CodeIgniter->run()
#9 C:\laragon\www\taxi-sharing-2020\vendor\codeigniter4\framework\system\Commands\Server\rewrite.php(43): require_once('C:\\laragon\\www\\...')
#10 {main}
CRITICAL - 2022-03-06 00:58:05 --> A non well formed numeric value encountered
#0 C:\laragon\www\taxi-sharing-2020\app\Views\customer\dashboard\views.php(478): CodeIgniter\Debug\Exceptions->errorHandler(8, 'A non well form...', 'C:\\laragon\\www\\...', 478, Array)
#1 C:\laragon\www\taxi-sharing-2020\vendor\codeigniter4\framework\system\View\View.php(210): include('C:\\laragon\\www\\...')
#2 C:\laragon\www\taxi-sharing-2020\vendor\codeigniter4\framework\system\View\View.php(213): CodeIgniter\View\View->CodeIgniter\View\{closure}()
#3 C:\laragon\www\taxi-sharing-2020\vendor\codeigniter4\framework\system\Common.php(1089): CodeIgniter\View\View->render('customer/dashbo...', Array, true)
#4 C:\laragon\www\taxi-sharing-2020\app\Controllers\Customer\Dashboard.php(123): view('customer/dashbo...', Array)
#5 C:\laragon\www\taxi-sharing-2020\vendor\codeigniter4\framework\system\CodeIgniter.php(825): App\Controllers\Customer\Dashboard->index()
#6 C:\laragon\www\taxi-sharing-2020\vendor\codeigniter4\framework\system\CodeIgniter.php(412): CodeIgniter\CodeIgniter->runController(Object(App\Controllers\Customer\Dashboard))
#7 C:\laragon\www\taxi-sharing-2020\vendor\codeigniter4\framework\system\CodeIgniter.php(320): CodeIgniter\CodeIgniter->handleRequest(NULL, Object(Config\Cache), false)
#8 C:\laragon\www\taxi-sharing-2020\public\index.php(38): CodeIgniter\CodeIgniter->run()
#9 C:\laragon\www\taxi-sharing-2020\vendor\codeigniter4\framework\system\Commands\Server\rewrite.php(43): require_once('C:\\laragon\\www\\...')
#10 {main}
CRITICAL - 2022-03-06 00:58:07 --> A non well formed numeric value encountered
#0 C:\laragon\www\taxi-sharing-2020\app\Views\customer\dashboard\views.php(478): CodeIgniter\Debug\Exceptions->errorHandler(8, 'A non well form...', 'C:\\laragon\\www\\...', 478, Array)
#1 C:\laragon\www\taxi-sharing-2020\vendor\codeigniter4\framework\system\View\View.php(210): include('C:\\laragon\\www\\...')
#2 C:\laragon\www\taxi-sharing-2020\vendor\codeigniter4\framework\system\View\View.php(213): CodeIgniter\View\View->CodeIgniter\View\{closure}()
#3 C:\laragon\www\taxi-sharing-2020\vendor\codeigniter4\framework\system\Common.php(1089): CodeIgniter\View\View->render('customer/dashbo...', Array, true)
#4 C:\laragon\www\taxi-sharing-2020\app\Controllers\Customer\Dashboard.php(123): view('customer/dashbo...', Array)
#5 C:\laragon\www\taxi-sharing-2020\vendor\codeigniter4\framework\system\CodeIgniter.php(825): App\Controllers\Customer\Dashboard->index()
#6 C:\laragon\www\taxi-sharing-2020\vendor\codeigniter4\framework\system\CodeIgniter.php(412): CodeIgniter\CodeIgniter->runController(Object(App\Controllers\Customer\Dashboard))
#7 C:\laragon\www\taxi-sharing-2020\vendor\codeigniter4\framework\system\CodeIgniter.php(320): CodeIgniter\CodeIgniter->handleRequest(NULL, Object(Config\Cache), false)
#8 C:\laragon\www\taxi-sharing-2020\public\index.php(38): CodeIgniter\CodeIgniter->run()
#9 C:\laragon\www\taxi-sharing-2020\vendor\codeigniter4\framework\system\Commands\Server\rewrite.php(43): require_once('C:\\laragon\\www\\...')
#10 {main}
CRITICAL - 2022-03-06 00:59:34 --> A non well formed numeric value encountered
#0 C:\laragon\www\taxi-sharing-2020\app\Views\customer\dashboard\views.php(478): CodeIgniter\Debug\Exceptions->errorHandler(8, 'A non well form...', 'C:\\laragon\\www\\...', 478, Array)
#1 C:\laragon\www\taxi-sharing-2020\vendor\codeigniter4\framework\system\View\View.php(210): include('C:\\laragon\\www\\...')
#2 C:\laragon\www\taxi-sharing-2020\vendor\codeigniter4\framework\system\View\View.php(213): CodeIgniter\View\View->CodeIgniter\View\{closure}()
#3 C:\laragon\www\taxi-sharing-2020\vendor\codeigniter4\framework\system\Common.php(1089): CodeIgniter\View\View->render('customer/dashbo...', Array, true)
#4 C:\laragon\www\taxi-sharing-2020\app\Controllers\Customer\Dashboard.php(123): view('customer/dashbo...', Array)
#5 C:\laragon\www\taxi-sharing-2020\vendor\codeigniter4\framework\system\CodeIgniter.php(825): App\Controllers\Customer\Dashboard->index()
#6 C:\laragon\www\taxi-sharing-2020\vendor\codeigniter4\framework\system\CodeIgniter.php(412): CodeIgniter\CodeIgniter->runController(Object(App\Controllers\Customer\Dashboard))
#7 C:\laragon\www\taxi-sharing-2020\vendor\codeigniter4\framework\system\CodeIgniter.php(320): CodeIgniter\CodeIgniter->handleRequest(NULL, Object(Config\Cache), false)
#8 C:\laragon\www\taxi-sharing-2020\public\index.php(38): CodeIgniter\CodeIgniter->run()
#9 C:\laragon\www\taxi-sharing-2020\vendor\codeigniter4\framework\system\Commands\Server\rewrite.php(43): require_once('C:\\laragon\\www\\...')
#10 {main}
CRITICAL - 2022-03-06 00:59:57 --> A non well formed numeric value encountered
#0 C:\laragon\www\taxi-sharing-2020\app\Views\customer\dashboard\views.php(478): CodeIgniter\Debug\Exceptions->errorHandler(8, 'A non well form...', 'C:\\laragon\\www\\...', 478, Array)
#1 C:\laragon\www\taxi-sharing-2020\vendor\codeigniter4\framework\system\View\View.php(210): include('C:\\laragon\\www\\...')
#2 C:\laragon\www\taxi-sharing-2020\vendor\codeigniter4\framework\system\View\View.php(213): CodeIgniter\View\View->CodeIgniter\View\{closure}()
#3 C:\laragon\www\taxi-sharing-2020\vendor\codeigniter4\framework\system\Common.php(1089): CodeIgniter\View\View->render('customer/dashbo...', Array, true)
#4 C:\laragon\www\taxi-sharing-2020\app\Controllers\Customer\Dashboard.php(123): view('customer/dashbo...', Array)
#5 C:\laragon\www\taxi-sharing-2020\vendor\codeigniter4\framework\system\CodeIgniter.php(825): App\Controllers\Customer\Dashboard->index()
#6 C:\laragon\www\taxi-sharing-2020\vendor\codeigniter4\framework\system\CodeIgniter.php(412): CodeIgniter\CodeIgniter->runController(Object(App\Controllers\Customer\Dashboard))
#7 C:\laragon\www\taxi-sharing-2020\vendor\codeigniter4\framework\system\CodeIgniter.php(320): CodeIgniter\CodeIgniter->handleRequest(NULL, Object(Config\Cache), false)
#8 C:\laragon\www\taxi-sharing-2020\public\index.php(38): CodeIgniter\CodeIgniter->run()
#9 C:\laragon\www\taxi-sharing-2020\vendor\codeigniter4\framework\system\Commands\Server\rewrite.php(43): require_once('C:\\laragon\\www\\...')
#10 {main}
CRITICAL - 2022-03-06 00:59:59 --> A non well formed numeric value encountered
#0 C:\laragon\www\taxi-sharing-2020\app\Views\customer\dashboard\views.php(478): CodeIgniter\Debug\Exceptions->errorHandler(8, 'A non well form...', 'C:\\laragon\\www\\...', 478, Array)
#1 C:\laragon\www\taxi-sharing-2020\vendor\codeigniter4\framework\system\View\View.php(210): include('C:\\laragon\\www\\...')
#2 C:\laragon\www\taxi-sharing-2020\vendor\codeigniter4\framework\system\View\View.php(213): CodeIgniter\View\View->CodeIgniter\View\{closure}()
#3 C:\laragon\www\taxi-sharing-2020\vendor\codeigniter4\framework\system\Common.php(1089): CodeIgniter\View\View->render('customer/dashbo...', Array, true)
#4 C:\laragon\www\taxi-sharing-2020\app\Controllers\Customer\Dashboard.php(123): view('customer/dashbo...', Array)
#5 C:\laragon\www\taxi-sharing-2020\vendor\codeigniter4\framework\system\CodeIgniter.php(825): App\Controllers\Customer\Dashboard->index()
#6 C:\laragon\www\taxi-sharing-2020\vendor\codeigniter4\framework\system\CodeIgniter.php(412): CodeIgniter\CodeIgniter->runController(Object(App\Controllers\Customer\Dashboard))
#7 C:\laragon\www\taxi-sharing-2020\vendor\codeigniter4\framework\system\CodeIgniter.php(320): CodeIgniter\CodeIgniter->handleRequest(NULL, Object(Config\Cache), false)
#8 C:\laragon\www\taxi-sharing-2020\public\index.php(38): CodeIgniter\CodeIgniter->run()
#9 C:\laragon\www\taxi-sharing-2020\vendor\codeigniter4\framework\system\Commands\Server\rewrite.php(43): require_once('C:\\laragon\\www\\...')
#10 {main}
CRITICAL - 2022-03-06 01:01:26 --> A non well formed numeric value encountered
#0 C:\laragon\www\taxi-sharing-2020\app\Views\customer\dashboard\views.php(478): CodeIgniter\Debug\Exceptions->errorHandler(8, 'A non well form...', 'C:\\laragon\\www\\...', 478, Array)
#1 C:\laragon\www\taxi-sharing-2020\vendor\codeigniter4\framework\system\View\View.php(210): include('C:\\laragon\\www\\...')
#2 C:\laragon\www\taxi-sharing-2020\vendor\codeigniter4\framework\system\View\View.php(213): CodeIgniter\View\View->CodeIgniter\View\{closure}()
#3 C:\laragon\www\taxi-sharing-2020\vendor\codeigniter4\framework\system\Common.php(1089): CodeIgniter\View\View->render('customer/dashbo...', Array, true)
#4 C:\laragon\www\taxi-sharing-2020\app\Controllers\Customer\Dashboard.php(123): view('customer/dashbo...', Array)
#5 C:\laragon\www\taxi-sharing-2020\vendor\codeigniter4\framework\system\CodeIgniter.php(825): App\Controllers\Customer\Dashboard->index()
#6 C:\laragon\www\taxi-sharing-2020\vendor\codeigniter4\framework\system\CodeIgniter.php(412): CodeIgniter\CodeIgniter->runController(Object(App\Controllers\Customer\Dashboard))
#7 C:\laragon\www\taxi-sharing-2020\vendor\codeigniter4\framework\system\CodeIgniter.php(320): CodeIgniter\CodeIgniter->handleRequest(NULL, Object(Config\Cache), false)
#8 C:\laragon\www\taxi-sharing-2020\public\index.php(38): CodeIgniter\CodeIgniter->run()
#9 C:\laragon\www\taxi-sharing-2020\vendor\codeigniter4\framework\system\Commands\Server\rewrite.php(43): require_once('C:\\laragon\\www\\...')
#10 {main}
