CRITICAL - 2022-01-30 05:39:59 --> Too few arguments to function App\Controllers\Customer\Order::submit_order(), 0 passed in C:\laragon\www\taxi-sharing-2020\vendor\codeigniter4\framework\system\CodeIgniter.php on line 802 and exactly 1 expected
#0 C:\laragon\www\taxi-sharing-2020\vendor\codeigniter4\framework\system\CodeIgniter.php(802): App\Controllers\Customer\Order->submit_order()
#1 C:\laragon\www\taxi-sharing-2020\vendor\codeigniter4\framework\system\CodeIgniter.php(399): CodeIgniter\CodeIgniter->runController(Object(App\Controllers\Customer\Order))
#2 C:\laragon\www\taxi-sharing-2020\vendor\codeigniter4\framework\system\CodeIgniter.php(317): CodeIgniter\CodeIgniter->handleRequest(NULL, Object(Config\Cache), false)
#3 C:\laragon\www\taxi-sharing-2020\public\index.php(37): CodeIgniter\CodeIgniter->run()
#4 C:\laragon\www\taxi-sharing-2020\vendor\codeigniter4\framework\system\Commands\Server\rewrite.php(43): require_once('C:\\laragon\\www\\...')
#5 {main}
CRITICAL - 2022-01-30 05:46:11 --> Too few arguments to function App\Controllers\Customer\Order::submit_order(), 0 passed in C:\laragon\www\taxi-sharing-2020\vendor\codeigniter4\framework\system\CodeIgniter.php on line 802 and exactly 1 expected
#0 C:\laragon\www\taxi-sharing-2020\vendor\codeigniter4\framework\system\CodeIgniter.php(802): App\Controllers\Customer\Order->submit_order()
#1 C:\laragon\www\taxi-sharing-2020\vendor\codeigniter4\framework\system\CodeIgniter.php(399): CodeIgniter\CodeIgniter->runController(Object(App\Controllers\Customer\Order))
#2 C:\laragon\www\taxi-sharing-2020\vendor\codeigniter4\framework\system\CodeIgniter.php(317): CodeIgniter\CodeIgniter->handleRequest(NULL, Object(Config\Cache), false)
#3 C:\laragon\www\taxi-sharing-2020\public\index.php(37): CodeIgniter\CodeIgniter->run()
#4 C:\laragon\www\taxi-sharing-2020\vendor\codeigniter4\framework\system\Commands\Server\rewrite.php(43): require_once('C:\\laragon\\www\\...')
#5 {main}
CRITICAL - 2022-01-30 06:23:08 --> Undefined variable: user_to_bandara_jarak
#0 C:\laragon\www\taxi-sharing-2020\app\Views\customer\dashboard\views.php(478): CodeIgniter\Debug\Exceptions->errorHandler(8, 'Undefined varia...', 'C:\\laragon\\www\\...', 478, Array)
#1 C:\laragon\www\taxi-sharing-2020\vendor\codeigniter4\framework\system\View\View.php(214): include('C:\\laragon\\www\\...')
#2 C:\laragon\www\taxi-sharing-2020\vendor\codeigniter4\framework\system\View\View.php(217): CodeIgniter\View\View->CodeIgniter\View\{closure}()
#3 C:\laragon\www\taxi-sharing-2020\vendor\codeigniter4\framework\system\Common.php(1092): CodeIgniter\View\View->render('customer/dashbo...', Array, true)
#4 C:\laragon\www\taxi-sharing-2020\app\Controllers\Customer\Dashboard.php(94): view('customer/dashbo...', Array)
#5 C:\laragon\www\taxi-sharing-2020\vendor\codeigniter4\framework\system\CodeIgniter.php(802): App\Controllers\Customer\Dashboard->index()
#6 C:\laragon\www\taxi-sharing-2020\vendor\codeigniter4\framework\system\CodeIgniter.php(399): CodeIgniter\CodeIgniter->runController(Object(App\Controllers\Customer\Dashboard))
#7 C:\laragon\www\taxi-sharing-2020\vendor\codeigniter4\framework\system\CodeIgniter.php(317): CodeIgniter\CodeIgniter->handleRequest(NULL, Object(Config\Cache), false)
#8 C:\laragon\www\taxi-sharing-2020\public\index.php(37): CodeIgniter\CodeIgniter->run()
#9 C:\laragon\www\taxi-sharing-2020\vendor\codeigniter4\framework\system\Commands\Server\rewrite.php(43): require_once('C:\\laragon\\www\\...')
#10 {main}
CRITICAL - 2022-01-30 06:30:22 --> Trying to get property 'id_pengantaran' of non-object
#0 C:\laragon\www\taxi-sharing-2020\app\Views\customer\order\views.php(20): CodeIgniter\Debug\Exceptions->errorHandler(8, 'Trying to get p...', 'C:\\laragon\\www\\...', 20, Array)
#1 C:\laragon\www\taxi-sharing-2020\vendor\codeigniter4\framework\system\View\View.php(214): include('C:\\laragon\\www\\...')
#2 C:\laragon\www\taxi-sharing-2020\vendor\codeigniter4\framework\system\View\View.php(217): CodeIgniter\View\View->CodeIgniter\View\{closure}()
#3 C:\laragon\www\taxi-sharing-2020\vendor\codeigniter4\framework\system\Common.php(1092): CodeIgniter\View\View->render('customer/order/...', Array, true)
#4 C:\laragon\www\taxi-sharing-2020\app\Controllers\Customer\Order.php(67): view('customer/order/...', Array)
#5 C:\laragon\www\taxi-sharing-2020\vendor\codeigniter4\framework\system\CodeIgniter.php(802): App\Controllers\Customer\Order->index()
#6 C:\laragon\www\taxi-sharing-2020\vendor\codeigniter4\framework\system\CodeIgniter.php(399): CodeIgniter\CodeIgniter->runController(Object(App\Controllers\Customer\Order))
#7 C:\laragon\www\taxi-sharing-2020\vendor\codeigniter4\framework\system\CodeIgniter.php(317): CodeIgniter\CodeIgniter->handleRequest(NULL, Object(Config\Cache), false)
#8 C:\laragon\www\taxi-sharing-2020\public\index.php(37): CodeIgniter\CodeIgniter->run()
#9 C:\laragon\www\taxi-sharing-2020\vendor\codeigniter4\framework\system\Commands\Server\rewrite.php(43): require_once('C:\\laragon\\www\\...')
#10 {main}
CRITICAL - 2022-01-30 06:31:40 --> file_get_contents(https://maps.googleapis.com/maps/api/distancematrix/json?departure_time=now&amp;destinations=-0.06210019999999999%2C109.3531341&amp;origins=-0.0263303%2C109.3425039&amp;key=AIzaSyBJkHXEVXBSLY7ExRcxoDxXzRYLJHg7qfI): failed to open stream: A connection attempt failed because the connected party did not properly respond after a period of time, or established connection failed because connected host has failed to respond.

#0 [internal function]: CodeIgniter\Debug\Exceptions->errorHandler(2, 'file_get_conten...', 'C:\\laragon\\www\\...', 65, Array)
#1 C:\laragon\www\taxi-sharing-2020\app\Controllers\Driver\Dashboard.php(65): file_get_contents('https://maps.go...')
#2 C:\laragon\www\taxi-sharing-2020\app\Views\customer\order\views.php(101): App\Controllers\Driver\Dashboard->distance_matrix_google('-0.0263303', '109.3425039', '-0.062100199999...', '109.3531341')
#3 C:\laragon\www\taxi-sharing-2020\vendor\codeigniter4\framework\system\View\View.php(214): include('C:\\laragon\\www\\...')
#4 C:\laragon\www\taxi-sharing-2020\vendor\codeigniter4\framework\system\View\View.php(217): CodeIgniter\View\View->CodeIgniter\View\{closure}()
#5 C:\laragon\www\taxi-sharing-2020\vendor\codeigniter4\framework\system\Common.php(1092): CodeIgniter\View\View->render('customer/order/...', Array, true)
#6 C:\laragon\www\taxi-sharing-2020\app\Controllers\Customer\Order.php(67): view('customer/order/...', Array)
#7 C:\laragon\www\taxi-sharing-2020\vendor\codeigniter4\framework\system\CodeIgniter.php(802): App\Controllers\Customer\Order->index()
#8 C:\laragon\www\taxi-sharing-2020\vendor\codeigniter4\framework\system\CodeIgniter.php(399): CodeIgniter\CodeIgniter->runController(Object(App\Controllers\Customer\Order))
#9 C:\laragon\www\taxi-sharing-2020\vendor\codeigniter4\framework\system\CodeIgniter.php(317): CodeIgniter\CodeIgniter->handleRequest(NULL, Object(Config\Cache), false)
#10 C:\laragon\www\taxi-sharing-2020\public\index.php(37): CodeIgniter\CodeIgniter->run()
#11 C:\laragon\www\taxi-sharing-2020\vendor\codeigniter4\framework\system\Commands\Server\rewrite.php(43): require_once('C:\\laragon\\www\\...')
#12 {main}
CRITICAL - 2022-01-30 06:51:51 --> Undefined property: stdClass::$jarak_customer_to_bandara
#0 C:\laragon\www\taxi-sharing-2020\app\Views\customer\order\views.php(68): CodeIgniter\Debug\Exceptions->errorHandler(8, 'Undefined prope...', 'C:\\laragon\\www\\...', 68, Array)
#1 C:\laragon\www\taxi-sharing-2020\vendor\codeigniter4\framework\system\View\View.php(214): include('C:\\laragon\\www\\...')
#2 C:\laragon\www\taxi-sharing-2020\vendor\codeigniter4\framework\system\View\View.php(217): CodeIgniter\View\View->CodeIgniter\View\{closure}()
#3 C:\laragon\www\taxi-sharing-2020\vendor\codeigniter4\framework\system\Common.php(1092): CodeIgniter\View\View->render('customer/order/...', Array, true)
#4 C:\laragon\www\taxi-sharing-2020\app\Controllers\Customer\Order.php(67): view('customer/order/...', Array)
#5 C:\laragon\www\taxi-sharing-2020\vendor\codeigniter4\framework\system\CodeIgniter.php(802): App\Controllers\Customer\Order->index()
#6 C:\laragon\www\taxi-sharing-2020\vendor\codeigniter4\framework\system\CodeIgniter.php(399): CodeIgniter\CodeIgniter->runController(Object(App\Controllers\Customer\Order))
#7 C:\laragon\www\taxi-sharing-2020\vendor\codeigniter4\framework\system\CodeIgniter.php(317): CodeIgniter\CodeIgniter->handleRequest(NULL, Object(Config\Cache), false)
#8 C:\laragon\www\taxi-sharing-2020\public\index.php(37): CodeIgniter\CodeIgniter->run()
#9 C:\laragon\www\taxi-sharing-2020\vendor\codeigniter4\framework\system\Commands\Server\rewrite.php(43): require_once('C:\\laragon\\www\\...')
#10 {main}
CRITICAL - 2022-01-30 06:51:53 --> Undefined property: stdClass::$jarak_customer_to_bandara
#0 C:\laragon\www\taxi-sharing-2020\app\Views\customer\order\views.php(68): CodeIgniter\Debug\Exceptions->errorHandler(8, 'Undefined prope...', 'C:\\laragon\\www\\...', 68, Array)
#1 C:\laragon\www\taxi-sharing-2020\vendor\codeigniter4\framework\system\View\View.php(214): include('C:\\laragon\\www\\...')
#2 C:\laragon\www\taxi-sharing-2020\vendor\codeigniter4\framework\system\View\View.php(217): CodeIgniter\View\View->CodeIgniter\View\{closure}()
#3 C:\laragon\www\taxi-sharing-2020\vendor\codeigniter4\framework\system\Common.php(1092): CodeIgniter\View\View->render('customer/order/...', Array, true)
#4 C:\laragon\www\taxi-sharing-2020\app\Controllers\Customer\Order.php(67): view('customer/order/...', Array)
#5 C:\laragon\www\taxi-sharing-2020\vendor\codeigniter4\framework\system\CodeIgniter.php(802): App\Controllers\Customer\Order->index()
#6 C:\laragon\www\taxi-sharing-2020\vendor\codeigniter4\framework\system\CodeIgniter.php(399): CodeIgniter\CodeIgniter->runController(Object(App\Controllers\Customer\Order))
#7 C:\laragon\www\taxi-sharing-2020\vendor\codeigniter4\framework\system\CodeIgniter.php(317): CodeIgniter\CodeIgniter->handleRequest(NULL, Object(Config\Cache), false)
#8 C:\laragon\www\taxi-sharing-2020\public\index.php(37): CodeIgniter\CodeIgniter->run()
#9 C:\laragon\www\taxi-sharing-2020\vendor\codeigniter4\framework\system\Commands\Server\rewrite.php(43): require_once('C:\\laragon\\www\\...')
#10 {main}
CRITICAL - 2022-01-30 06:57:36 --> Undefined property: stdClass::$no_plat
#0 C:\laragon\www\taxi-sharing-2020\app\Views\customer\order\views.php(120): CodeIgniter\Debug\Exceptions->errorHandler(8, 'Undefined prope...', 'C:\\laragon\\www\\...', 120, Array)
#1 C:\laragon\www\taxi-sharing-2020\vendor\codeigniter4\framework\system\View\View.php(214): include('C:\\laragon\\www\\...')
#2 C:\laragon\www\taxi-sharing-2020\vendor\codeigniter4\framework\system\View\View.php(217): CodeIgniter\View\View->CodeIgniter\View\{closure}()
#3 C:\laragon\www\taxi-sharing-2020\vendor\codeigniter4\framework\system\Common.php(1092): CodeIgniter\View\View->render('customer/order/...', Array, true)
#4 C:\laragon\www\taxi-sharing-2020\app\Controllers\Customer\Order.php(67): view('customer/order/...', Array)
#5 C:\laragon\www\taxi-sharing-2020\vendor\codeigniter4\framework\system\CodeIgniter.php(802): App\Controllers\Customer\Order->index()
#6 C:\laragon\www\taxi-sharing-2020\vendor\codeigniter4\framework\system\CodeIgniter.php(399): CodeIgniter\CodeIgniter->runController(Object(App\Controllers\Customer\Order))
#7 C:\laragon\www\taxi-sharing-2020\vendor\codeigniter4\framework\system\CodeIgniter.php(317): CodeIgniter\CodeIgniter->handleRequest(NULL, Object(Config\Cache), false)
#8 C:\laragon\www\taxi-sharing-2020\public\index.php(37): CodeIgniter\CodeIgniter->run()
#9 C:\laragon\www\taxi-sharing-2020\vendor\codeigniter4\framework\system\Commands\Server\rewrite.php(43): require_once('C:\\laragon\\www\\...')
#10 {main}
CRITICAL - 2022-01-30 06:57:41 --> Undefined property: stdClass::$noplat
#0 C:\laragon\www\taxi-sharing-2020\app\Views\customer\order\views.php(120): CodeIgniter\Debug\Exceptions->errorHandler(8, 'Undefined prope...', 'C:\\laragon\\www\\...', 120, Array)
#1 C:\laragon\www\taxi-sharing-2020\vendor\codeigniter4\framework\system\View\View.php(214): include('C:\\laragon\\www\\...')
#2 C:\laragon\www\taxi-sharing-2020\vendor\codeigniter4\framework\system\View\View.php(217): CodeIgniter\View\View->CodeIgniter\View\{closure}()
#3 C:\laragon\www\taxi-sharing-2020\vendor\codeigniter4\framework\system\Common.php(1092): CodeIgniter\View\View->render('customer/order/...', Array, true)
#4 C:\laragon\www\taxi-sharing-2020\app\Controllers\Customer\Order.php(67): view('customer/order/...', Array)
#5 C:\laragon\www\taxi-sharing-2020\vendor\codeigniter4\framework\system\CodeIgniter.php(802): App\Controllers\Customer\Order->index()
#6 C:\laragon\www\taxi-sharing-2020\vendor\codeigniter4\framework\system\CodeIgniter.php(399): CodeIgniter\CodeIgniter->runController(Object(App\Controllers\Customer\Order))
#7 C:\laragon\www\taxi-sharing-2020\vendor\codeigniter4\framework\system\CodeIgniter.php(317): CodeIgniter\CodeIgniter->handleRequest(NULL, Object(Config\Cache), false)
#8 C:\laragon\www\taxi-sharing-2020\public\index.php(37): CodeIgniter\CodeIgniter->run()
#9 C:\laragon\www\taxi-sharing-2020\vendor\codeigniter4\framework\system\Commands\Server\rewrite.php(43): require_once('C:\\laragon\\www\\...')
#10 {main}
CRITICAL - 2022-01-30 06:57:45 --> Undefined property: stdClass::$nomor_plat
#0 C:\laragon\www\taxi-sharing-2020\app\Views\customer\order\views.php(120): CodeIgniter\Debug\Exceptions->errorHandler(8, 'Undefined prope...', 'C:\\laragon\\www\\...', 120, Array)
#1 C:\laragon\www\taxi-sharing-2020\vendor\codeigniter4\framework\system\View\View.php(214): include('C:\\laragon\\www\\...')
#2 C:\laragon\www\taxi-sharing-2020\vendor\codeigniter4\framework\system\View\View.php(217): CodeIgniter\View\View->CodeIgniter\View\{closure}()
#3 C:\laragon\www\taxi-sharing-2020\vendor\codeigniter4\framework\system\Common.php(1092): CodeIgniter\View\View->render('customer/order/...', Array, true)
#4 C:\laragon\www\taxi-sharing-2020\app\Controllers\Customer\Order.php(67): view('customer/order/...', Array)
#5 C:\laragon\www\taxi-sharing-2020\vendor\codeigniter4\framework\system\CodeIgniter.php(802): App\Controllers\Customer\Order->index()
#6 C:\laragon\www\taxi-sharing-2020\vendor\codeigniter4\framework\system\CodeIgniter.php(399): CodeIgniter\CodeIgniter->runController(Object(App\Controllers\Customer\Order))
#7 C:\laragon\www\taxi-sharing-2020\vendor\codeigniter4\framework\system\CodeIgniter.php(317): CodeIgniter\CodeIgniter->handleRequest(NULL, Object(Config\Cache), false)
#8 C:\laragon\www\taxi-sharing-2020\public\index.php(37): CodeIgniter\CodeIgniter->run()
#9 C:\laragon\www\taxi-sharing-2020\vendor\codeigniter4\framework\system\Commands\Server\rewrite.php(43): require_once('C:\\laragon\\www\\...')
#10 {main}
CRITICAL - 2022-01-30 07:22:39 --> Undefined variable: nama_bandara
#0 C:\laragon\www\taxi-sharing-2020\app\Views\customer\order\views.php(300): CodeIgniter\Debug\Exceptions->errorHandler(8, 'Undefined varia...', 'C:\\laragon\\www\\...', 300, Array)
#1 C:\laragon\www\taxi-sharing-2020\vendor\codeigniter4\framework\system\View\View.php(214): include('C:\\laragon\\www\\...')
#2 C:\laragon\www\taxi-sharing-2020\vendor\codeigniter4\framework\system\View\View.php(217): CodeIgniter\View\View->CodeIgniter\View\{closure}()
#3 C:\laragon\www\taxi-sharing-2020\vendor\codeigniter4\framework\system\Common.php(1092): CodeIgniter\View\View->render('customer/order/...', Array, true)
#4 C:\laragon\www\taxi-sharing-2020\app\Controllers\Customer\Order.php(67): view('customer/order/...', Array)
#5 C:\laragon\www\taxi-sharing-2020\vendor\codeigniter4\framework\system\CodeIgniter.php(802): App\Controllers\Customer\Order->index()
#6 C:\laragon\www\taxi-sharing-2020\vendor\codeigniter4\framework\system\CodeIgniter.php(399): CodeIgniter\CodeIgniter->runController(Object(App\Controllers\Customer\Order))
#7 C:\laragon\www\taxi-sharing-2020\vendor\codeigniter4\framework\system\CodeIgniter.php(317): CodeIgniter\CodeIgniter->handleRequest(NULL, Object(Config\Cache), false)
#8 C:\laragon\www\taxi-sharing-2020\public\index.php(37): CodeIgniter\CodeIgniter->run()
#9 C:\laragon\www\taxi-sharing-2020\vendor\codeigniter4\framework\system\Commands\Server\rewrite.php(43): require_once('C:\\laragon\\www\\...')
#10 {main}
CRITICAL - 2022-01-30 07:23:34 --> Undefined variable: longitude
#0 C:\laragon\www\taxi-sharing-2020\app\Views\customer\order\views.php(303): CodeIgniter\Debug\Exceptions->errorHandler(8, 'Undefined varia...', 'C:\\laragon\\www\\...', 303, Array)
#1 C:\laragon\www\taxi-sharing-2020\vendor\codeigniter4\framework\system\View\View.php(214): include('C:\\laragon\\www\\...')
#2 C:\laragon\www\taxi-sharing-2020\vendor\codeigniter4\framework\system\View\View.php(217): CodeIgniter\View\View->CodeIgniter\View\{closure}()
#3 C:\laragon\www\taxi-sharing-2020\vendor\codeigniter4\framework\system\Common.php(1092): CodeIgniter\View\View->render('customer/order/...', Array, true)
#4 C:\laragon\www\taxi-sharing-2020\app\Controllers\Customer\Order.php(67): view('customer/order/...', Array)
#5 C:\laragon\www\taxi-sharing-2020\vendor\codeigniter4\framework\system\CodeIgniter.php(802): App\Controllers\Customer\Order->index()
#6 C:\laragon\www\taxi-sharing-2020\vendor\codeigniter4\framework\system\CodeIgniter.php(399): CodeIgniter\CodeIgniter->runController(Object(App\Controllers\Customer\Order))
#7 C:\laragon\www\taxi-sharing-2020\vendor\codeigniter4\framework\system\CodeIgniter.php(317): CodeIgniter\CodeIgniter->handleRequest(NULL, Object(Config\Cache), false)
#8 C:\laragon\www\taxi-sharing-2020\public\index.php(37): CodeIgniter\CodeIgniter->run()
#9 C:\laragon\www\taxi-sharing-2020\vendor\codeigniter4\framework\system\Commands\Server\rewrite.php(43): require_once('C:\\laragon\\www\\...')
#10 {main}
CRITICAL - 2022-01-30 07:25:36 --> Undefined variable: radius_jemput
#0 C:\laragon\www\taxi-sharing-2020\app\Views\customer\order\views.php(305): CodeIgniter\Debug\Exceptions->errorHandler(8, 'Undefined varia...', 'C:\\laragon\\www\\...', 305, Array)
#1 C:\laragon\www\taxi-sharing-2020\vendor\codeigniter4\framework\system\View\View.php(214): include('C:\\laragon\\www\\...')
#2 C:\laragon\www\taxi-sharing-2020\vendor\codeigniter4\framework\system\View\View.php(217): CodeIgniter\View\View->CodeIgniter\View\{closure}()
#3 C:\laragon\www\taxi-sharing-2020\vendor\codeigniter4\framework\system\Common.php(1092): CodeIgniter\View\View->render('customer/order/...', Array, true)
#4 C:\laragon\www\taxi-sharing-2020\app\Controllers\Customer\Order.php(67): view('customer/order/...', Array)
#5 C:\laragon\www\taxi-sharing-2020\vendor\codeigniter4\framework\system\CodeIgniter.php(802): App\Controllers\Customer\Order->index()
#6 C:\laragon\www\taxi-sharing-2020\vendor\codeigniter4\framework\system\CodeIgniter.php(399): CodeIgniter\CodeIgniter->runController(Object(App\Controllers\Customer\Order))
#7 C:\laragon\www\taxi-sharing-2020\vendor\codeigniter4\framework\system\CodeIgniter.php(317): CodeIgniter\CodeIgniter->handleRequest(NULL, Object(Config\Cache), false)
#8 C:\laragon\www\taxi-sharing-2020\public\index.php(37): CodeIgniter\CodeIgniter->run()
#9 C:\laragon\www\taxi-sharing-2020\vendor\codeigniter4\framework\system\Commands\Server\rewrite.php(43): require_once('C:\\laragon\\www\\...')
#10 {main}
CRITICAL - 2022-01-30 07:25:38 --> Undefined variable: radius_jemput
#0 C:\laragon\www\taxi-sharing-2020\app\Views\customer\order\views.php(305): CodeIgniter\Debug\Exceptions->errorHandler(8, 'Undefined varia...', 'C:\\laragon\\www\\...', 305, Array)
#1 C:\laragon\www\taxi-sharing-2020\vendor\codeigniter4\framework\system\View\View.php(214): include('C:\\laragon\\www\\...')
#2 C:\laragon\www\taxi-sharing-2020\vendor\codeigniter4\framework\system\View\View.php(217): CodeIgniter\View\View->CodeIgniter\View\{closure}()
#3 C:\laragon\www\taxi-sharing-2020\vendor\codeigniter4\framework\system\Common.php(1092): CodeIgniter\View\View->render('customer/order/...', Array, true)
#4 C:\laragon\www\taxi-sharing-2020\app\Controllers\Customer\Order.php(67): view('customer/order/...', Array)
#5 C:\laragon\www\taxi-sharing-2020\vendor\codeigniter4\framework\system\CodeIgniter.php(802): App\Controllers\Customer\Order->index()
#6 C:\laragon\www\taxi-sharing-2020\vendor\codeigniter4\framework\system\CodeIgniter.php(399): CodeIgniter\CodeIgniter->runController(Object(App\Controllers\Customer\Order))
#7 C:\laragon\www\taxi-sharing-2020\vendor\codeigniter4\framework\system\CodeIgniter.php(317): CodeIgniter\CodeIgniter->handleRequest(NULL, Object(Config\Cache), false)
#8 C:\laragon\www\taxi-sharing-2020\public\index.php(37): CodeIgniter\CodeIgniter->run()
#9 C:\laragon\www\taxi-sharing-2020\vendor\codeigniter4\framework\system\Commands\Server\rewrite.php(43): require_once('C:\\laragon\\www\\...')
#10 {main}
CRITICAL - 2022-01-30 07:25:40 --> Undefined variable: radius_jemput
#0 C:\laragon\www\taxi-sharing-2020\app\Views\customer\order\views.php(305): CodeIgniter\Debug\Exceptions->errorHandler(8, 'Undefined varia...', 'C:\\laragon\\www\\...', 305, Array)
#1 C:\laragon\www\taxi-sharing-2020\vendor\codeigniter4\framework\system\View\View.php(214): include('C:\\laragon\\www\\...')
#2 C:\laragon\www\taxi-sharing-2020\vendor\codeigniter4\framework\system\View\View.php(217): CodeIgniter\View\View->CodeIgniter\View\{closure}()
#3 C:\laragon\www\taxi-sharing-2020\vendor\codeigniter4\framework\system\Common.php(1092): CodeIgniter\View\View->render('customer/order/...', Array, true)
#4 C:\laragon\www\taxi-sharing-2020\app\Controllers\Customer\Order.php(67): view('customer/order/...', Array)
#5 C:\laragon\www\taxi-sharing-2020\vendor\codeigniter4\framework\system\CodeIgniter.php(802): App\Controllers\Customer\Order->index()
#6 C:\laragon\www\taxi-sharing-2020\vendor\codeigniter4\framework\system\CodeIgniter.php(399): CodeIgniter\CodeIgniter->runController(Object(App\Controllers\Customer\Order))
#7 C:\laragon\www\taxi-sharing-2020\vendor\codeigniter4\framework\system\CodeIgniter.php(317): CodeIgniter\CodeIgniter->handleRequest(NULL, Object(Config\Cache), false)
#8 C:\laragon\www\taxi-sharing-2020\public\index.php(37): CodeIgniter\CodeIgniter->run()
#9 C:\laragon\www\taxi-sharing-2020\vendor\codeigniter4\framework\system\Commands\Server\rewrite.php(43): require_once('C:\\laragon\\www\\...')
#10 {main}
CRITICAL - 2022-01-30 07:25:41 --> Undefined variable: radius_jemput
#0 C:\laragon\www\taxi-sharing-2020\app\Views\customer\order\views.php(305): CodeIgniter\Debug\Exceptions->errorHandler(8, 'Undefined varia...', 'C:\\laragon\\www\\...', 305, Array)
#1 C:\laragon\www\taxi-sharing-2020\vendor\codeigniter4\framework\system\View\View.php(214): include('C:\\laragon\\www\\...')
#2 C:\laragon\www\taxi-sharing-2020\vendor\codeigniter4\framework\system\View\View.php(217): CodeIgniter\View\View->CodeIgniter\View\{closure}()
#3 C:\laragon\www\taxi-sharing-2020\vendor\codeigniter4\framework\system\Common.php(1092): CodeIgniter\View\View->render('customer/order/...', Array, true)
#4 C:\laragon\www\taxi-sharing-2020\app\Controllers\Customer\Order.php(67): view('customer/order/...', Array)
#5 C:\laragon\www\taxi-sharing-2020\vendor\codeigniter4\framework\system\CodeIgniter.php(802): App\Controllers\Customer\Order->index()
#6 C:\laragon\www\taxi-sharing-2020\vendor\codeigniter4\framework\system\CodeIgniter.php(399): CodeIgniter\CodeIgniter->runController(Object(App\Controllers\Customer\Order))
#7 C:\laragon\www\taxi-sharing-2020\vendor\codeigniter4\framework\system\CodeIgniter.php(317): CodeIgniter\CodeIgniter->handleRequest(NULL, Object(Config\Cache), false)
#8 C:\laragon\www\taxi-sharing-2020\public\index.php(37): CodeIgniter\CodeIgniter->run()
#9 C:\laragon\www\taxi-sharing-2020\vendor\codeigniter4\framework\system\Commands\Server\rewrite.php(43): require_once('C:\\laragon\\www\\...')
#10 {main}
CRITICAL - 2022-01-30 07:25:42 --> Undefined variable: radius_jemput
#0 C:\laragon\www\taxi-sharing-2020\app\Views\customer\order\views.php(305): CodeIgniter\Debug\Exceptions->errorHandler(8, 'Undefined varia...', 'C:\\laragon\\www\\...', 305, Array)
#1 C:\laragon\www\taxi-sharing-2020\vendor\codeigniter4\framework\system\View\View.php(214): include('C:\\laragon\\www\\...')
#2 C:\laragon\www\taxi-sharing-2020\vendor\codeigniter4\framework\system\View\View.php(217): CodeIgniter\View\View->CodeIgniter\View\{closure}()
#3 C:\laragon\www\taxi-sharing-2020\vendor\codeigniter4\framework\system\Common.php(1092): CodeIgniter\View\View->render('customer/order/...', Array, true)
#4 C:\laragon\www\taxi-sharing-2020\app\Controllers\Customer\Order.php(67): view('customer/order/...', Array)
#5 C:\laragon\www\taxi-sharing-2020\vendor\codeigniter4\framework\system\CodeIgniter.php(802): App\Controllers\Customer\Order->index()
#6 C:\laragon\www\taxi-sharing-2020\vendor\codeigniter4\framework\system\CodeIgniter.php(399): CodeIgniter\CodeIgniter->runController(Object(App\Controllers\Customer\Order))
#7 C:\laragon\www\taxi-sharing-2020\vendor\codeigniter4\framework\system\CodeIgniter.php(317): CodeIgniter\CodeIgniter->handleRequest(NULL, Object(Config\Cache), false)
#8 C:\laragon\www\taxi-sharing-2020\public\index.php(37): CodeIgniter\CodeIgniter->run()
#9 C:\laragon\www\taxi-sharing-2020\vendor\codeigniter4\framework\system\Commands\Server\rewrite.php(43): require_once('C:\\laragon\\www\\...')
#10 {main}
CRITICAL - 2022-01-30 07:25:44 --> Undefined variable: radius_jemput
#0 C:\laragon\www\taxi-sharing-2020\app\Views\customer\order\views.php(305): CodeIgniter\Debug\Exceptions->errorHandler(8, 'Undefined varia...', 'C:\\laragon\\www\\...', 305, Array)
#1 C:\laragon\www\taxi-sharing-2020\vendor\codeigniter4\framework\system\View\View.php(214): include('C:\\laragon\\www\\...')
#2 C:\laragon\www\taxi-sharing-2020\vendor\codeigniter4\framework\system\View\View.php(217): CodeIgniter\View\View->CodeIgniter\View\{closure}()
#3 C:\laragon\www\taxi-sharing-2020\vendor\codeigniter4\framework\system\Common.php(1092): CodeIgniter\View\View->render('customer/order/...', Array, true)
#4 C:\laragon\www\taxi-sharing-2020\app\Controllers\Customer\Order.php(67): view('customer/order/...', Array)
#5 C:\laragon\www\taxi-sharing-2020\vendor\codeigniter4\framework\system\CodeIgniter.php(802): App\Controllers\Customer\Order->index()
#6 C:\laragon\www\taxi-sharing-2020\vendor\codeigniter4\framework\system\CodeIgniter.php(399): CodeIgniter\CodeIgniter->runController(Object(App\Controllers\Customer\Order))
#7 C:\laragon\www\taxi-sharing-2020\vendor\codeigniter4\framework\system\CodeIgniter.php(317): CodeIgniter\CodeIgniter->handleRequest(NULL, Object(Config\Cache), false)
#8 C:\laragon\www\taxi-sharing-2020\public\index.php(37): CodeIgniter\CodeIgniter->run()
#9 C:\laragon\www\taxi-sharing-2020\vendor\codeigniter4\framework\system\Commands\Server\rewrite.php(43): require_once('C:\\laragon\\www\\...')
#10 {main}
CRITICAL - 2022-01-30 07:26:04 --> Undefined variable: radius_jemput
#0 C:\laragon\www\taxi-sharing-2020\app\Views\customer\order\views.php(305): CodeIgniter\Debug\Exceptions->errorHandler(8, 'Undefined varia...', 'C:\\laragon\\www\\...', 305, Array)
#1 C:\laragon\www\taxi-sharing-2020\vendor\codeigniter4\framework\system\View\View.php(214): include('C:\\laragon\\www\\...')
#2 C:\laragon\www\taxi-sharing-2020\vendor\codeigniter4\framework\system\View\View.php(217): CodeIgniter\View\View->CodeIgniter\View\{closure}()
#3 C:\laragon\www\taxi-sharing-2020\vendor\codeigniter4\framework\system\Common.php(1092): CodeIgniter\View\View->render('customer/order/...', Array, true)
#4 C:\laragon\www\taxi-sharing-2020\app\Controllers\Customer\Order.php(67): view('customer/order/...', Array)
#5 C:\laragon\www\taxi-sharing-2020\vendor\codeigniter4\framework\system\CodeIgniter.php(802): App\Controllers\Customer\Order->index()
#6 C:\laragon\www\taxi-sharing-2020\vendor\codeigniter4\framework\system\CodeIgniter.php(399): CodeIgniter\CodeIgniter->runController(Object(App\Controllers\Customer\Order))
#7 C:\laragon\www\taxi-sharing-2020\vendor\codeigniter4\framework\system\CodeIgniter.php(317): CodeIgniter\CodeIgniter->handleRequest(NULL, Object(Config\Cache), false)
#8 C:\laragon\www\taxi-sharing-2020\public\index.php(37): CodeIgniter\CodeIgniter->run()
#9 C:\laragon\www\taxi-sharing-2020\vendor\codeigniter4\framework\system\Commands\Server\rewrite.php(43): require_once('C:\\laragon\\www\\...')
#10 {main}
CRITICAL - 2022-01-30 07:27:33 --> Undefined variable: radius_jemput
#0 C:\laragon\www\taxi-sharing-2020\app\Views\customer\order\views.php(305): CodeIgniter\Debug\Exceptions->errorHandler(8, 'Undefined varia...', 'C:\\laragon\\www\\...', 305, Array)
#1 C:\laragon\www\taxi-sharing-2020\vendor\codeigniter4\framework\system\View\View.php(214): include('C:\\laragon\\www\\...')
#2 C:\laragon\www\taxi-sharing-2020\vendor\codeigniter4\framework\system\View\View.php(217): CodeIgniter\View\View->CodeIgniter\View\{closure}()
#3 C:\laragon\www\taxi-sharing-2020\vendor\codeigniter4\framework\system\Common.php(1092): CodeIgniter\View\View->render('customer/order/...', Array, true)
#4 C:\laragon\www\taxi-sharing-2020\app\Controllers\Customer\Order.php(67): view('customer/order/...', Array)
#5 C:\laragon\www\taxi-sharing-2020\vendor\codeigniter4\framework\system\CodeIgniter.php(802): App\Controllers\Customer\Order->index()
#6 C:\laragon\www\taxi-sharing-2020\vendor\codeigniter4\framework\system\CodeIgniter.php(399): CodeIgniter\CodeIgniter->runController(Object(App\Controllers\Customer\Order))
#7 C:\laragon\www\taxi-sharing-2020\vendor\codeigniter4\framework\system\CodeIgniter.php(317): CodeIgniter\CodeIgniter->handleRequest(NULL, Object(Config\Cache), false)
#8 C:\laragon\www\taxi-sharing-2020\public\index.php(37): CodeIgniter\CodeIgniter->run()
#9 C:\laragon\www\taxi-sharing-2020\vendor\codeigniter4\framework\system\Commands\Server\rewrite.php(43): require_once('C:\\laragon\\www\\...')
#10 {main}
CRITICAL - 2022-01-30 07:28:06 --> Undefined variable: radius_jemput
#0 C:\laragon\www\taxi-sharing-2020\app\Views\customer\order\views.php(305): CodeIgniter\Debug\Exceptions->errorHandler(8, 'Undefined varia...', 'C:\\laragon\\www\\...', 305, Array)
#1 C:\laragon\www\taxi-sharing-2020\vendor\codeigniter4\framework\system\View\View.php(214): include('C:\\laragon\\www\\...')
#2 C:\laragon\www\taxi-sharing-2020\vendor\codeigniter4\framework\system\View\View.php(217): CodeIgniter\View\View->CodeIgniter\View\{closure}()
#3 C:\laragon\www\taxi-sharing-2020\vendor\codeigniter4\framework\system\Common.php(1092): CodeIgniter\View\View->render('customer/order/...', Array, true)
#4 C:\laragon\www\taxi-sharing-2020\app\Controllers\Customer\Order.php(67): view('customer/order/...', Array)
#5 C:\laragon\www\taxi-sharing-2020\vendor\codeigniter4\framework\system\CodeIgniter.php(802): App\Controllers\Customer\Order->index()
#6 C:\laragon\www\taxi-sharing-2020\vendor\codeigniter4\framework\system\CodeIgniter.php(399): CodeIgniter\CodeIgniter->runController(Object(App\Controllers\Customer\Order))
#7 C:\laragon\www\taxi-sharing-2020\vendor\codeigniter4\framework\system\CodeIgniter.php(317): CodeIgniter\CodeIgniter->handleRequest(NULL, Object(Config\Cache), false)
#8 C:\laragon\www\taxi-sharing-2020\public\index.php(37): CodeIgniter\CodeIgniter->run()
#9 C:\laragon\www\taxi-sharing-2020\vendor\codeigniter4\framework\system\Commands\Server\rewrite.php(43): require_once('C:\\laragon\\www\\...')
#10 {main}
CRITICAL - 2022-01-30 07:28:24 --> Undefined variable: foto_profil_driver
#0 C:\laragon\www\taxi-sharing-2020\app\Views\customer\order\views.php(315): CodeIgniter\Debug\Exceptions->errorHandler(8, 'Undefined varia...', 'C:\\laragon\\www\\...', 315, Array)
#1 C:\laragon\www\taxi-sharing-2020\vendor\codeigniter4\framework\system\View\View.php(214): include('C:\\laragon\\www\\...')
#2 C:\laragon\www\taxi-sharing-2020\vendor\codeigniter4\framework\system\View\View.php(217): CodeIgniter\View\View->CodeIgniter\View\{closure}()
#3 C:\laragon\www\taxi-sharing-2020\vendor\codeigniter4\framework\system\Common.php(1092): CodeIgniter\View\View->render('customer/order/...', Array, true)
#4 C:\laragon\www\taxi-sharing-2020\app\Controllers\Customer\Order.php(67): view('customer/order/...', Array)
#5 C:\laragon\www\taxi-sharing-2020\vendor\codeigniter4\framework\system\CodeIgniter.php(802): App\Controllers\Customer\Order->index()
#6 C:\laragon\www\taxi-sharing-2020\vendor\codeigniter4\framework\system\CodeIgniter.php(399): CodeIgniter\CodeIgniter->runController(Object(App\Controllers\Customer\Order))
#7 C:\laragon\www\taxi-sharing-2020\vendor\codeigniter4\framework\system\CodeIgniter.php(317): CodeIgniter\CodeIgniter->handleRequest(NULL, Object(Config\Cache), false)
#8 C:\laragon\www\taxi-sharing-2020\public\index.php(37): CodeIgniter\CodeIgniter->run()
#9 C:\laragon\www\taxi-sharing-2020\vendor\codeigniter4\framework\system\Commands\Server\rewrite.php(43): require_once('C:\\laragon\\www\\...')
#10 {main}
CRITICAL - 2022-01-30 17:40:31 --> Trying to get property 'nama_bandara' of non-object
#0 C:\laragon\www\taxi-sharing-2020\app\Views\driver\pengantaran\views.php(70): CodeIgniter\Debug\Exceptions->errorHandler(8, 'Trying to get p...', 'C:\\laragon\\www\\...', 70, Array)
#1 C:\laragon\www\taxi-sharing-2020\vendor\codeigniter4\framework\system\View\View.php(214): include('C:\\laragon\\www\\...')
#2 C:\laragon\www\taxi-sharing-2020\vendor\codeigniter4\framework\system\View\View.php(217): CodeIgniter\View\View->CodeIgniter\View\{closure}()
#3 C:\laragon\www\taxi-sharing-2020\vendor\codeigniter4\framework\system\Common.php(1092): CodeIgniter\View\View->render('driver/penganta...', Array, true)
#4 C:\laragon\www\taxi-sharing-2020\app\Controllers\Driver\Pengantaran.php(77): view('driver/penganta...', Array)
#5 C:\laragon\www\taxi-sharing-2020\vendor\codeigniter4\framework\system\CodeIgniter.php(802): App\Controllers\Driver\Pengantaran->index()
#6 C:\laragon\www\taxi-sharing-2020\vendor\codeigniter4\framework\system\CodeIgniter.php(399): CodeIgniter\CodeIgniter->runController(Object(App\Controllers\Driver\Pengantaran))
#7 C:\laragon\www\taxi-sharing-2020\vendor\codeigniter4\framework\system\CodeIgniter.php(317): CodeIgniter\CodeIgniter->handleRequest(NULL, Object(Config\Cache), false)
#8 C:\laragon\www\taxi-sharing-2020\public\index.php(37): CodeIgniter\CodeIgniter->run()
#9 C:\laragon\www\taxi-sharing-2020\vendor\codeigniter4\framework\system\Commands\Server\rewrite.php(43): require_once('C:\\laragon\\www\\...')
#10 {main}
CRITICAL - 2022-01-30 17:40:40 --> Trying to get property 'nama_bandara' of non-object
#0 C:\laragon\www\taxi-sharing-2020\app\Views\driver\pengantaran\views.php(70): CodeIgniter\Debug\Exceptions->errorHandler(8, 'Trying to get p...', 'C:\\laragon\\www\\...', 70, Array)
#1 C:\laragon\www\taxi-sharing-2020\vendor\codeigniter4\framework\system\View\View.php(214): include('C:\\laragon\\www\\...')
#2 C:\laragon\www\taxi-sharing-2020\vendor\codeigniter4\framework\system\View\View.php(217): CodeIgniter\View\View->CodeIgniter\View\{closure}()
#3 C:\laragon\www\taxi-sharing-2020\vendor\codeigniter4\framework\system\Common.php(1092): CodeIgniter\View\View->render('driver/penganta...', Array, true)
#4 C:\laragon\www\taxi-sharing-2020\app\Controllers\Driver\Pengantaran.php(77): view('driver/penganta...', Array)
#5 C:\laragon\www\taxi-sharing-2020\vendor\codeigniter4\framework\system\CodeIgniter.php(802): App\Controllers\Driver\Pengantaran->index()
#6 C:\laragon\www\taxi-sharing-2020\vendor\codeigniter4\framework\system\CodeIgniter.php(399): CodeIgniter\CodeIgniter->runController(Object(App\Controllers\Driver\Pengantaran))
#7 C:\laragon\www\taxi-sharing-2020\vendor\codeigniter4\framework\system\CodeIgniter.php(317): CodeIgniter\CodeIgniter->handleRequest(NULL, Object(Config\Cache), false)
#8 C:\laragon\www\taxi-sharing-2020\public\index.php(37): CodeIgniter\CodeIgniter->run()
#9 C:\laragon\www\taxi-sharing-2020\vendor\codeigniter4\framework\system\Commands\Server\rewrite.php(43): require_once('C:\\laragon\\www\\...')
#10 {main}
CRITICAL - 2022-01-30 17:43:07 --> Trying to get property 'id_bandara' of non-object
#0 C:\laragon\www\taxi-sharing-2020\app\Views\customer\order\views.php(31): CodeIgniter\Debug\Exceptions->errorHandler(8, 'Trying to get p...', 'C:\\laragon\\www\\...', 31, Array)
#1 C:\laragon\www\taxi-sharing-2020\vendor\codeigniter4\framework\system\View\View.php(214): include('C:\\laragon\\www\\...')
#2 C:\laragon\www\taxi-sharing-2020\vendor\codeigniter4\framework\system\View\View.php(217): CodeIgniter\View\View->CodeIgniter\View\{closure}()
#3 C:\laragon\www\taxi-sharing-2020\vendor\codeigniter4\framework\system\Common.php(1092): CodeIgniter\View\View->render('customer/order/...', Array, true)
#4 C:\laragon\www\taxi-sharing-2020\app\Controllers\Customer\Order.php(67): view('customer/order/...', Array)
#5 C:\laragon\www\taxi-sharing-2020\vendor\codeigniter4\framework\system\CodeIgniter.php(802): App\Controllers\Customer\Order->index()
#6 C:\laragon\www\taxi-sharing-2020\vendor\codeigniter4\framework\system\CodeIgniter.php(399): CodeIgniter\CodeIgniter->runController(Object(App\Controllers\Customer\Order))
#7 C:\laragon\www\taxi-sharing-2020\vendor\codeigniter4\framework\system\CodeIgniter.php(317): CodeIgniter\CodeIgniter->handleRequest(NULL, Object(Config\Cache), false)
#8 C:\laragon\www\taxi-sharing-2020\public\index.php(37): CodeIgniter\CodeIgniter->run()
#9 C:\laragon\www\taxi-sharing-2020\vendor\codeigniter4\framework\system\Commands\Server\rewrite.php(43): require_once('C:\\laragon\\www\\...')
#10 {main}
CRITICAL - 2022-01-30 17:43:10 --> Trying to get property 'id_bandara' of non-object
#0 C:\laragon\www\taxi-sharing-2020\app\Views\customer\order\views.php(31): CodeIgniter\Debug\Exceptions->errorHandler(8, 'Trying to get p...', 'C:\\laragon\\www\\...', 31, Array)
#1 C:\laragon\www\taxi-sharing-2020\vendor\codeigniter4\framework\system\View\View.php(214): include('C:\\laragon\\www\\...')
#2 C:\laragon\www\taxi-sharing-2020\vendor\codeigniter4\framework\system\View\View.php(217): CodeIgniter\View\View->CodeIgniter\View\{closure}()
#3 C:\laragon\www\taxi-sharing-2020\vendor\codeigniter4\framework\system\Common.php(1092): CodeIgniter\View\View->render('customer/order/...', Array, true)
#4 C:\laragon\www\taxi-sharing-2020\app\Controllers\Customer\Order.php(67): view('customer/order/...', Array)
#5 C:\laragon\www\taxi-sharing-2020\vendor\codeigniter4\framework\system\CodeIgniter.php(802): App\Controllers\Customer\Order->index()
#6 C:\laragon\www\taxi-sharing-2020\vendor\codeigniter4\framework\system\CodeIgniter.php(399): CodeIgniter\CodeIgniter->runController(Object(App\Controllers\Customer\Order))
#7 C:\laragon\www\taxi-sharing-2020\vendor\codeigniter4\framework\system\CodeIgniter.php(317): CodeIgniter\CodeIgniter->handleRequest(NULL, Object(Config\Cache), false)
#8 C:\laragon\www\taxi-sharing-2020\public\index.php(37): CodeIgniter\CodeIgniter->run()
#9 C:\laragon\www\taxi-sharing-2020\vendor\codeigniter4\framework\system\Commands\Server\rewrite.php(43): require_once('C:\\laragon\\www\\...')
#10 {main}
CRITICAL - 2022-01-30 17:43:47 --> Trying to get property 'id_bandara' of non-object
#0 C:\laragon\www\taxi-sharing-2020\app\Views\customer\order\views.php(31): CodeIgniter\Debug\Exceptions->errorHandler(8, 'Trying to get p...', 'C:\\laragon\\www\\...', 31, Array)
#1 C:\laragon\www\taxi-sharing-2020\vendor\codeigniter4\framework\system\View\View.php(214): include('C:\\laragon\\www\\...')
#2 C:\laragon\www\taxi-sharing-2020\vendor\codeigniter4\framework\system\View\View.php(217): CodeIgniter\View\View->CodeIgniter\View\{closure}()
#3 C:\laragon\www\taxi-sharing-2020\vendor\codeigniter4\framework\system\Common.php(1092): CodeIgniter\View\View->render('customer/order/...', Array, true)
#4 C:\laragon\www\taxi-sharing-2020\app\Controllers\Customer\Order.php(67): view('customer/order/...', Array)
#5 C:\laragon\www\taxi-sharing-2020\vendor\codeigniter4\framework\system\CodeIgniter.php(802): App\Controllers\Customer\Order->index()
#6 C:\laragon\www\taxi-sharing-2020\vendor\codeigniter4\framework\system\CodeIgniter.php(399): CodeIgniter\CodeIgniter->runController(Object(App\Controllers\Customer\Order))
#7 C:\laragon\www\taxi-sharing-2020\vendor\codeigniter4\framework\system\CodeIgniter.php(317): CodeIgniter\CodeIgniter->handleRequest(NULL, Object(Config\Cache), false)
#8 C:\laragon\www\taxi-sharing-2020\public\index.php(37): CodeIgniter\CodeIgniter->run()
#9 C:\laragon\www\taxi-sharing-2020\vendor\codeigniter4\framework\system\Commands\Server\rewrite.php(43): require_once('C:\\laragon\\www\\...')
#10 {main}
CRITICAL - 2022-01-30 17:43:47 --> Trying to get property 'id_bandara' of non-object
#0 C:\laragon\www\taxi-sharing-2020\app\Views\customer\order\views.php(31): CodeIgniter\Debug\Exceptions->errorHandler(8, 'Trying to get p...', 'C:\\laragon\\www\\...', 31, Array)
#1 C:\laragon\www\taxi-sharing-2020\vendor\codeigniter4\framework\system\View\View.php(214): include('C:\\laragon\\www\\...')
#2 C:\laragon\www\taxi-sharing-2020\vendor\codeigniter4\framework\system\View\View.php(217): CodeIgniter\View\View->CodeIgniter\View\{closure}()
#3 C:\laragon\www\taxi-sharing-2020\vendor\codeigniter4\framework\system\Common.php(1092): CodeIgniter\View\View->render('customer/order/...', Array, true)
#4 C:\laragon\www\taxi-sharing-2020\app\Controllers\Customer\Order.php(67): view('customer/order/...', Array)
#5 C:\laragon\www\taxi-sharing-2020\vendor\codeigniter4\framework\system\CodeIgniter.php(802): App\Controllers\Customer\Order->index()
#6 C:\laragon\www\taxi-sharing-2020\vendor\codeigniter4\framework\system\CodeIgniter.php(399): CodeIgniter\CodeIgniter->runController(Object(App\Controllers\Customer\Order))
#7 C:\laragon\www\taxi-sharing-2020\vendor\codeigniter4\framework\system\CodeIgniter.php(317): CodeIgniter\CodeIgniter->handleRequest(NULL, Object(Config\Cache), false)
#8 C:\laragon\www\taxi-sharing-2020\public\index.php(37): CodeIgniter\CodeIgniter->run()
#9 C:\laragon\www\taxi-sharing-2020\vendor\codeigniter4\framework\system\Commands\Server\rewrite.php(43): require_once('C:\\laragon\\www\\...')
#10 {main}
CRITICAL - 2022-01-30 17:43:48 --> Trying to get property 'id_bandara' of non-object
#0 C:\laragon\www\taxi-sharing-2020\app\Views\customer\order\views.php(31): CodeIgniter\Debug\Exceptions->errorHandler(8, 'Trying to get p...', 'C:\\laragon\\www\\...', 31, Array)
#1 C:\laragon\www\taxi-sharing-2020\vendor\codeigniter4\framework\system\View\View.php(214): include('C:\\laragon\\www\\...')
#2 C:\laragon\www\taxi-sharing-2020\vendor\codeigniter4\framework\system\View\View.php(217): CodeIgniter\View\View->CodeIgniter\View\{closure}()
#3 C:\laragon\www\taxi-sharing-2020\vendor\codeigniter4\framework\system\Common.php(1092): CodeIgniter\View\View->render('customer/order/...', Array, true)
#4 C:\laragon\www\taxi-sharing-2020\app\Controllers\Customer\Order.php(67): view('customer/order/...', Array)
#5 C:\laragon\www\taxi-sharing-2020\vendor\codeigniter4\framework\system\CodeIgniter.php(802): App\Controllers\Customer\Order->index()
#6 C:\laragon\www\taxi-sharing-2020\vendor\codeigniter4\framework\system\CodeIgniter.php(399): CodeIgniter\CodeIgniter->runController(Object(App\Controllers\Customer\Order))
#7 C:\laragon\www\taxi-sharing-2020\vendor\codeigniter4\framework\system\CodeIgniter.php(317): CodeIgniter\CodeIgniter->handleRequest(NULL, Object(Config\Cache), false)
#8 C:\laragon\www\taxi-sharing-2020\public\index.php(37): CodeIgniter\CodeIgniter->run()
#9 C:\laragon\www\taxi-sharing-2020\vendor\codeigniter4\framework\system\Commands\Server\rewrite.php(43): require_once('C:\\laragon\\www\\...')
#10 {main}
CRITICAL - 2022-01-30 17:44:27 --> Trying to get property 'id_bandara' of non-object
#0 C:\laragon\www\taxi-sharing-2020\app\Views\customer\order\views.php(31): CodeIgniter\Debug\Exceptions->errorHandler(8, 'Trying to get p...', 'C:\\laragon\\www\\...', 31, Array)
#1 C:\laragon\www\taxi-sharing-2020\vendor\codeigniter4\framework\system\View\View.php(214): include('C:\\laragon\\www\\...')
#2 C:\laragon\www\taxi-sharing-2020\vendor\codeigniter4\framework\system\View\View.php(217): CodeIgniter\View\View->CodeIgniter\View\{closure}()
#3 C:\laragon\www\taxi-sharing-2020\vendor\codeigniter4\framework\system\Common.php(1092): CodeIgniter\View\View->render('customer/order/...', Array, true)
#4 C:\laragon\www\taxi-sharing-2020\app\Controllers\Customer\Order.php(67): view('customer/order/...', Array)
#5 C:\laragon\www\taxi-sharing-2020\vendor\codeigniter4\framework\system\CodeIgniter.php(802): App\Controllers\Customer\Order->index()
#6 C:\laragon\www\taxi-sharing-2020\vendor\codeigniter4\framework\system\CodeIgniter.php(399): CodeIgniter\CodeIgniter->runController(Object(App\Controllers\Customer\Order))
#7 C:\laragon\www\taxi-sharing-2020\vendor\codeigniter4\framework\system\CodeIgniter.php(317): CodeIgniter\CodeIgniter->handleRequest(NULL, Object(Config\Cache), false)
#8 C:\laragon\www\taxi-sharing-2020\public\index.php(37): CodeIgniter\CodeIgniter->run()
#9 C:\laragon\www\taxi-sharing-2020\vendor\codeigniter4\framework\system\Commands\Server\rewrite.php(43): require_once('C:\\laragon\\www\\...')
#10 {main}
CRITICAL - 2022-01-30 17:44:27 --> Trying to get property 'id_bandara' of non-object
#0 C:\laragon\www\taxi-sharing-2020\app\Views\customer\order\views.php(31): CodeIgniter\Debug\Exceptions->errorHandler(8, 'Trying to get p...', 'C:\\laragon\\www\\...', 31, Array)
#1 C:\laragon\www\taxi-sharing-2020\vendor\codeigniter4\framework\system\View\View.php(214): include('C:\\laragon\\www\\...')
#2 C:\laragon\www\taxi-sharing-2020\vendor\codeigniter4\framework\system\View\View.php(217): CodeIgniter\View\View->CodeIgniter\View\{closure}()
#3 C:\laragon\www\taxi-sharing-2020\vendor\codeigniter4\framework\system\Common.php(1092): CodeIgniter\View\View->render('customer/order/...', Array, true)
#4 C:\laragon\www\taxi-sharing-2020\app\Controllers\Customer\Order.php(67): view('customer/order/...', Array)
#5 C:\laragon\www\taxi-sharing-2020\vendor\codeigniter4\framework\system\CodeIgniter.php(802): App\Controllers\Customer\Order->index()
#6 C:\laragon\www\taxi-sharing-2020\vendor\codeigniter4\framework\system\CodeIgniter.php(399): CodeIgniter\CodeIgniter->runController(Object(App\Controllers\Customer\Order))
#7 C:\laragon\www\taxi-sharing-2020\vendor\codeigniter4\framework\system\CodeIgniter.php(317): CodeIgniter\CodeIgniter->handleRequest(NULL, Object(Config\Cache), false)
#8 C:\laragon\www\taxi-sharing-2020\public\index.php(37): CodeIgniter\CodeIgniter->run()
#9 C:\laragon\www\taxi-sharing-2020\vendor\codeigniter4\framework\system\Commands\Server\rewrite.php(43): require_once('C:\\laragon\\www\\...')
#10 {main}
CRITICAL - 2022-01-30 17:44:28 --> Trying to get property 'id_bandara' of non-object
#0 C:\laragon\www\taxi-sharing-2020\app\Views\customer\order\views.php(31): CodeIgniter\Debug\Exceptions->errorHandler(8, 'Trying to get p...', 'C:\\laragon\\www\\...', 31, Array)
#1 C:\laragon\www\taxi-sharing-2020\vendor\codeigniter4\framework\system\View\View.php(214): include('C:\\laragon\\www\\...')
#2 C:\laragon\www\taxi-sharing-2020\vendor\codeigniter4\framework\system\View\View.php(217): CodeIgniter\View\View->CodeIgniter\View\{closure}()
#3 C:\laragon\www\taxi-sharing-2020\vendor\codeigniter4\framework\system\Common.php(1092): CodeIgniter\View\View->render('customer/order/...', Array, true)
#4 C:\laragon\www\taxi-sharing-2020\app\Controllers\Customer\Order.php(67): view('customer/order/...', Array)
#5 C:\laragon\www\taxi-sharing-2020\vendor\codeigniter4\framework\system\CodeIgniter.php(802): App\Controllers\Customer\Order->index()
#6 C:\laragon\www\taxi-sharing-2020\vendor\codeigniter4\framework\system\CodeIgniter.php(399): CodeIgniter\CodeIgniter->runController(Object(App\Controllers\Customer\Order))
#7 C:\laragon\www\taxi-sharing-2020\vendor\codeigniter4\framework\system\CodeIgniter.php(317): CodeIgniter\CodeIgniter->handleRequest(NULL, Object(Config\Cache), false)
#8 C:\laragon\www\taxi-sharing-2020\public\index.php(37): CodeIgniter\CodeIgniter->run()
#9 C:\laragon\www\taxi-sharing-2020\vendor\codeigniter4\framework\system\Commands\Server\rewrite.php(43): require_once('C:\\laragon\\www\\...')
#10 {main}
CRITICAL - 2022-01-30 17:44:53 --> Trying to get property 'id_bandara' of non-object
#0 C:\laragon\www\taxi-sharing-2020\app\Views\customer\order\views.php(31): CodeIgniter\Debug\Exceptions->errorHandler(8, 'Trying to get p...', 'C:\\laragon\\www\\...', 31, Array)
#1 C:\laragon\www\taxi-sharing-2020\vendor\codeigniter4\framework\system\View\View.php(214): include('C:\\laragon\\www\\...')
#2 C:\laragon\www\taxi-sharing-2020\vendor\codeigniter4\framework\system\View\View.php(217): CodeIgniter\View\View->CodeIgniter\View\{closure}()
#3 C:\laragon\www\taxi-sharing-2020\vendor\codeigniter4\framework\system\Common.php(1092): CodeIgniter\View\View->render('customer/order/...', Array, true)
#4 C:\laragon\www\taxi-sharing-2020\app\Controllers\Customer\Order.php(67): view('customer/order/...', Array)
#5 C:\laragon\www\taxi-sharing-2020\vendor\codeigniter4\framework\system\CodeIgniter.php(802): App\Controllers\Customer\Order->index()
#6 C:\laragon\www\taxi-sharing-2020\vendor\codeigniter4\framework\system\CodeIgniter.php(399): CodeIgniter\CodeIgniter->runController(Object(App\Controllers\Customer\Order))
#7 C:\laragon\www\taxi-sharing-2020\vendor\codeigniter4\framework\system\CodeIgniter.php(317): CodeIgniter\CodeIgniter->handleRequest(NULL, Object(Config\Cache), false)
#8 C:\laragon\www\taxi-sharing-2020\public\index.php(37): CodeIgniter\CodeIgniter->run()
#9 C:\laragon\www\taxi-sharing-2020\vendor\codeigniter4\framework\system\Commands\Server\rewrite.php(43): require_once('C:\\laragon\\www\\...')
#10 {main}
CRITICAL - 2022-01-30 17:45:01 --> Trying to get property 'id_driver' of non-object
#0 C:\laragon\www\taxi-sharing-2020\app\Views\customer\order\views.php(34): CodeIgniter\Debug\Exceptions->errorHandler(8, 'Trying to get p...', 'C:\\laragon\\www\\...', 34, Array)
#1 C:\laragon\www\taxi-sharing-2020\vendor\codeigniter4\framework\system\View\View.php(214): include('C:\\laragon\\www\\...')
#2 C:\laragon\www\taxi-sharing-2020\vendor\codeigniter4\framework\system\View\View.php(217): CodeIgniter\View\View->CodeIgniter\View\{closure}()
#3 C:\laragon\www\taxi-sharing-2020\vendor\codeigniter4\framework\system\Common.php(1092): CodeIgniter\View\View->render('customer/order/...', Array, true)
#4 C:\laragon\www\taxi-sharing-2020\app\Controllers\Customer\Order.php(67): view('customer/order/...', Array)
#5 C:\laragon\www\taxi-sharing-2020\vendor\codeigniter4\framework\system\CodeIgniter.php(802): App\Controllers\Customer\Order->index()
#6 C:\laragon\www\taxi-sharing-2020\vendor\codeigniter4\framework\system\CodeIgniter.php(399): CodeIgniter\CodeIgniter->runController(Object(App\Controllers\Customer\Order))
#7 C:\laragon\www\taxi-sharing-2020\vendor\codeigniter4\framework\system\CodeIgniter.php(317): CodeIgniter\CodeIgniter->handleRequest(NULL, Object(Config\Cache), false)
#8 C:\laragon\www\taxi-sharing-2020\public\index.php(37): CodeIgniter\CodeIgniter->run()
#9 C:\laragon\www\taxi-sharing-2020\vendor\codeigniter4\framework\system\Commands\Server\rewrite.php(43): require_once('C:\\laragon\\www\\...')
#10 {main}
CRITICAL - 2022-01-30 17:45:02 --> Trying to get property 'id_driver' of non-object
#0 C:\laragon\www\taxi-sharing-2020\app\Views\customer\order\views.php(34): CodeIgniter\Debug\Exceptions->errorHandler(8, 'Trying to get p...', 'C:\\laragon\\www\\...', 34, Array)
#1 C:\laragon\www\taxi-sharing-2020\vendor\codeigniter4\framework\system\View\View.php(214): include('C:\\laragon\\www\\...')
#2 C:\laragon\www\taxi-sharing-2020\vendor\codeigniter4\framework\system\View\View.php(217): CodeIgniter\View\View->CodeIgniter\View\{closure}()
#3 C:\laragon\www\taxi-sharing-2020\vendor\codeigniter4\framework\system\Common.php(1092): CodeIgniter\View\View->render('customer/order/...', Array, true)
#4 C:\laragon\www\taxi-sharing-2020\app\Controllers\Customer\Order.php(67): view('customer/order/...', Array)
#5 C:\laragon\www\taxi-sharing-2020\vendor\codeigniter4\framework\system\CodeIgniter.php(802): App\Controllers\Customer\Order->index()
#6 C:\laragon\www\taxi-sharing-2020\vendor\codeigniter4\framework\system\CodeIgniter.php(399): CodeIgniter\CodeIgniter->runController(Object(App\Controllers\Customer\Order))
#7 C:\laragon\www\taxi-sharing-2020\vendor\codeigniter4\framework\system\CodeIgniter.php(317): CodeIgniter\CodeIgniter->handleRequest(NULL, Object(Config\Cache), false)
#8 C:\laragon\www\taxi-sharing-2020\public\index.php(37): CodeIgniter\CodeIgniter->run()
#9 C:\laragon\www\taxi-sharing-2020\vendor\codeigniter4\framework\system\Commands\Server\rewrite.php(43): require_once('C:\\laragon\\www\\...')
#10 {main}
CRITICAL - 2022-01-30 17:45:17 --> Trying to get property 'id_bandara' of non-object
#0 C:\laragon\www\taxi-sharing-2020\app\Views\customer\order\views.php(31): CodeIgniter\Debug\Exceptions->errorHandler(8, 'Trying to get p...', 'C:\\laragon\\www\\...', 31, Array)
#1 C:\laragon\www\taxi-sharing-2020\vendor\codeigniter4\framework\system\View\View.php(214): include('C:\\laragon\\www\\...')
#2 C:\laragon\www\taxi-sharing-2020\vendor\codeigniter4\framework\system\View\View.php(217): CodeIgniter\View\View->CodeIgniter\View\{closure}()
#3 C:\laragon\www\taxi-sharing-2020\vendor\codeigniter4\framework\system\Common.php(1092): CodeIgniter\View\View->render('customer/order/...', Array, true)
#4 C:\laragon\www\taxi-sharing-2020\app\Controllers\Customer\Order.php(67): view('customer/order/...', Array)
#5 C:\laragon\www\taxi-sharing-2020\vendor\codeigniter4\framework\system\CodeIgniter.php(802): App\Controllers\Customer\Order->index()
#6 C:\laragon\www\taxi-sharing-2020\vendor\codeigniter4\framework\system\CodeIgniter.php(399): CodeIgniter\CodeIgniter->runController(Object(App\Controllers\Customer\Order))
#7 C:\laragon\www\taxi-sharing-2020\vendor\codeigniter4\framework\system\CodeIgniter.php(317): CodeIgniter\CodeIgniter->handleRequest(NULL, Object(Config\Cache), false)
#8 C:\laragon\www\taxi-sharing-2020\public\index.php(37): CodeIgniter\CodeIgniter->run()
#9 C:\laragon\www\taxi-sharing-2020\vendor\codeigniter4\framework\system\Commands\Server\rewrite.php(43): require_once('C:\\laragon\\www\\...')
#10 {main}
CRITICAL - 2022-01-30 17:45:19 --> Trying to get property 'id_bandara' of non-object
#0 C:\laragon\www\taxi-sharing-2020\app\Views\customer\order\views.php(31): CodeIgniter\Debug\Exceptions->errorHandler(8, 'Trying to get p...', 'C:\\laragon\\www\\...', 31, Array)
#1 C:\laragon\www\taxi-sharing-2020\vendor\codeigniter4\framework\system\View\View.php(214): include('C:\\laragon\\www\\...')
#2 C:\laragon\www\taxi-sharing-2020\vendor\codeigniter4\framework\system\View\View.php(217): CodeIgniter\View\View->CodeIgniter\View\{closure}()
#3 C:\laragon\www\taxi-sharing-2020\vendor\codeigniter4\framework\system\Common.php(1092): CodeIgniter\View\View->render('customer/order/...', Array, true)
#4 C:\laragon\www\taxi-sharing-2020\app\Controllers\Customer\Order.php(67): view('customer/order/...', Array)
#5 C:\laragon\www\taxi-sharing-2020\vendor\codeigniter4\framework\system\CodeIgniter.php(802): App\Controllers\Customer\Order->index()
#6 C:\laragon\www\taxi-sharing-2020\vendor\codeigniter4\framework\system\CodeIgniter.php(399): CodeIgniter\CodeIgniter->runController(Object(App\Controllers\Customer\Order))
#7 C:\laragon\www\taxi-sharing-2020\vendor\codeigniter4\framework\system\CodeIgniter.php(317): CodeIgniter\CodeIgniter->handleRequest(NULL, Object(Config\Cache), false)
#8 C:\laragon\www\taxi-sharing-2020\public\index.php(37): CodeIgniter\CodeIgniter->run()
#9 C:\laragon\www\taxi-sharing-2020\vendor\codeigniter4\framework\system\Commands\Server\rewrite.php(43): require_once('C:\\laragon\\www\\...')
#10 {main}
CRITICAL - 2022-01-30 17:45:21 --> Trying to get property 'id_driver' of non-object
#0 C:\laragon\www\taxi-sharing-2020\app\Views\customer\order\views.php(34): CodeIgniter\Debug\Exceptions->errorHandler(8, 'Trying to get p...', 'C:\\laragon\\www\\...', 34, Array)
#1 C:\laragon\www\taxi-sharing-2020\vendor\codeigniter4\framework\system\View\View.php(214): include('C:\\laragon\\www\\...')
#2 C:\laragon\www\taxi-sharing-2020\vendor\codeigniter4\framework\system\View\View.php(217): CodeIgniter\View\View->CodeIgniter\View\{closure}()
#3 C:\laragon\www\taxi-sharing-2020\vendor\codeigniter4\framework\system\Common.php(1092): CodeIgniter\View\View->render('customer/order/...', Array, true)
#4 C:\laragon\www\taxi-sharing-2020\app\Controllers\Customer\Order.php(67): view('customer/order/...', Array)
#5 C:\laragon\www\taxi-sharing-2020\vendor\codeigniter4\framework\system\CodeIgniter.php(802): App\Controllers\Customer\Order->index()
#6 C:\laragon\www\taxi-sharing-2020\vendor\codeigniter4\framework\system\CodeIgniter.php(399): CodeIgniter\CodeIgniter->runController(Object(App\Controllers\Customer\Order))
#7 C:\laragon\www\taxi-sharing-2020\vendor\codeigniter4\framework\system\CodeIgniter.php(317): CodeIgniter\CodeIgniter->handleRequest(NULL, Object(Config\Cache), false)
#8 C:\laragon\www\taxi-sharing-2020\public\index.php(37): CodeIgniter\CodeIgniter->run()
#9 C:\laragon\www\taxi-sharing-2020\vendor\codeigniter4\framework\system\Commands\Server\rewrite.php(43): require_once('C:\\laragon\\www\\...')
#10 {main}
CRITICAL - 2022-01-30 17:45:22 --> Trying to get property 'id_driver' of non-object
#0 C:\laragon\www\taxi-sharing-2020\app\Views\customer\order\views.php(34): CodeIgniter\Debug\Exceptions->errorHandler(8, 'Trying to get p...', 'C:\\laragon\\www\\...', 34, Array)
#1 C:\laragon\www\taxi-sharing-2020\vendor\codeigniter4\framework\system\View\View.php(214): include('C:\\laragon\\www\\...')
#2 C:\laragon\www\taxi-sharing-2020\vendor\codeigniter4\framework\system\View\View.php(217): CodeIgniter\View\View->CodeIgniter\View\{closure}()
#3 C:\laragon\www\taxi-sharing-2020\vendor\codeigniter4\framework\system\Common.php(1092): CodeIgniter\View\View->render('customer/order/...', Array, true)
#4 C:\laragon\www\taxi-sharing-2020\app\Controllers\Customer\Order.php(67): view('customer/order/...', Array)
#5 C:\laragon\www\taxi-sharing-2020\vendor\codeigniter4\framework\system\CodeIgniter.php(802): App\Controllers\Customer\Order->index()
#6 C:\laragon\www\taxi-sharing-2020\vendor\codeigniter4\framework\system\CodeIgniter.php(399): CodeIgniter\CodeIgniter->runController(Object(App\Controllers\Customer\Order))
#7 C:\laragon\www\taxi-sharing-2020\vendor\codeigniter4\framework\system\CodeIgniter.php(317): CodeIgniter\CodeIgniter->handleRequest(NULL, Object(Config\Cache), false)
#8 C:\laragon\www\taxi-sharing-2020\public\index.php(37): CodeIgniter\CodeIgniter->run()
#9 C:\laragon\www\taxi-sharing-2020\vendor\codeigniter4\framework\system\Commands\Server\rewrite.php(43): require_once('C:\\laragon\\www\\...')
#10 {main}
CRITICAL - 2022-01-30 17:45:23 --> Trying to get property 'id_driver' of non-object
#0 C:\laragon\www\taxi-sharing-2020\app\Views\customer\order\views.php(34): CodeIgniter\Debug\Exceptions->errorHandler(8, 'Trying to get p...', 'C:\\laragon\\www\\...', 34, Array)
#1 C:\laragon\www\taxi-sharing-2020\vendor\codeigniter4\framework\system\View\View.php(214): include('C:\\laragon\\www\\...')
#2 C:\laragon\www\taxi-sharing-2020\vendor\codeigniter4\framework\system\View\View.php(217): CodeIgniter\View\View->CodeIgniter\View\{closure}()
#3 C:\laragon\www\taxi-sharing-2020\vendor\codeigniter4\framework\system\Common.php(1092): CodeIgniter\View\View->render('customer/order/...', Array, true)
#4 C:\laragon\www\taxi-sharing-2020\app\Controllers\Customer\Order.php(67): view('customer/order/...', Array)
#5 C:\laragon\www\taxi-sharing-2020\vendor\codeigniter4\framework\system\CodeIgniter.php(802): App\Controllers\Customer\Order->index()
#6 C:\laragon\www\taxi-sharing-2020\vendor\codeigniter4\framework\system\CodeIgniter.php(399): CodeIgniter\CodeIgniter->runController(Object(App\Controllers\Customer\Order))
#7 C:\laragon\www\taxi-sharing-2020\vendor\codeigniter4\framework\system\CodeIgniter.php(317): CodeIgniter\CodeIgniter->handleRequest(NULL, Object(Config\Cache), false)
#8 C:\laragon\www\taxi-sharing-2020\public\index.php(37): CodeIgniter\CodeIgniter->run()
#9 C:\laragon\www\taxi-sharing-2020\vendor\codeigniter4\framework\system\Commands\Server\rewrite.php(43): require_once('C:\\laragon\\www\\...')
#10 {main}
