CRITICAL - 2022-02-07 02:01:39 --> Undefined index: username
#0 C:\laragon\www\taxi-sharing-2020\app\Controllers\Admin\Orderan.php(22): CodeIgniter\Debug\Exceptions->errorHandler(8, 'Undefined index...', 'C:\\laragon\\www\\...', 22, Array)
#1 C:\laragon\www\taxi-sharing-2020\vendor\codeigniter4\framework\system\CodeIgniter.php(802): App\Controllers\Admin\Orderan->__construct()
#2 C:\laragon\www\taxi-sharing-2020\vendor\codeigniter4\framework\system\CodeIgniter.php(403): CodeIgniter\CodeIgniter->createController()
#3 C:\laragon\www\taxi-sharing-2020\vendor\codeigniter4\framework\system\CodeIgniter.php(320): CodeIgniter\CodeIgniter->handleRequest(NULL, Object(Config\Cache), false)
#4 C:\laragon\www\taxi-sharing-2020\public\index.php(37): CodeIgniter\CodeIgniter->run()
#5 C:\laragon\www\taxi-sharing-2020\vendor\codeigniter4\framework\system\Commands\Server\rewrite.php(43): require_once('C:\\laragon\\www\\...')
#6 {main}
CRITICAL - 2022-02-07 02:12:52 --> Trying to get property 'id_pengantaran' of non-object
#0 C:\laragon\www\taxi-sharing-2020\app\Views\customer\history\detail.php(19): CodeIgniter\Debug\Exceptions->errorHandler(8, 'Trying to get p...', 'C:\\laragon\\www\\...', 19, Array)
#1 C:\laragon\www\taxi-sharing-2020\vendor\codeigniter4\framework\system\View\View.php(210): include('C:\\laragon\\www\\...')
#2 C:\laragon\www\taxi-sharing-2020\vendor\codeigniter4\framework\system\View\View.php(213): CodeIgniter\View\View->CodeIgniter\View\{closure}()
#3 C:\laragon\www\taxi-sharing-2020\vendor\codeigniter4\framework\system\Common.php(1089): CodeIgniter\View\View->render('customer/histor...', Array, true)
#4 C:\laragon\www\taxi-sharing-2020\app\Controllers\Customer\Order.php(144): view('customer/histor...', Array)
#5 C:\laragon\www\taxi-sharing-2020\vendor\codeigniter4\framework\system\CodeIgniter.php(825): App\Controllers\Customer\Order->detail_history('yEJDg2uCut')
#6 C:\laragon\www\taxi-sharing-2020\vendor\codeigniter4\framework\system\CodeIgniter.php(412): CodeIgniter\CodeIgniter->runController(Object(App\Controllers\Customer\Order))
#7 C:\laragon\www\taxi-sharing-2020\vendor\codeigniter4\framework\system\CodeIgniter.php(320): CodeIgniter\CodeIgniter->handleRequest(NULL, Object(Config\Cache), false)
#8 C:\laragon\www\taxi-sharing-2020\public\index.php(37): CodeIgniter\CodeIgniter->run()
#9 C:\laragon\www\taxi-sharing-2020\vendor\codeigniter4\framework\system\Commands\Server\rewrite.php(43): require_once('C:\\laragon\\www\\...')
#10 {main}
CRITICAL - 2022-02-07 02:13:05 --> Trying to get property 'id_pengantaran' of non-object
#0 C:\laragon\www\taxi-sharing-2020\app\Views\customer\history\detail.php(18): CodeIgniter\Debug\Exceptions->errorHandler(8, 'Trying to get p...', 'C:\\laragon\\www\\...', 18, Array)
#1 C:\laragon\www\taxi-sharing-2020\vendor\codeigniter4\framework\system\View\View.php(210): include('C:\\laragon\\www\\...')
#2 C:\laragon\www\taxi-sharing-2020\vendor\codeigniter4\framework\system\View\View.php(213): CodeIgniter\View\View->CodeIgniter\View\{closure}()
#3 C:\laragon\www\taxi-sharing-2020\vendor\codeigniter4\framework\system\Common.php(1089): CodeIgniter\View\View->render('customer/histor...', Array, true)
#4 C:\laragon\www\taxi-sharing-2020\app\Controllers\Customer\Order.php(144): view('customer/histor...', Array)
#5 C:\laragon\www\taxi-sharing-2020\vendor\codeigniter4\framework\system\CodeIgniter.php(825): App\Controllers\Customer\Order->detail_history('yEJDg2uCut')
#6 C:\laragon\www\taxi-sharing-2020\vendor\codeigniter4\framework\system\CodeIgniter.php(412): CodeIgniter\CodeIgniter->runController(Object(App\Controllers\Customer\Order))
#7 C:\laragon\www\taxi-sharing-2020\vendor\codeigniter4\framework\system\CodeIgniter.php(320): CodeIgniter\CodeIgniter->handleRequest(NULL, Object(Config\Cache), false)
#8 C:\laragon\www\taxi-sharing-2020\public\index.php(37): CodeIgniter\CodeIgniter->run()
#9 C:\laragon\www\taxi-sharing-2020\vendor\codeigniter4\framework\system\Commands\Server\rewrite.php(43): require_once('C:\\laragon\\www\\...')
#10 {main}
CRITICAL - 2022-02-07 02:13:42 --> file_get_contents(): php_network_getaddresses: getaddrinfo failed: No such host is known. 
#0 [internal function]: CodeIgniter\Debug\Exceptions->errorHandler(2, 'file_get_conten...', 'C:\\laragon\\www\\...', 54, Array)
#1 C:\laragon\www\taxi-sharing-2020\app\Controllers\Customer\Dashboard.php(54): file_get_contents('https://maps.go...')
#2 C:\laragon\www\taxi-sharing-2020\app\Views\customer\history\detail.php(28): App\Controllers\Customer\Dashboard->getAddress('-0.0489424', '109.3577023')
#3 C:\laragon\www\taxi-sharing-2020\vendor\codeigniter4\framework\system\View\View.php(210): include('C:\\laragon\\www\\...')
#4 C:\laragon\www\taxi-sharing-2020\vendor\codeigniter4\framework\system\View\View.php(213): CodeIgniter\View\View->CodeIgniter\View\{closure}()
#5 C:\laragon\www\taxi-sharing-2020\vendor\codeigniter4\framework\system\Common.php(1089): CodeIgniter\View\View->render('customer/histor...', Array, true)
#6 C:\laragon\www\taxi-sharing-2020\app\Controllers\Customer\Order.php(145): view('customer/histor...', Array)
#7 C:\laragon\www\taxi-sharing-2020\vendor\codeigniter4\framework\system\CodeIgniter.php(825): App\Controllers\Customer\Order->detail_history('yEJDg2uCut')
#8 C:\laragon\www\taxi-sharing-2020\vendor\codeigniter4\framework\system\CodeIgniter.php(412): CodeIgniter\CodeIgniter->runController(Object(App\Controllers\Customer\Order))
#9 C:\laragon\www\taxi-sharing-2020\vendor\codeigniter4\framework\system\CodeIgniter.php(320): CodeIgniter\CodeIgniter->handleRequest(NULL, Object(Config\Cache), false)
#10 C:\laragon\www\taxi-sharing-2020\public\index.php(37): CodeIgniter\CodeIgniter->run()
#11 C:\laragon\www\taxi-sharing-2020\vendor\codeigniter4\framework\system\Commands\Server\rewrite.php(43): require_once('C:\\laragon\\www\\...')
#12 {main}
CRITICAL - 2022-02-07 02:15:20 --> file_get_contents(https://maps.googleapis.com/maps/api/distancematrix/json?departure_time=now&amp;destinations=-0.0489424%2C109.3577023&amp;origins=-0.044031%2C109.3426422&amp;key=AIzaSyBJkHXEVXBSLY7ExRcxoDxXzRYLJHg7qfI): failed to open stream: A connection attempt failed because the connected party did not properly respond after a period of time, or established connection failed because connected host has failed to respond.

#0 [internal function]: CodeIgniter\Debug\Exceptions->errorHandler(2, 'file_get_conten...', 'C:\\laragon\\www\\...', 73, Array)
#1 C:\laragon\www\taxi-sharing-2020\app\Controllers\Customer\Dashboard.php(73): file_get_contents('https://maps.go...')
#2 C:\laragon\www\taxi-sharing-2020\app\Views\customer\history\detail.php(31): App\Controllers\Customer\Dashboard->distance_matrix_google('-0.044031', '109.3426422', '-0.0489424', '109.3577023')
#3 C:\laragon\www\taxi-sharing-2020\vendor\codeigniter4\framework\system\View\View.php(210): include('C:\\laragon\\www\\...')
#4 C:\laragon\www\taxi-sharing-2020\vendor\codeigniter4\framework\system\View\View.php(213): CodeIgniter\View\View->CodeIgniter\View\{closure}()
#5 C:\laragon\www\taxi-sharing-2020\vendor\codeigniter4\framework\system\Common.php(1089): CodeIgniter\View\View->render('customer/histor...', Array, true)
#6 C:\laragon\www\taxi-sharing-2020\app\Controllers\Customer\Order.php(145): view('customer/histor...', Array)
#7 C:\laragon\www\taxi-sharing-2020\vendor\codeigniter4\framework\system\CodeIgniter.php(825): App\Controllers\Customer\Order->detail_history('yEJDg2uCut')
#8 C:\laragon\www\taxi-sharing-2020\vendor\codeigniter4\framework\system\CodeIgniter.php(412): CodeIgniter\CodeIgniter->runController(Object(App\Controllers\Customer\Order))
#9 C:\laragon\www\taxi-sharing-2020\vendor\codeigniter4\framework\system\CodeIgniter.php(320): CodeIgniter\CodeIgniter->handleRequest(NULL, Object(Config\Cache), false)
#10 C:\laragon\www\taxi-sharing-2020\public\index.php(37): CodeIgniter\CodeIgniter->run()
#11 C:\laragon\www\taxi-sharing-2020\vendor\codeigniter4\framework\system\Commands\Server\rewrite.php(43): require_once('C:\\laragon\\www\\...')
#12 {main}
CRITICAL - 2022-02-07 02:16:35 --> file_get_contents(https://maps.googleapis.com/maps/api/distancematrix/json?departure_time=now&amp;destinations=-0.0489424%2C109.3577023&amp;origins=-0.044031%2C109.3426422&amp;key=AIzaSyBJkHXEVXBSLY7ExRcxoDxXzRYLJHg7qfI): failed to open stream: HTTP request failed!
#0 [internal function]: CodeIgniter\Debug\Exceptions->errorHandler(2, 'file_get_conten...', 'C:\\laragon\\www\\...', 73, Array)
#1 C:\laragon\www\taxi-sharing-2020\app\Controllers\Customer\Dashboard.php(73): file_get_contents('https://maps.go...')
#2 C:\laragon\www\taxi-sharing-2020\app\Views\customer\history\detail.php(31): App\Controllers\Customer\Dashboard->distance_matrix_google('-0.044031', '109.3426422', '-0.0489424', '109.3577023')
#3 C:\laragon\www\taxi-sharing-2020\vendor\codeigniter4\framework\system\View\View.php(210): include('C:\\laragon\\www\\...')
#4 C:\laragon\www\taxi-sharing-2020\vendor\codeigniter4\framework\system\View\View.php(213): CodeIgniter\View\View->CodeIgniter\View\{closure}()
#5 C:\laragon\www\taxi-sharing-2020\vendor\codeigniter4\framework\system\Common.php(1089): CodeIgniter\View\View->render('customer/histor...', Array, true)
#6 C:\laragon\www\taxi-sharing-2020\app\Controllers\Customer\Order.php(145): view('customer/histor...', Array)
#7 C:\laragon\www\taxi-sharing-2020\vendor\codeigniter4\framework\system\CodeIgniter.php(825): App\Controllers\Customer\Order->detail_history('yEJDg2uCut')
#8 C:\laragon\www\taxi-sharing-2020\vendor\codeigniter4\framework\system\CodeIgniter.php(412): CodeIgniter\CodeIgniter->runController(Object(App\Controllers\Customer\Order))
#9 C:\laragon\www\taxi-sharing-2020\vendor\codeigniter4\framework\system\CodeIgniter.php(320): CodeIgniter\CodeIgniter->handleRequest(NULL, Object(Config\Cache), false)
#10 C:\laragon\www\taxi-sharing-2020\public\index.php(37): CodeIgniter\CodeIgniter->run()
#11 C:\laragon\www\taxi-sharing-2020\vendor\codeigniter4\framework\system\Commands\Server\rewrite.php(43): require_once('C:\\laragon\\www\\...')
#12 {main}
CRITICAL - 2022-02-07 02:20:58 --> Trying to get property 'id_pengantaran' of non-object
#0 C:\laragon\www\taxi-sharing-2020\app\Views\customer\history\detail.php(19): CodeIgniter\Debug\Exceptions->errorHandler(8, 'Trying to get p...', 'C:\\laragon\\www\\...', 19, Array)
#1 C:\laragon\www\taxi-sharing-2020\vendor\codeigniter4\framework\system\View\View.php(210): include('C:\\laragon\\www\\...')
#2 C:\laragon\www\taxi-sharing-2020\vendor\codeigniter4\framework\system\View\View.php(213): CodeIgniter\View\View->CodeIgniter\View\{closure}()
#3 C:\laragon\www\taxi-sharing-2020\vendor\codeigniter4\framework\system\Common.php(1089): CodeIgniter\View\View->render('customer/histor...', Array, true)
#4 C:\laragon\www\taxi-sharing-2020\app\Controllers\Customer\Order.php(145): view('customer/histor...', Array)
#5 C:\laragon\www\taxi-sharing-2020\vendor\codeigniter4\framework\system\CodeIgniter.php(825): App\Controllers\Customer\Order->detail_history('assets', 'img', 'illustrations', 'category-bg.png')
#6 C:\laragon\www\taxi-sharing-2020\vendor\codeigniter4\framework\system\CodeIgniter.php(412): CodeIgniter\CodeIgniter->runController(Object(App\Controllers\Customer\Order))
#7 C:\laragon\www\taxi-sharing-2020\vendor\codeigniter4\framework\system\CodeIgniter.php(320): CodeIgniter\CodeIgniter->handleRequest(NULL, Object(Config\Cache), false)
#8 C:\laragon\www\taxi-sharing-2020\public\index.php(37): CodeIgniter\CodeIgniter->run()
#9 C:\laragon\www\taxi-sharing-2020\vendor\codeigniter4\framework\system\Commands\Server\rewrite.php(43): require_once('C:\\laragon\\www\\...')
#10 {main}
CRITICAL - 2022-02-07 02:22:34 --> Undefined variable: data_bandara
#0 C:\laragon\www\taxi-sharing-2020\app\Views\customer\history\detail.php(305): CodeIgniter\Debug\Exceptions->errorHandler(8, 'Undefined varia...', 'C:\\laragon\\www\\...', 305, Array)
#1 C:\laragon\www\taxi-sharing-2020\vendor\codeigniter4\framework\system\View\View.php(210): include('C:\\laragon\\www\\...')
#2 C:\laragon\www\taxi-sharing-2020\vendor\codeigniter4\framework\system\View\View.php(213): CodeIgniter\View\View->CodeIgniter\View\{closure}()
#3 C:\laragon\www\taxi-sharing-2020\vendor\codeigniter4\framework\system\Common.php(1089): CodeIgniter\View\View->render('customer/histor...', Array, true)
#4 C:\laragon\www\taxi-sharing-2020\app\Controllers\Customer\Order.php(145): view('customer/histor...', Array)
#5 C:\laragon\www\taxi-sharing-2020\vendor\codeigniter4\framework\system\CodeIgniter.php(825): App\Controllers\Customer\Order->detail_history('LEXDXENre9')
#6 C:\laragon\www\taxi-sharing-2020\vendor\codeigniter4\framework\system\CodeIgniter.php(412): CodeIgniter\CodeIgniter->runController(Object(App\Controllers\Customer\Order))
#7 C:\laragon\www\taxi-sharing-2020\vendor\codeigniter4\framework\system\CodeIgniter.php(320): CodeIgniter\CodeIgniter->handleRequest(NULL, Object(Config\Cache), false)
#8 C:\laragon\www\taxi-sharing-2020\public\index.php(37): CodeIgniter\CodeIgniter->run()
#9 C:\laragon\www\taxi-sharing-2020\vendor\codeigniter4\framework\system\Commands\Server\rewrite.php(43): require_once('C:\\laragon\\www\\...')
#10 {main}
CRITICAL - 2022-02-07 02:22:44 --> Trying to get property 'id_pengantaran' of non-object
#0 C:\laragon\www\taxi-sharing-2020\app\Views\customer\history\detail.php(19): CodeIgniter\Debug\Exceptions->errorHandler(8, 'Trying to get p...', 'C:\\laragon\\www\\...', 19, Array)
#1 C:\laragon\www\taxi-sharing-2020\vendor\codeigniter4\framework\system\View\View.php(210): include('C:\\laragon\\www\\...')
#2 C:\laragon\www\taxi-sharing-2020\vendor\codeigniter4\framework\system\View\View.php(213): CodeIgniter\View\View->CodeIgniter\View\{closure}()
#3 C:\laragon\www\taxi-sharing-2020\vendor\codeigniter4\framework\system\Common.php(1089): CodeIgniter\View\View->render('customer/histor...', Array, true)
#4 C:\laragon\www\taxi-sharing-2020\app\Controllers\Customer\Order.php(145): view('customer/histor...', Array)
#5 C:\laragon\www\taxi-sharing-2020\vendor\codeigniter4\framework\system\CodeIgniter.php(825): App\Controllers\Customer\Order->detail_history('assets', 'img', 'illustrations', 'category-bg.png')
#6 C:\laragon\www\taxi-sharing-2020\vendor\codeigniter4\framework\system\CodeIgniter.php(412): CodeIgniter\CodeIgniter->runController(Object(App\Controllers\Customer\Order))
#7 C:\laragon\www\taxi-sharing-2020\vendor\codeigniter4\framework\system\CodeIgniter.php(320): CodeIgniter\CodeIgniter->handleRequest(NULL, Object(Config\Cache), false)
#8 C:\laragon\www\taxi-sharing-2020\public\index.php(37): CodeIgniter\CodeIgniter->run()
#9 C:\laragon\www\taxi-sharing-2020\vendor\codeigniter4\framework\system\Commands\Server\rewrite.php(43): require_once('C:\\laragon\\www\\...')
#10 {main}
CRITICAL - 2022-02-07 02:23:16 --> Trying to get property 'id_pengantaran' of non-object
#0 C:\laragon\www\taxi-sharing-2020\app\Views\customer\history\detail.php(19): CodeIgniter\Debug\Exceptions->errorHandler(8, 'Trying to get p...', 'C:\\laragon\\www\\...', 19, Array)
#1 C:\laragon\www\taxi-sharing-2020\vendor\codeigniter4\framework\system\View\View.php(210): include('C:\\laragon\\www\\...')
#2 C:\laragon\www\taxi-sharing-2020\vendor\codeigniter4\framework\system\View\View.php(213): CodeIgniter\View\View->CodeIgniter\View\{closure}()
#3 C:\laragon\www\taxi-sharing-2020\vendor\codeigniter4\framework\system\Common.php(1089): CodeIgniter\View\View->render('customer/histor...', Array, true)
#4 C:\laragon\www\taxi-sharing-2020\app\Controllers\Customer\Order.php(145): view('customer/histor...', Array)
#5 C:\laragon\www\taxi-sharing-2020\vendor\codeigniter4\framework\system\CodeIgniter.php(825): App\Controllers\Customer\Order->detail_history('assets', 'img', 'illustrations', 'category-bg.png')
#6 C:\laragon\www\taxi-sharing-2020\vendor\codeigniter4\framework\system\CodeIgniter.php(412): CodeIgniter\CodeIgniter->runController(Object(App\Controllers\Customer\Order))
#7 C:\laragon\www\taxi-sharing-2020\vendor\codeigniter4\framework\system\CodeIgniter.php(320): CodeIgniter\CodeIgniter->handleRequest(NULL, Object(Config\Cache), false)
#8 C:\laragon\www\taxi-sharing-2020\public\index.php(37): CodeIgniter\CodeIgniter->run()
#9 C:\laragon\www\taxi-sharing-2020\vendor\codeigniter4\framework\system\Commands\Server\rewrite.php(43): require_once('C:\\laragon\\www\\...')
#10 {main}
CRITICAL - 2022-02-07 02:23:50 --> Trying to get property 'id_pengantaran' of non-object
#0 C:\laragon\www\taxi-sharing-2020\app\Views\customer\history\detail.php(19): CodeIgniter\Debug\Exceptions->errorHandler(8, 'Trying to get p...', 'C:\\laragon\\www\\...', 19, Array)
#1 C:\laragon\www\taxi-sharing-2020\vendor\codeigniter4\framework\system\View\View.php(210): include('C:\\laragon\\www\\...')
#2 C:\laragon\www\taxi-sharing-2020\vendor\codeigniter4\framework\system\View\View.php(213): CodeIgniter\View\View->CodeIgniter\View\{closure}()
#3 C:\laragon\www\taxi-sharing-2020\vendor\codeigniter4\framework\system\Common.php(1089): CodeIgniter\View\View->render('customer/histor...', Array, true)
#4 C:\laragon\www\taxi-sharing-2020\app\Controllers\Customer\Order.php(145): view('customer/histor...', Array)
#5 C:\laragon\www\taxi-sharing-2020\vendor\codeigniter4\framework\system\CodeIgniter.php(825): App\Controllers\Customer\Order->detail_history('assets', 'img', 'illustrations', 'category-bg.png')
#6 C:\laragon\www\taxi-sharing-2020\vendor\codeigniter4\framework\system\CodeIgniter.php(412): CodeIgniter\CodeIgniter->runController(Object(App\Controllers\Customer\Order))
#7 C:\laragon\www\taxi-sharing-2020\vendor\codeigniter4\framework\system\CodeIgniter.php(320): CodeIgniter\CodeIgniter->handleRequest(NULL, Object(Config\Cache), false)
#8 C:\laragon\www\taxi-sharing-2020\public\index.php(37): CodeIgniter\CodeIgniter->run()
#9 C:\laragon\www\taxi-sharing-2020\vendor\codeigniter4\framework\system\Commands\Server\rewrite.php(43): require_once('C:\\laragon\\www\\...')
#10 {main}
CRITICAL - 2022-02-07 02:25:06 --> Trying to get property 'id_pengantaran' of non-object
#0 C:\laragon\www\taxi-sharing-2020\app\Views\customer\history\detail.php(19): CodeIgniter\Debug\Exceptions->errorHandler(8, 'Trying to get p...', 'C:\\laragon\\www\\...', 19, Array)
#1 C:\laragon\www\taxi-sharing-2020\vendor\codeigniter4\framework\system\View\View.php(210): include('C:\\laragon\\www\\...')
#2 C:\laragon\www\taxi-sharing-2020\vendor\codeigniter4\framework\system\View\View.php(213): CodeIgniter\View\View->CodeIgniter\View\{closure}()
#3 C:\laragon\www\taxi-sharing-2020\vendor\codeigniter4\framework\system\Common.php(1089): CodeIgniter\View\View->render('customer/histor...', Array, true)
#4 C:\laragon\www\taxi-sharing-2020\app\Controllers\Customer\Order.php(145): view('customer/histor...', Array)
#5 C:\laragon\www\taxi-sharing-2020\vendor\codeigniter4\framework\system\CodeIgniter.php(825): App\Controllers\Customer\Order->detail_history('assets', 'img', 'illustrations', 'category-bg.png')
#6 C:\laragon\www\taxi-sharing-2020\vendor\codeigniter4\framework\system\CodeIgniter.php(412): CodeIgniter\CodeIgniter->runController(Object(App\Controllers\Customer\Order))
#7 C:\laragon\www\taxi-sharing-2020\vendor\codeigniter4\framework\system\CodeIgniter.php(320): CodeIgniter\CodeIgniter->handleRequest(NULL, Object(Config\Cache), false)
#8 C:\laragon\www\taxi-sharing-2020\public\index.php(37): CodeIgniter\CodeIgniter->run()
#9 C:\laragon\www\taxi-sharing-2020\vendor\codeigniter4\framework\system\Commands\Server\rewrite.php(43): require_once('C:\\laragon\\www\\...')
#10 {main}
CRITICAL - 2022-02-07 02:25:40 --> Trying to get property 'id_pengantaran' of non-object
#0 C:\laragon\www\taxi-sharing-2020\app\Views\customer\history\detail.php(19): CodeIgniter\Debug\Exceptions->errorHandler(8, 'Trying to get p...', 'C:\\laragon\\www\\...', 19, Array)
#1 C:\laragon\www\taxi-sharing-2020\vendor\codeigniter4\framework\system\View\View.php(210): include('C:\\laragon\\www\\...')
#2 C:\laragon\www\taxi-sharing-2020\vendor\codeigniter4\framework\system\View\View.php(213): CodeIgniter\View\View->CodeIgniter\View\{closure}()
#3 C:\laragon\www\taxi-sharing-2020\vendor\codeigniter4\framework\system\Common.php(1089): CodeIgniter\View\View->render('customer/histor...', Array, true)
#4 C:\laragon\www\taxi-sharing-2020\app\Controllers\Customer\Order.php(145): view('customer/histor...', Array)
#5 C:\laragon\www\taxi-sharing-2020\vendor\codeigniter4\framework\system\CodeIgniter.php(825): App\Controllers\Customer\Order->detail_history('assets', 'img', 'illustrations', 'category-bg.png')
#6 C:\laragon\www\taxi-sharing-2020\vendor\codeigniter4\framework\system\CodeIgniter.php(412): CodeIgniter\CodeIgniter->runController(Object(App\Controllers\Customer\Order))
#7 C:\laragon\www\taxi-sharing-2020\vendor\codeigniter4\framework\system\CodeIgniter.php(320): CodeIgniter\CodeIgniter->handleRequest(NULL, Object(Config\Cache), false)
#8 C:\laragon\www\taxi-sharing-2020\public\index.php(37): CodeIgniter\CodeIgniter->run()
#9 C:\laragon\www\taxi-sharing-2020\vendor\codeigniter4\framework\system\Commands\Server\rewrite.php(43): require_once('C:\\laragon\\www\\...')
#10 {main}
CRITICAL - 2022-02-07 02:25:46 --> Trying to get property 'id_pengantaran' of non-object
#0 C:\laragon\www\taxi-sharing-2020\app\Views\customer\history\detail.php(19): CodeIgniter\Debug\Exceptions->errorHandler(8, 'Trying to get p...', 'C:\\laragon\\www\\...', 19, Array)
#1 C:\laragon\www\taxi-sharing-2020\vendor\codeigniter4\framework\system\View\View.php(210): include('C:\\laragon\\www\\...')
#2 C:\laragon\www\taxi-sharing-2020\vendor\codeigniter4\framework\system\View\View.php(213): CodeIgniter\View\View->CodeIgniter\View\{closure}()
#3 C:\laragon\www\taxi-sharing-2020\vendor\codeigniter4\framework\system\Common.php(1089): CodeIgniter\View\View->render('customer/histor...', Array, true)
#4 C:\laragon\www\taxi-sharing-2020\app\Controllers\Customer\Order.php(145): view('customer/histor...', Array)
#5 C:\laragon\www\taxi-sharing-2020\vendor\codeigniter4\framework\system\CodeIgniter.php(825): App\Controllers\Customer\Order->detail_history('assets', 'img', 'illustrations', 'category-bg.png')
#6 C:\laragon\www\taxi-sharing-2020\vendor\codeigniter4\framework\system\CodeIgniter.php(412): CodeIgniter\CodeIgniter->runController(Object(App\Controllers\Customer\Order))
#7 C:\laragon\www\taxi-sharing-2020\vendor\codeigniter4\framework\system\CodeIgniter.php(320): CodeIgniter\CodeIgniter->handleRequest(NULL, Object(Config\Cache), false)
#8 C:\laragon\www\taxi-sharing-2020\public\index.php(37): CodeIgniter\CodeIgniter->run()
#9 C:\laragon\www\taxi-sharing-2020\vendor\codeigniter4\framework\system\Commands\Server\rewrite.php(43): require_once('C:\\laragon\\www\\...')
#10 {main}
CRITICAL - 2022-02-07 02:26:32 --> Trying to get property 'id_pengantaran' of non-object
#0 C:\laragon\www\taxi-sharing-2020\app\Views\customer\history\detail.php(19): CodeIgniter\Debug\Exceptions->errorHandler(8, 'Trying to get p...', 'C:\\laragon\\www\\...', 19, Array)
#1 C:\laragon\www\taxi-sharing-2020\vendor\codeigniter4\framework\system\View\View.php(210): include('C:\\laragon\\www\\...')
#2 C:\laragon\www\taxi-sharing-2020\vendor\codeigniter4\framework\system\View\View.php(213): CodeIgniter\View\View->CodeIgniter\View\{closure}()
#3 C:\laragon\www\taxi-sharing-2020\vendor\codeigniter4\framework\system\Common.php(1089): CodeIgniter\View\View->render('customer/histor...', Array, true)
#4 C:\laragon\www\taxi-sharing-2020\app\Controllers\Customer\Order.php(145): view('customer/histor...', Array)
#5 C:\laragon\www\taxi-sharing-2020\vendor\codeigniter4\framework\system\CodeIgniter.php(825): App\Controllers\Customer\Order->detail_history('assets', 'img', 'illustrations', 'category-bg.png')
#6 C:\laragon\www\taxi-sharing-2020\vendor\codeigniter4\framework\system\CodeIgniter.php(412): CodeIgniter\CodeIgniter->runController(Object(App\Controllers\Customer\Order))
#7 C:\laragon\www\taxi-sharing-2020\vendor\codeigniter4\framework\system\CodeIgniter.php(320): CodeIgniter\CodeIgniter->handleRequest(NULL, Object(Config\Cache), false)
#8 C:\laragon\www\taxi-sharing-2020\public\index.php(37): CodeIgniter\CodeIgniter->run()
#9 C:\laragon\www\taxi-sharing-2020\vendor\codeigniter4\framework\system\Commands\Server\rewrite.php(43): require_once('C:\\laragon\\www\\...')
#10 {main}
CRITICAL - 2022-02-07 02:26:46 --> Trying to get property 'id_pengantaran' of non-object
#0 C:\laragon\www\taxi-sharing-2020\app\Views\customer\history\detail.php(19): CodeIgniter\Debug\Exceptions->errorHandler(8, 'Trying to get p...', 'C:\\laragon\\www\\...', 19, Array)
#1 C:\laragon\www\taxi-sharing-2020\vendor\codeigniter4\framework\system\View\View.php(210): include('C:\\laragon\\www\\...')
#2 C:\laragon\www\taxi-sharing-2020\vendor\codeigniter4\framework\system\View\View.php(213): CodeIgniter\View\View->CodeIgniter\View\{closure}()
#3 C:\laragon\www\taxi-sharing-2020\vendor\codeigniter4\framework\system\Common.php(1089): CodeIgniter\View\View->render('customer/histor...', Array, true)
#4 C:\laragon\www\taxi-sharing-2020\app\Controllers\Customer\Order.php(145): view('customer/histor...', Array)
#5 C:\laragon\www\taxi-sharing-2020\vendor\codeigniter4\framework\system\CodeIgniter.php(825): App\Controllers\Customer\Order->detail_history('assets', 'img', 'illustrations', 'category-bg.png')
#6 C:\laragon\www\taxi-sharing-2020\vendor\codeigniter4\framework\system\CodeIgniter.php(412): CodeIgniter\CodeIgniter->runController(Object(App\Controllers\Customer\Order))
#7 C:\laragon\www\taxi-sharing-2020\vendor\codeigniter4\framework\system\CodeIgniter.php(320): CodeIgniter\CodeIgniter->handleRequest(NULL, Object(Config\Cache), false)
#8 C:\laragon\www\taxi-sharing-2020\public\index.php(37): CodeIgniter\CodeIgniter->run()
#9 C:\laragon\www\taxi-sharing-2020\vendor\codeigniter4\framework\system\Commands\Server\rewrite.php(43): require_once('C:\\laragon\\www\\...')
#10 {main}
CRITICAL - 2022-02-07 02:27:00 --> Trying to get property 'id_pengantaran' of non-object
#0 C:\laragon\www\taxi-sharing-2020\app\Views\customer\history\detail.php(19): CodeIgniter\Debug\Exceptions->errorHandler(8, 'Trying to get p...', 'C:\\laragon\\www\\...', 19, Array)
#1 C:\laragon\www\taxi-sharing-2020\vendor\codeigniter4\framework\system\View\View.php(210): include('C:\\laragon\\www\\...')
#2 C:\laragon\www\taxi-sharing-2020\vendor\codeigniter4\framework\system\View\View.php(213): CodeIgniter\View\View->CodeIgniter\View\{closure}()
#3 C:\laragon\www\taxi-sharing-2020\vendor\codeigniter4\framework\system\Common.php(1089): CodeIgniter\View\View->render('customer/histor...', Array, true)
#4 C:\laragon\www\taxi-sharing-2020\app\Controllers\Customer\Order.php(145): view('customer/histor...', Array)
#5 C:\laragon\www\taxi-sharing-2020\vendor\codeigniter4\framework\system\CodeIgniter.php(825): App\Controllers\Customer\Order->detail_history('assets', 'img', 'illustrations', 'category-bg.png')
#6 C:\laragon\www\taxi-sharing-2020\vendor\codeigniter4\framework\system\CodeIgniter.php(412): CodeIgniter\CodeIgniter->runController(Object(App\Controllers\Customer\Order))
#7 C:\laragon\www\taxi-sharing-2020\vendor\codeigniter4\framework\system\CodeIgniter.php(320): CodeIgniter\CodeIgniter->handleRequest(NULL, Object(Config\Cache), false)
#8 C:\laragon\www\taxi-sharing-2020\public\index.php(37): CodeIgniter\CodeIgniter->run()
#9 C:\laragon\www\taxi-sharing-2020\vendor\codeigniter4\framework\system\Commands\Server\rewrite.php(43): require_once('C:\\laragon\\www\\...')
#10 {main}
CRITICAL - 2022-02-07 02:27:11 --> Trying to get property 'id_pengantaran' of non-object
#0 C:\laragon\www\taxi-sharing-2020\app\Views\customer\history\detail.php(19): CodeIgniter\Debug\Exceptions->errorHandler(8, 'Trying to get p...', 'C:\\laragon\\www\\...', 19, Array)
#1 C:\laragon\www\taxi-sharing-2020\vendor\codeigniter4\framework\system\View\View.php(210): include('C:\\laragon\\www\\...')
#2 C:\laragon\www\taxi-sharing-2020\vendor\codeigniter4\framework\system\View\View.php(213): CodeIgniter\View\View->CodeIgniter\View\{closure}()
#3 C:\laragon\www\taxi-sharing-2020\vendor\codeigniter4\framework\system\Common.php(1089): CodeIgniter\View\View->render('customer/histor...', Array, true)
#4 C:\laragon\www\taxi-sharing-2020\app\Controllers\Customer\Order.php(145): view('customer/histor...', Array)
#5 C:\laragon\www\taxi-sharing-2020\vendor\codeigniter4\framework\system\CodeIgniter.php(825): App\Controllers\Customer\Order->detail_history('assets', 'img', 'illustrations', 'category-bg.png')
#6 C:\laragon\www\taxi-sharing-2020\vendor\codeigniter4\framework\system\CodeIgniter.php(412): CodeIgniter\CodeIgniter->runController(Object(App\Controllers\Customer\Order))
#7 C:\laragon\www\taxi-sharing-2020\vendor\codeigniter4\framework\system\CodeIgniter.php(320): CodeIgniter\CodeIgniter->handleRequest(NULL, Object(Config\Cache), false)
#8 C:\laragon\www\taxi-sharing-2020\public\index.php(37): CodeIgniter\CodeIgniter->run()
#9 C:\laragon\www\taxi-sharing-2020\vendor\codeigniter4\framework\system\Commands\Server\rewrite.php(43): require_once('C:\\laragon\\www\\...')
#10 {main}
CRITICAL - 2022-02-07 02:27:19 --> Trying to get property 'id_pengantaran' of non-object
#0 C:\laragon\www\taxi-sharing-2020\app\Views\customer\history\detail.php(19): CodeIgniter\Debug\Exceptions->errorHandler(8, 'Trying to get p...', 'C:\\laragon\\www\\...', 19, Array)
#1 C:\laragon\www\taxi-sharing-2020\vendor\codeigniter4\framework\system\View\View.php(210): include('C:\\laragon\\www\\...')
#2 C:\laragon\www\taxi-sharing-2020\vendor\codeigniter4\framework\system\View\View.php(213): CodeIgniter\View\View->CodeIgniter\View\{closure}()
#3 C:\laragon\www\taxi-sharing-2020\vendor\codeigniter4\framework\system\Common.php(1089): CodeIgniter\View\View->render('customer/histor...', Array, true)
#4 C:\laragon\www\taxi-sharing-2020\app\Controllers\Customer\Order.php(145): view('customer/histor...', Array)
#5 C:\laragon\www\taxi-sharing-2020\vendor\codeigniter4\framework\system\CodeIgniter.php(825): App\Controllers\Customer\Order->detail_history('assets', 'img', 'illustrations', 'category-bg.png')
#6 C:\laragon\www\taxi-sharing-2020\vendor\codeigniter4\framework\system\CodeIgniter.php(412): CodeIgniter\CodeIgniter->runController(Object(App\Controllers\Customer\Order))
#7 C:\laragon\www\taxi-sharing-2020\vendor\codeigniter4\framework\system\CodeIgniter.php(320): CodeIgniter\CodeIgniter->handleRequest(NULL, Object(Config\Cache), false)
#8 C:\laragon\www\taxi-sharing-2020\public\index.php(37): CodeIgniter\CodeIgniter->run()
#9 C:\laragon\www\taxi-sharing-2020\vendor\codeigniter4\framework\system\Commands\Server\rewrite.php(43): require_once('C:\\laragon\\www\\...')
#10 {main}
CRITICAL - 2022-02-07 02:37:12 --> file_get_contents(https://maps.google.com/maps/api/geocode/json?latlng=-0.044031,109.3426422&amp;key=AIzaSyBJkHXEVXBSLY7ExRcxoDxXzRYLJHg7qfI): failed to open stream: HTTP request failed!
#0 [internal function]: CodeIgniter\Debug\Exceptions->errorHandler(2, 'file_get_conten...', 'C:\\laragon\\www\\...', 54, Array)
#1 C:\laragon\www\taxi-sharing-2020\app\Controllers\Customer\Dashboard.php(54): file_get_contents('https://maps.go...')
#2 C:\laragon\www\taxi-sharing-2020\app\Views\customer\history\views.php(104): App\Controllers\Customer\Dashboard->getAddress('-0.044031', '109.3426422')
#3 C:\laragon\www\taxi-sharing-2020\vendor\codeigniter4\framework\system\View\View.php(210): include('C:\\laragon\\www\\...')
#4 C:\laragon\www\taxi-sharing-2020\vendor\codeigniter4\framework\system\View\View.php(213): CodeIgniter\View\View->CodeIgniter\View\{closure}()
#5 C:\laragon\www\taxi-sharing-2020\vendor\codeigniter4\framework\system\Common.php(1089): CodeIgniter\View\View->render('customer/histor...', Array, true)
#6 C:\laragon\www\taxi-sharing-2020\app\Controllers\Customer\Order.php(122): view('customer/histor...', Array)
#7 C:\laragon\www\taxi-sharing-2020\vendor\codeigniter4\framework\system\CodeIgniter.php(825): App\Controllers\Customer\Order->history()
#8 C:\laragon\www\taxi-sharing-2020\vendor\codeigniter4\framework\system\CodeIgniter.php(412): CodeIgniter\CodeIgniter->runController(Object(App\Controllers\Customer\Order))
#9 C:\laragon\www\taxi-sharing-2020\vendor\codeigniter4\framework\system\CodeIgniter.php(320): CodeIgniter\CodeIgniter->handleRequest(NULL, Object(Config\Cache), false)
#10 C:\laragon\www\taxi-sharing-2020\public\index.php(37): CodeIgniter\CodeIgniter->run()
#11 C:\laragon\www\taxi-sharing-2020\vendor\codeigniter4\framework\system\Commands\Server\rewrite.php(43): require_once('C:\\laragon\\www\\...')
#12 {main}
CRITICAL - 2022-02-07 02:37:29 --> file_get_contents(): SSL: The operation completed successfully.

#0 [internal function]: CodeIgniter\Debug\Exceptions->errorHandler(2, 'file_get_conten...', 'C:\\laragon\\www\\...', 73, Array)
#1 C:\laragon\www\taxi-sharing-2020\app\Controllers\Customer\Dashboard.php(73): file_get_contents('https://maps.go...')
#2 C:\laragon\www\taxi-sharing-2020\app\Views\customer\order\views.php(667): App\Controllers\Customer\Dashboard->distance_matrix_google('-0.0373792', '109.3315505', '-0.0276842', '109.3299919')
#3 C:\laragon\www\taxi-sharing-2020\vendor\codeigniter4\framework\system\View\View.php(210): include('C:\\laragon\\www\\...')
#4 C:\laragon\www\taxi-sharing-2020\vendor\codeigniter4\framework\system\View\View.php(213): CodeIgniter\View\View->CodeIgniter\View\{closure}()
#5 C:\laragon\www\taxi-sharing-2020\vendor\codeigniter4\framework\system\Common.php(1089): CodeIgniter\View\View->render('customer/order/...', Array, true)
#6 C:\laragon\www\taxi-sharing-2020\app\Controllers\Customer\Order.php(100): view('customer/order/...', Array)
#7 C:\laragon\www\taxi-sharing-2020\vendor\codeigniter4\framework\system\CodeIgniter.php(825): App\Controllers\Customer\Order->index()
#8 C:\laragon\www\taxi-sharing-2020\vendor\codeigniter4\framework\system\CodeIgniter.php(412): CodeIgniter\CodeIgniter->runController(Object(App\Controllers\Customer\Order))
#9 C:\laragon\www\taxi-sharing-2020\vendor\codeigniter4\framework\system\CodeIgniter.php(320): CodeIgniter\CodeIgniter->handleRequest(NULL, Object(Config\Cache), false)
#10 C:\laragon\www\taxi-sharing-2020\public\index.php(37): CodeIgniter\CodeIgniter->run()
#11 C:\laragon\www\taxi-sharing-2020\vendor\codeigniter4\framework\system\Commands\Server\rewrite.php(43): require_once('C:\\laragon\\www\\...')
#12 {main}
CRITICAL - 2022-02-07 02:38:00 --> file_get_contents(https://maps.googleapis.com/maps/api/distancematrix/json?departure_time=now&amp;destinations=-0.1467269%2C109.4043702&amp;origins=-0.0276842%2C109.3299919&amp;key=AIzaSyBJkHXEVXBSLY7ExRcxoDxXzRYLJHg7qfI): failed to open stream: HTTP request failed!
#0 [internal function]: CodeIgniter\Debug\Exceptions->errorHandler(2, 'file_get_conten...', 'C:\\laragon\\www\\...', 73, Array)
#1 C:\laragon\www\taxi-sharing-2020\app\Controllers\Customer\Dashboard.php(73): file_get_contents('https://maps.go...')
#2 C:\laragon\www\taxi-sharing-2020\app\Views\customer\order\views.php(668): App\Controllers\Customer\Dashboard->distance_matrix_google('-0.0276842', '109.3299919', '-0.1467269', '109.4043702')
#3 C:\laragon\www\taxi-sharing-2020\vendor\codeigniter4\framework\system\View\View.php(210): include('C:\\laragon\\www\\...')
#4 C:\laragon\www\taxi-sharing-2020\vendor\codeigniter4\framework\system\View\View.php(213): CodeIgniter\View\View->CodeIgniter\View\{closure}()
#5 C:\laragon\www\taxi-sharing-2020\vendor\codeigniter4\framework\system\Common.php(1089): CodeIgniter\View\View->render('customer/order/...', Array, true)
#6 C:\laragon\www\taxi-sharing-2020\app\Controllers\Customer\Order.php(100): view('customer/order/...', Array)
#7 C:\laragon\www\taxi-sharing-2020\vendor\codeigniter4\framework\system\CodeIgniter.php(825): App\Controllers\Customer\Order->index()
#8 C:\laragon\www\taxi-sharing-2020\vendor\codeigniter4\framework\system\CodeIgniter.php(412): CodeIgniter\CodeIgniter->runController(Object(App\Controllers\Customer\Order))
#9 C:\laragon\www\taxi-sharing-2020\vendor\codeigniter4\framework\system\CodeIgniter.php(320): CodeIgniter\CodeIgniter->handleRequest(NULL, Object(Config\Cache), false)
#10 C:\laragon\www\taxi-sharing-2020\public\index.php(37): CodeIgniter\CodeIgniter->run()
#11 C:\laragon\www\taxi-sharing-2020\vendor\codeigniter4\framework\system\Commands\Server\rewrite.php(43): require_once('C:\\laragon\\www\\...')
#12 {main}
CRITICAL - 2022-02-07 02:38:19 --> file_get_contents(): SSL: The operation completed successfully.

#0 [internal function]: CodeIgniter\Debug\Exceptions->errorHandler(2, 'file_get_conten...', 'C:\\laragon\\www\\...', 73, Array)
#1 C:\laragon\www\taxi-sharing-2020\app\Controllers\Customer\Dashboard.php(73): file_get_contents('https://maps.go...')
#2 C:\laragon\www\taxi-sharing-2020\app\Views\customer\order\views.php(668): App\Controllers\Customer\Dashboard->distance_matrix_google('-0.0276842', '109.3299919', '-0.1467269', '109.4043702')
#3 C:\laragon\www\taxi-sharing-2020\vendor\codeigniter4\framework\system\View\View.php(210): include('C:\\laragon\\www\\...')
#4 C:\laragon\www\taxi-sharing-2020\vendor\codeigniter4\framework\system\View\View.php(213): CodeIgniter\View\View->CodeIgniter\View\{closure}()
#5 C:\laragon\www\taxi-sharing-2020\vendor\codeigniter4\framework\system\Common.php(1089): CodeIgniter\View\View->render('customer/order/...', Array, true)
#6 C:\laragon\www\taxi-sharing-2020\app\Controllers\Customer\Order.php(100): view('customer/order/...', Array)
#7 C:\laragon\www\taxi-sharing-2020\vendor\codeigniter4\framework\system\CodeIgniter.php(825): App\Controllers\Customer\Order->index()
#8 C:\laragon\www\taxi-sharing-2020\vendor\codeigniter4\framework\system\CodeIgniter.php(412): CodeIgniter\CodeIgniter->runController(Object(App\Controllers\Customer\Order))
#9 C:\laragon\www\taxi-sharing-2020\vendor\codeigniter4\framework\system\CodeIgniter.php(320): CodeIgniter\CodeIgniter->handleRequest(NULL, Object(Config\Cache), false)
#10 C:\laragon\www\taxi-sharing-2020\public\index.php(37): CodeIgniter\CodeIgniter->run()
#11 C:\laragon\www\taxi-sharing-2020\vendor\codeigniter4\framework\system\Commands\Server\rewrite.php(43): require_once('C:\\laragon\\www\\...')
#12 {main}
CRITICAL - 2022-02-07 02:38:44 --> file_get_contents(): SSL: The operation completed successfully.

#0 [internal function]: CodeIgniter\Debug\Exceptions->errorHandler(2, 'file_get_conten...', 'C:\\laragon\\www\\...', 73, Array)
#1 C:\laragon\www\taxi-sharing-2020\app\Controllers\Customer\Dashboard.php(73): file_get_contents('https://maps.go...')
#2 C:\laragon\www\taxi-sharing-2020\app\Views\customer\order\views.php(669): App\Controllers\Customer\Dashboard->distance_matrix_google('-0.044031', '109.3426422', '-0.1467269', '109.4043702')
#3 C:\laragon\www\taxi-sharing-2020\vendor\codeigniter4\framework\system\View\View.php(210): include('C:\\laragon\\www\\...')
#4 C:\laragon\www\taxi-sharing-2020\vendor\codeigniter4\framework\system\View\View.php(213): CodeIgniter\View\View->CodeIgniter\View\{closure}()
#5 C:\laragon\www\taxi-sharing-2020\vendor\codeigniter4\framework\system\Common.php(1089): CodeIgniter\View\View->render('customer/order/...', Array, true)
#6 C:\laragon\www\taxi-sharing-2020\app\Controllers\Customer\Order.php(100): view('customer/order/...', Array)
#7 C:\laragon\www\taxi-sharing-2020\vendor\codeigniter4\framework\system\CodeIgniter.php(825): App\Controllers\Customer\Order->index()
#8 C:\laragon\www\taxi-sharing-2020\vendor\codeigniter4\framework\system\CodeIgniter.php(412): CodeIgniter\CodeIgniter->runController(Object(App\Controllers\Customer\Order))
#9 C:\laragon\www\taxi-sharing-2020\vendor\codeigniter4\framework\system\CodeIgniter.php(320): CodeIgniter\CodeIgniter->handleRequest(NULL, Object(Config\Cache), false)
#10 C:\laragon\www\taxi-sharing-2020\public\index.php(37): CodeIgniter\CodeIgniter->run()
#11 C:\laragon\www\taxi-sharing-2020\vendor\codeigniter4\framework\system\Commands\Server\rewrite.php(43): require_once('C:\\laragon\\www\\...')
#12 {main}
CRITICAL - 2022-02-07 02:42:04 --> Trying to get property 'id_pengantaran' of non-object
#0 C:\laragon\www\taxi-sharing-2020\app\Views\customer\history\detail.php(19): CodeIgniter\Debug\Exceptions->errorHandler(8, 'Trying to get p...', 'C:\\laragon\\www\\...', 19, Array)
#1 C:\laragon\www\taxi-sharing-2020\vendor\codeigniter4\framework\system\View\View.php(210): include('C:\\laragon\\www\\...')
#2 C:\laragon\www\taxi-sharing-2020\vendor\codeigniter4\framework\system\View\View.php(213): CodeIgniter\View\View->CodeIgniter\View\{closure}()
#3 C:\laragon\www\taxi-sharing-2020\vendor\codeigniter4\framework\system\Common.php(1089): CodeIgniter\View\View->render('customer/histor...', Array, true)
#4 C:\laragon\www\taxi-sharing-2020\app\Controllers\Customer\Order.php(145): view('customer/histor...', Array)
#5 C:\laragon\www\taxi-sharing-2020\vendor\codeigniter4\framework\system\CodeIgniter.php(825): App\Controllers\Customer\Order->detail_history('assets', 'img', 'illustrations', 'category-bg.png')
#6 C:\laragon\www\taxi-sharing-2020\vendor\codeigniter4\framework\system\CodeIgniter.php(412): CodeIgniter\CodeIgniter->runController(Object(App\Controllers\Customer\Order))
#7 C:\laragon\www\taxi-sharing-2020\vendor\codeigniter4\framework\system\CodeIgniter.php(320): CodeIgniter\CodeIgniter->handleRequest(NULL, Object(Config\Cache), false)
#8 C:\laragon\www\taxi-sharing-2020\public\index.php(37): CodeIgniter\CodeIgniter->run()
#9 C:\laragon\www\taxi-sharing-2020\vendor\codeigniter4\framework\system\Commands\Server\rewrite.php(43): require_once('C:\\laragon\\www\\...')
#10 {main}
CRITICAL - 2022-02-07 02:45:46 --> file_get_contents(): php_network_getaddresses: getaddrinfo failed: No such host is known. 
#0 [internal function]: CodeIgniter\Debug\Exceptions->errorHandler(2, 'file_get_conten...', 'C:\\laragon\\www\\...', 54, Array)
#1 C:\laragon\www\taxi-sharing-2020\app\Controllers\Customer\Dashboard.php(54): file_get_contents('https://maps.go...')
#2 C:\laragon\www\taxi-sharing-2020\app\Views\customer\order\views.php(643): App\Controllers\Customer\Dashboard->getAddress('-0.044031', '109.3426422')
#3 C:\laragon\www\taxi-sharing-2020\vendor\codeigniter4\framework\system\View\View.php(210): include('C:\\laragon\\www\\...')
#4 C:\laragon\www\taxi-sharing-2020\vendor\codeigniter4\framework\system\View\View.php(213): CodeIgniter\View\View->CodeIgniter\View\{closure}()
#5 C:\laragon\www\taxi-sharing-2020\vendor\codeigniter4\framework\system\Common.php(1089): CodeIgniter\View\View->render('customer/order/...', Array, true)
#6 C:\laragon\www\taxi-sharing-2020\app\Controllers\Customer\Order.php(100): view('customer/order/...', Array)
#7 C:\laragon\www\taxi-sharing-2020\vendor\codeigniter4\framework\system\CodeIgniter.php(825): App\Controllers\Customer\Order->index()
#8 C:\laragon\www\taxi-sharing-2020\vendor\codeigniter4\framework\system\CodeIgniter.php(412): CodeIgniter\CodeIgniter->runController(Object(App\Controllers\Customer\Order))
#9 C:\laragon\www\taxi-sharing-2020\vendor\codeigniter4\framework\system\CodeIgniter.php(320): CodeIgniter\CodeIgniter->handleRequest(NULL, Object(Config\Cache), false)
#10 C:\laragon\www\taxi-sharing-2020\public\index.php(37): CodeIgniter\CodeIgniter->run()
#11 C:\laragon\www\taxi-sharing-2020\vendor\codeigniter4\framework\system\Commands\Server\rewrite.php(43): require_once('C:\\laragon\\www\\...')
#12 {main}
